[0.006s] Invoking command in '/home/juchunyu/dog_ws/build/ego_planner': CMAKE_PREFIX_PATH=${CMAKE_PREFIX_PATH}:/opt/ros/jazzy DEBUGINFOD_URLS=https://debuginfod.ubuntu.com /usr/bin/cmake --build /home/juchunyu/dog_ws/build/ego_planner -- -j16 -l16
[0.050s] [  4%] Built target local_map
[0.050s] [  6%] Built target ego_planner__rosidl_generator_type_description
[0.056s] [  8%] Built target ament_cmake_python_copy_ego_planner
[0.056s] [ 10%] Built target path_searching
[0.057s] [ 19%] Built target bspline_opt
[0.064s] [ 30%] Built target ego_planner__rosidl_generator_c
[0.071s] [ 32%] Built target ego_planner__cpp
[0.076s] [ 36%] Built target ego_planner_lib
[0.079s] [ 50%] Built target ego_planner__rosidl_typesupport_introspection_c
[0.079s] [ 50%] Built target ego_planner__rosidl_typesupport_c
[0.082s] [ 56%] Built target ego_planner__rosidl_typesupport_fastrtps_c
[0.087s] [ 63%] Built target ego_planner__rosidl_typesupport_fastrtps_cpp
[0.092s] [ 69%] Built target ego_planner__rosidl_typesupport_cpp
[0.092s] [ 76%] Built target ego_planner__rosidl_typesupport_introspection_cpp
[0.111s] [ 76%] Built target ego_planner
[0.125s] [ 78%] [32mBuilding CXX object CMakeFiles/motion_plan.dir/src/trajectory_publisher.cpp.o[0m
[0.127s] [ 80%] Built target ego_planner__py
[0.145s] [ 84%] Built target ego_planner__rosidl_generator_py
[0.165s] [ 89%] Built target ego_planner_s__rosidl_typesupport_fastrtps_c
[0.165s] [ 93%] Built target ego_planner_s__rosidl_typesupport_c
[0.167s] [ 97%] Built target ego_planner_s__rosidl_typesupport_introspection_c
[0.209s] running egg_info
[0.220s] writing ego_planner.egg-info/PKG-INFO
[0.220s] writing dependency_links to ego_planner.egg-info/dependency_links.txt
[0.220s] writing top-level names to ego_planner.egg-info/top_level.txt
[0.252s] reading manifest file 'ego_planner.egg-info/SOURCES.txt'
[0.253s] writing manifest file 'ego_planner.egg-info/SOURCES.txt'
[0.274s] [ 97%] Built target ament_cmake_python_build_ego_planner_egg
[2.328s] In file included from [01m[K/home/juchunyu/dog_ws/src/EgoPlanner-ROS2/./planner/plan_manage/include/plan_manage/planner_interface.h:16[m[K,
[2.328s]                  from [01m[K/home/juchunyu/dog_ws/src/EgoPlanner-ROS2/include/trajectory_obstacles_publisher.h:48[m[K,
[2.329s]                  from [01m[K/home/juchunyu/dog_ws/src/EgoPlanner-ROS2/src/trajectory_publisher.cpp:6[m[K:
[2.329s] [01m[K/home/juchunyu/dog_ws/src/EgoPlanner-ROS2/./planner/include/Bspline.h:[m[K In function ‘[01m[Kstd::ostream& ego_planner::[01;32m[Koperator<<[m[K(std::ostream&, const Bspline_<ContainerAllocator>&)[m[K’:
[2.329s] [01m[K/home/juchunyu/dog_ws/src/EgoPlanner-ROS2/./planner/include/Bspline.h:88:1:[m[K [01;35m[Kwarning: [m[Kno return statement in function returning non-void [[01;35m[K]8;;https://gcc.gnu.org/onlinedocs/gcc/Warning-Options.html#index-Wreturn-type-Wreturn-type]8;;[m[K]
[2.329s]    88 | [01;35m[K}[m[K
[2.329s]       | [01;35m[K^[m[K
[25.508s] [100%] [32m[1mLinking CXX executable motion_plan[0m
[26.035s] [100%] Built target motion_plan
[26.046s] Invoked command in '/home/juchunyu/dog_ws/build/ego_planner' returned '0': CMAKE_PREFIX_PATH=${CMAKE_PREFIX_PATH}:/opt/ros/jazzy DEBUGINFOD_URLS=https://debuginfod.ubuntu.com /usr/bin/cmake --build /home/juchunyu/dog_ws/build/ego_planner -- -j16 -l16
[26.047s] Invoking command in '/home/juchunyu/dog_ws/build/ego_planner': CMAKE_PREFIX_PATH=${CMAKE_PREFIX_PATH}:/opt/ros/jazzy DEBUGINFOD_URLS=https://debuginfod.ubuntu.com /usr/bin/cmake --install /home/juchunyu/dog_ws/build/ego_planner
[26.056s] -- Install configuration: "Release"
[26.057s] -- Installing: /home/juchunyu/dog_ws/install/ego_planner/share/ament_index/resource_index/rosidl_interfaces/ego_planner
[26.057s] -- Installing: /home/juchunyu/dog_ws/install/ego_planner/share/ego_planner/msg/CurrentPose.json
[26.057s] -- Installing: /home/juchunyu/dog_ws/install/ego_planner/include/ego_planner/ego_planner
[26.057s] -- Installing: /home/juchunyu/dog_ws/install/ego_planner/include/ego_planner/ego_planner/msg
[26.057s] -- Installing: /home/juchunyu/dog_ws/install/ego_planner/include/ego_planner/ego_planner/msg/current_pose.h
[26.057s] -- Installing: /home/juchunyu/dog_ws/install/ego_planner/include/ego_planner/ego_planner/msg/detail
[26.058s] -- Installing: /home/juchunyu/dog_ws/install/ego_planner/include/ego_planner/ego_planner/msg/detail/current_pose__type_support.c
[26.058s] -- Installing: /home/juchunyu/dog_ws/install/ego_planner/include/ego_planner/ego_planner/msg/detail/current_pose__description.c
[26.058s] -- Installing: /home/juchunyu/dog_ws/install/ego_planner/include/ego_planner/ego_planner/msg/detail/current_pose__struct.h
[26.058s] -- Installing: /home/juchunyu/dog_ws/install/ego_planner/include/ego_planner/ego_planner/msg/detail/current_pose__functions.c
[26.058s] -- Installing: /home/juchunyu/dog_ws/install/ego_planner/include/ego_planner/ego_planner/msg/detail/current_pose__type_support.h
[26.058s] -- Installing: /home/juchunyu/dog_ws/install/ego_planner/include/ego_planner/ego_planner/msg/detail/current_pose__functions.h
[26.058s] -- Installing: /home/juchunyu/dog_ws/install/ego_planner/include/ego_planner/ego_planner/msg/rosidl_generator_c__visibility_control.h
[26.058s] -- Installing: /home/juchunyu/dog_ws/install/ego_planner/share/ego_planner/environment/library_path.sh
[26.059s] -- Installing: /home/juchunyu/dog_ws/install/ego_planner/share/ego_planner/environment/library_path.dsv
[26.059s] -- Installing: /home/juchunyu/dog_ws/install/ego_planner/lib/libego_planner__rosidl_generator_c.so
[26.059s] -- Set non-toolchain portion of runtime path of "/home/juchunyu/dog_ws/install/ego_planner/lib/libego_planner__rosidl_generator_c.so" to ""
[26.059s] -- Up-to-date: /home/juchunyu/dog_ws/install/ego_planner/include/ego_planner/ego_planner
[26.059s] -- Up-to-date: /home/juchunyu/dog_ws/install/ego_planner/include/ego_planner/ego_planner/msg
[26.060s] -- Installing: /home/juchunyu/dog_ws/install/ego_planner/include/ego_planner/ego_planner/msg/rosidl_typesupport_fastrtps_c__visibility_control.h
[26.060s] -- Up-to-date: /home/juchunyu/dog_ws/install/ego_planner/include/ego_planner/ego_planner/msg/detail
[26.060s] -- Installing: /home/juchunyu/dog_ws/install/ego_planner/include/ego_planner/ego_planner/msg/detail/current_pose__rosidl_typesupport_fastrtps_c.h
[26.060s] -- Installing: /home/juchunyu/dog_ws/install/ego_planner/lib/libego_planner__rosidl_typesupport_fastrtps_c.so
[26.060s] -- Set non-toolchain portion of runtime path of "/home/juchunyu/dog_ws/install/ego_planner/lib/libego_planner__rosidl_typesupport_fastrtps_c.so" to ""
[26.060s] -- Up-to-date: /home/juchunyu/dog_ws/install/ego_planner/include/ego_planner/ego_planner
[26.060s] -- Up-to-date: /home/juchunyu/dog_ws/install/ego_planner/include/ego_planner/ego_planner/msg
[26.060s] -- Installing: /home/juchunyu/dog_ws/install/ego_planner/include/ego_planner/ego_planner/msg/rosidl_generator_cpp__visibility_control.hpp
[26.061s] -- Up-to-date: /home/juchunyu/dog_ws/install/ego_planner/include/ego_planner/ego_planner/msg/detail
[26.061s] -- Installing: /home/juchunyu/dog_ws/install/ego_planner/include/ego_planner/ego_planner/msg/detail/current_pose__type_support.hpp
[26.061s] -- Installing: /home/juchunyu/dog_ws/install/ego_planner/include/ego_planner/ego_planner/msg/detail/current_pose__traits.hpp
[26.061s] -- Installing: /home/juchunyu/dog_ws/install/ego_planner/include/ego_planner/ego_planner/msg/detail/current_pose__struct.hpp
[26.061s] -- Installing: /home/juchunyu/dog_ws/install/ego_planner/include/ego_planner/ego_planner/msg/detail/current_pose__builder.hpp
[26.061s] -- Installing: /home/juchunyu/dog_ws/install/ego_planner/include/ego_planner/ego_planner/msg/current_pose.hpp
[26.061s] -- Up-to-date: /home/juchunyu/dog_ws/install/ego_planner/include/ego_planner/ego_planner
[26.061s] -- Up-to-date: /home/juchunyu/dog_ws/install/ego_planner/include/ego_planner/ego_planner/msg
[26.061s] -- Up-to-date: /home/juchunyu/dog_ws/install/ego_planner/include/ego_planner/ego_planner/msg/detail
[26.061s] -- Installing: /home/juchunyu/dog_ws/install/ego_planner/include/ego_planner/ego_planner/msg/detail/current_pose__rosidl_typesupport_fastrtps_cpp.hpp
[26.061s] -- Installing: /home/juchunyu/dog_ws/install/ego_planner/include/ego_planner/ego_planner/msg/detail/dds_fastrtps
[26.061s] -- Installing: /home/juchunyu/dog_ws/install/ego_planner/include/ego_planner/ego_planner/msg/rosidl_typesupport_fastrtps_cpp__visibility_control.h
[26.061s] -- Installing: /home/juchunyu/dog_ws/install/ego_planner/lib/libego_planner__rosidl_typesupport_fastrtps_cpp.so
[26.062s] -- Set non-toolchain portion of runtime path of "/home/juchunyu/dog_ws/install/ego_planner/lib/libego_planner__rosidl_typesupport_fastrtps_cpp.so" to ""
[26.062s] -- Up-to-date: /home/juchunyu/dog_ws/install/ego_planner/include/ego_planner/ego_planner
[26.062s] -- Up-to-date: /home/juchunyu/dog_ws/install/ego_planner/include/ego_planner/ego_planner/msg
[26.062s] -- Up-to-date: /home/juchunyu/dog_ws/install/ego_planner/include/ego_planner/ego_planner/msg/detail
[26.062s] -- Installing: /home/juchunyu/dog_ws/install/ego_planner/include/ego_planner/ego_planner/msg/detail/current_pose__type_support.c
[26.062s] -- Installing: /home/juchunyu/dog_ws/install/ego_planner/include/ego_planner/ego_planner/msg/detail/current_pose__rosidl_typesupport_introspection_c.h
[26.062s] -- Installing: /home/juchunyu/dog_ws/install/ego_planner/include/ego_planner/ego_planner/msg/rosidl_typesupport_introspection_c__visibility_control.h
[26.062s] -- Installing: /home/juchunyu/dog_ws/install/ego_planner/lib/libego_planner__rosidl_typesupport_introspection_c.so
[26.063s] -- Set non-toolchain portion of runtime path of "/home/juchunyu/dog_ws/install/ego_planner/lib/libego_planner__rosidl_typesupport_introspection_c.so" to ""
[26.063s] -- Installing: /home/juchunyu/dog_ws/install/ego_planner/lib/libego_planner__rosidl_typesupport_c.so
[26.063s] -- Set non-toolchain portion of runtime path of "/home/juchunyu/dog_ws/install/ego_planner/lib/libego_planner__rosidl_typesupport_c.so" to ""
[26.063s] -- Up-to-date: /home/juchunyu/dog_ws/install/ego_planner/include/ego_planner/ego_planner
[26.063s] -- Up-to-date: /home/juchunyu/dog_ws/install/ego_planner/include/ego_planner/ego_planner/msg
[26.063s] -- Up-to-date: /home/juchunyu/dog_ws/install/ego_planner/include/ego_planner/ego_planner/msg/detail
[26.063s] -- Installing: /home/juchunyu/dog_ws/install/ego_planner/include/ego_planner/ego_planner/msg/detail/current_pose__rosidl_typesupport_introspection_cpp.hpp
[26.063s] -- Installing: /home/juchunyu/dog_ws/install/ego_planner/include/ego_planner/ego_planner/msg/detail/current_pose__type_support.cpp
[26.063s] -- Installing: /home/juchunyu/dog_ws/install/ego_planner/lib/libego_planner__rosidl_typesupport_introspection_cpp.so
[26.064s] -- Set non-toolchain portion of runtime path of "/home/juchunyu/dog_ws/install/ego_planner/lib/libego_planner__rosidl_typesupport_introspection_cpp.so" to ""
[26.064s] -- Installing: /home/juchunyu/dog_ws/install/ego_planner/lib/libego_planner__rosidl_typesupport_cpp.so
[26.064s] -- Set non-toolchain portion of runtime path of "/home/juchunyu/dog_ws/install/ego_planner/lib/libego_planner__rosidl_typesupport_cpp.so" to ""
[26.064s] -- Installing: /home/juchunyu/dog_ws/install/ego_planner/share/ego_planner/environment/pythonpath.sh
[26.064s] -- Installing: /home/juchunyu/dog_ws/install/ego_planner/share/ego_planner/environment/pythonpath.dsv
[26.064s] -- Installing: /home/juchunyu/dog_ws/install/ego_planner/lib/python3.12/site-packages/ego_planner-0.0.0-py3.12.egg-info
[26.065s] -- Installing: /home/juchunyu/dog_ws/install/ego_planner/lib/python3.12/site-packages/ego_planner-0.0.0-py3.12.egg-info/dependency_links.txt
[26.065s] -- Installing: /home/juchunyu/dog_ws/install/ego_planner/lib/python3.12/site-packages/ego_planner-0.0.0-py3.12.egg-info/SOURCES.txt
[26.065s] -- Installing: /home/juchunyu/dog_ws/install/ego_planner/lib/python3.12/site-packages/ego_planner-0.0.0-py3.12.egg-info/top_level.txt
[26.065s] -- Installing: /home/juchunyu/dog_ws/install/ego_planner/lib/python3.12/site-packages/ego_planner-0.0.0-py3.12.egg-info/PKG-INFO
[26.065s] -- Installing: /home/juchunyu/dog_ws/install/ego_planner/lib/python3.12/site-packages/ego_planner
[26.065s] -- Installing: /home/juchunyu/dog_ws/install/ego_planner/lib/python3.12/site-packages/ego_planner/ego_planner_s__rosidl_typesupport_introspection_c.so
[26.065s] -- Installing: /home/juchunyu/dog_ws/install/ego_planner/lib/python3.12/site-packages/ego_planner/_ego_planner_s.ep.rosidl_typesupport_c.c
[26.065s] -- Installing: /home/juchunyu/dog_ws/install/ego_planner/lib/python3.12/site-packages/ego_planner/ego_planner_s__rosidl_typesupport_c.so
[26.065s] -- Installing: /home/juchunyu/dog_ws/install/ego_planner/lib/python3.12/site-packages/ego_planner/__init__.py
[26.065s] -- Installing: /home/juchunyu/dog_ws/install/ego_planner/lib/python3.12/site-packages/ego_planner/_ego_planner_s.ep.rosidl_typesupport_introspection_c.c
[26.066s] -- Installing: /home/juchunyu/dog_ws/install/ego_planner/lib/python3.12/site-packages/ego_planner/ego_planner_s__rosidl_typesupport_fastrtps_c.so
[26.066s] -- Installing: /home/juchunyu/dog_ws/install/ego_planner/lib/python3.12/site-packages/ego_planner/msg
[26.066s] -- Installing: /home/juchunyu/dog_ws/install/ego_planner/lib/python3.12/site-packages/ego_planner/msg/__init__.py
[26.066s] -- Installing: /home/juchunyu/dog_ws/install/ego_planner/lib/python3.12/site-packages/ego_planner/msg/_current_pose.py
[26.066s] -- Installing: /home/juchunyu/dog_ws/install/ego_planner/lib/python3.12/site-packages/ego_planner/msg/_current_pose_s.c
[26.066s] -- Installing: /home/juchunyu/dog_ws/install/ego_planner/lib/python3.12/site-packages/ego_planner/_ego_planner_s.ep.rosidl_typesupport_fastrtps_c.c
[26.094s] Listing '/home/juchunyu/dog_ws/install/ego_planner/lib/python3.12/site-packages/ego_planner'...
[26.094s] Compiling '/home/juchunyu/dog_ws/install/ego_planner/lib/python3.12/site-packages/ego_planner/__init__.py'...
[26.094s] Listing '/home/juchunyu/dog_ws/install/ego_planner/lib/python3.12/site-packages/ego_planner/msg'...
[26.094s] Compiling '/home/juchunyu/dog_ws/install/ego_planner/lib/python3.12/site-packages/ego_planner/msg/__init__.py'...
[26.094s] Compiling '/home/juchunyu/dog_ws/install/ego_planner/lib/python3.12/site-packages/ego_planner/msg/_current_pose.py'...
[26.097s] -- Installing: /home/juchunyu/dog_ws/install/ego_planner/lib/python3.12/site-packages/ego_planner/ego_planner_s__rosidl_typesupport_fastrtps_c.so
[26.097s] -- Set non-toolchain portion of runtime path of "/home/juchunyu/dog_ws/install/ego_planner/lib/python3.12/site-packages/ego_planner/ego_planner_s__rosidl_typesupport_fastrtps_c.so" to ""
[26.098s] -- Installing: /home/juchunyu/dog_ws/install/ego_planner/lib/python3.12/site-packages/ego_planner/ego_planner_s__rosidl_typesupport_introspection_c.so
[26.098s] -- Set non-toolchain portion of runtime path of "/home/juchunyu/dog_ws/install/ego_planner/lib/python3.12/site-packages/ego_planner/ego_planner_s__rosidl_typesupport_introspection_c.so" to ""
[26.098s] -- Installing: /home/juchunyu/dog_ws/install/ego_planner/lib/python3.12/site-packages/ego_planner/ego_planner_s__rosidl_typesupport_c.so
[26.098s] -- Set non-toolchain portion of runtime path of "/home/juchunyu/dog_ws/install/ego_planner/lib/python3.12/site-packages/ego_planner/ego_planner_s__rosidl_typesupport_c.so" to ""
[26.098s] -- Installing: /home/juchunyu/dog_ws/install/ego_planner/lib/libego_planner__rosidl_generator_py.so
[26.098s] -- Set non-toolchain portion of runtime path of "/home/juchunyu/dog_ws/install/ego_planner/lib/libego_planner__rosidl_generator_py.so" to ""
[26.098s] -- Installing: /home/juchunyu/dog_ws/install/ego_planner/share/ego_planner/msg/CurrentPose.idl
[26.098s] -- Installing: /home/juchunyu/dog_ws/install/ego_planner/share/ego_planner/msg/CurrentPose.msg
[26.099s] -- Installing: /home/juchunyu/dog_ws/install/ego_planner/lib/ego_planner/motion_plan
[26.133s] -- Set non-toolchain portion of runtime path of "/home/juchunyu/dog_ws/install/ego_planner/lib/ego_planner/motion_plan" to ""
[26.133s] -- Installing: /home/juchunyu/dog_ws/install/ego_planner/share/ament_index/resource_index/package_run_dependencies/ego_planner
[26.133s] -- Installing: /home/juchunyu/dog_ws/install/ego_planner/share/ament_index/resource_index/parent_prefix_path/ego_planner
[26.133s] -- Installing: /home/juchunyu/dog_ws/install/ego_planner/share/ego_planner/environment/ament_prefix_path.sh
[26.134s] -- Installing: /home/juchunyu/dog_ws/install/ego_planner/share/ego_planner/environment/ament_prefix_path.dsv
[26.134s] -- Installing: /home/juchunyu/dog_ws/install/ego_planner/share/ego_planner/environment/path.sh
[26.134s] -- Installing: /home/juchunyu/dog_ws/install/ego_planner/share/ego_planner/environment/path.dsv
[26.134s] -- Installing: /home/juchunyu/dog_ws/install/ego_planner/share/ego_planner/local_setup.bash
[26.134s] -- Installing: /home/juchunyu/dog_ws/install/ego_planner/share/ego_planner/local_setup.sh
[26.134s] -- Installing: /home/juchunyu/dog_ws/install/ego_planner/share/ego_planner/local_setup.zsh
[26.134s] -- Installing: /home/juchunyu/dog_ws/install/ego_planner/share/ego_planner/local_setup.dsv
[26.134s] -- Installing: /home/juchunyu/dog_ws/install/ego_planner/share/ego_planner/package.dsv
[26.134s] -- Installing: /home/juchunyu/dog_ws/install/ego_planner/share/ament_index/resource_index/packages/ego_planner
[26.134s] -- Installing: /home/juchunyu/dog_ws/install/ego_planner/share/ego_planner/cmake/export_ego_planner__rosidl_generator_cExport.cmake
[26.134s] -- Installing: /home/juchunyu/dog_ws/install/ego_planner/share/ego_planner/cmake/export_ego_planner__rosidl_generator_cExport-release.cmake
[26.134s] -- Installing: /home/juchunyu/dog_ws/install/ego_planner/share/ego_planner/cmake/export_ego_planner__rosidl_typesupport_fastrtps_cExport.cmake
[26.135s] -- Installing: /home/juchunyu/dog_ws/install/ego_planner/share/ego_planner/cmake/export_ego_planner__rosidl_typesupport_fastrtps_cExport-release.cmake
[26.135s] -- Installing: /home/juchunyu/dog_ws/install/ego_planner/share/ego_planner/cmake/export_ego_planner__rosidl_generator_cppExport.cmake
[26.135s] -- Installing: /home/juchunyu/dog_ws/install/ego_planner/share/ego_planner/cmake/export_ego_planner__rosidl_typesupport_fastrtps_cppExport.cmake
[26.135s] -- Installing: /home/juchunyu/dog_ws/install/ego_planner/share/ego_planner/cmake/export_ego_planner__rosidl_typesupport_fastrtps_cppExport-release.cmake
[26.135s] -- Installing: /home/juchunyu/dog_ws/install/ego_planner/share/ego_planner/cmake/ego_planner__rosidl_typesupport_introspection_cExport.cmake
[26.135s] -- Installing: /home/juchunyu/dog_ws/install/ego_planner/share/ego_planner/cmake/ego_planner__rosidl_typesupport_introspection_cExport-release.cmake
[26.135s] -- Installing: /home/juchunyu/dog_ws/install/ego_planner/share/ego_planner/cmake/ego_planner__rosidl_typesupport_cExport.cmake
[26.135s] -- Installing: /home/juchunyu/dog_ws/install/ego_planner/share/ego_planner/cmake/ego_planner__rosidl_typesupport_cExport-release.cmake
[26.135s] -- Installing: /home/juchunyu/dog_ws/install/ego_planner/share/ego_planner/cmake/ego_planner__rosidl_typesupport_introspection_cppExport.cmake
[26.135s] -- Installing: /home/juchunyu/dog_ws/install/ego_planner/share/ego_planner/cmake/ego_planner__rosidl_typesupport_introspection_cppExport-release.cmake
[26.135s] -- Installing: /home/juchunyu/dog_ws/install/ego_planner/share/ego_planner/cmake/ego_planner__rosidl_typesupport_cppExport.cmake
[26.136s] -- Installing: /home/juchunyu/dog_ws/install/ego_planner/share/ego_planner/cmake/ego_planner__rosidl_typesupport_cppExport-release.cmake
[26.136s] -- Installing: /home/juchunyu/dog_ws/install/ego_planner/share/ego_planner/cmake/export_ego_planner__rosidl_generator_pyExport.cmake
[26.136s] -- Installing: /home/juchunyu/dog_ws/install/ego_planner/share/ego_planner/cmake/export_ego_planner__rosidl_generator_pyExport-release.cmake
[26.136s] -- Installing: /home/juchunyu/dog_ws/install/ego_planner/share/ego_planner/cmake/rosidl_cmake-extras.cmake
[26.136s] -- Installing: /home/juchunyu/dog_ws/install/ego_planner/share/ego_planner/cmake/ament_cmake_export_dependencies-extras.cmake
[26.136s] -- Installing: /home/juchunyu/dog_ws/install/ego_planner/share/ego_planner/cmake/ament_cmake_export_include_directories-extras.cmake
[26.136s] -- Installing: /home/juchunyu/dog_ws/install/ego_planner/share/ego_planner/cmake/ament_cmake_export_libraries-extras.cmake
[26.136s] -- Installing: /home/juchunyu/dog_ws/install/ego_planner/share/ego_planner/cmake/ament_cmake_export_targets-extras.cmake
[26.136s] -- Installing: /home/juchunyu/dog_ws/install/ego_planner/share/ego_planner/cmake/rosidl_cmake_export_typesupport_targets-extras.cmake
[26.136s] -- Installing: /home/juchunyu/dog_ws/install/ego_planner/share/ego_planner/cmake/rosidl_cmake_export_typesupport_libraries-extras.cmake
[26.136s] -- Installing: /home/juchunyu/dog_ws/install/ego_planner/share/ego_planner/cmake/ego_plannerConfig.cmake
[26.136s] -- Installing: /home/juchunyu/dog_ws/install/ego_planner/share/ego_planner/cmake/ego_plannerConfig-version.cmake
[26.137s] -- Installing: /home/juchunyu/dog_ws/install/ego_planner/share/ego_planner/package.xml
[26.139s] Invoked command in '/home/juchunyu/dog_ws/build/ego_planner' returned '0': CMAKE_PREFIX_PATH=${CMAKE_PREFIX_PATH}:/opt/ros/jazzy DEBUGINFOD_URLS=https://debuginfod.ubuntu.com /usr/bin/cmake --install /home/juchunyu/dog_ws/build/ego_planner
