[0.015s] Invoking command in '/home/juchunyu/dog_ws/build/dog_control': CMAKE_PREFIX_PATH=${CMAKE_PREFIX_PATH}:/opt/ros/jazzy DEBUGINFOD_URLS=https://debuginfod.ubuntu.com /usr/bin/cmake --build /home/juchunyu/dog_ws/build/dog_control -- -j16 -l16
[0.077s] [ 25%] [32mBuilding CXX object CMakeFiles/dog_driver_node.dir/src/dog_driver_node.cpp.o[0m
[0.080s] [ 75%] Built target dog_keyboard_node
[1.604s] [01m[K/home/juchunyu/dog_ws/src/dog_control/src/dog_driver_node.cpp:[m[K In member function ‘[01m[Kvoid DogDriverNode::[01;32m[KgetRobotStateCallback[m[K()[m[K’:
[1.605s] [01m[K/home/juchunyu/dog_ws/src/dog_control/src/dog_driver_node.cpp:102:14:[m[K [01;35m[Kwarning: [m[Kunused variable ‘[01m[Kret[m[K’ [[01;35m[K]8;;https://gcc.gnu.org/onlinedocs/gcc/Warning-Options.html#index-Wunused-variable-Wunused-variable]8;;[m[K]
[1.605s]   102 |     uint32_t [01;35m[Kret[m[K = highlevel_->getBatteryPower();
[1.605s]       |              [01;35m[K^~~[m[K
[6.962s] [100%] [32m[1mLinking CXX executable dog_driver_node[0m
[7.256s] [100%] Built target dog_driver_node
[7.265s] Invoked command in '/home/juchunyu/dog_ws/build/dog_control' returned '0': CMAKE_PREFIX_PATH=${CMAKE_PREFIX_PATH}:/opt/ros/jazzy DEBUGINFOD_URLS=https://debuginfod.ubuntu.com /usr/bin/cmake --build /home/juchunyu/dog_ws/build/dog_control -- -j16 -l16
[7.266s] Invoking command in '/home/juchunyu/dog_ws/build/dog_control': CMAKE_PREFIX_PATH=${CMAKE_PREFIX_PATH}:/opt/ros/jazzy DEBUGINFOD_URLS=https://debuginfod.ubuntu.com /usr/bin/cmake --install /home/juchunyu/dog_ws/build/dog_control
[7.273s] -- Install configuration: ""
[7.274s] -- Installing: /home/juchunyu/dog_ws/install/dog_control/lib/dog_control/dog_driver_node
[7.279s] -- Set non-toolchain portion of runtime path of "/home/juchunyu/dog_ws/install/dog_control/lib/dog_control/dog_driver_node" to ""
[7.279s] -- Up-to-date: /home/juchunyu/dog_ws/install/dog_control/lib/dog_control/dog_keyboard_node
[7.279s] -- Up-to-date: /home/juchunyu/dog_ws/install/dog_control/share/dog_control/lib
[7.280s] -- Up-to-date: /home/juchunyu/dog_ws/install/dog_control/share/dog_control/lib/x86_64
[7.280s] -- Up-to-date: /home/juchunyu/dog_ws/install/dog_control/share/dog_control/lib/x86_64/mc_sdk_zsl_1_py.cpython-310-x86_64-linux-gnu.so
[7.280s] -- Up-to-date: /home/juchunyu/dog_ws/install/dog_control/share/dog_control/lib/x86_64/libmc_sdk_zsl_1_x86_64.so
[7.280s] -- Up-to-date: /home/juchunyu/dog_ws/install/dog_control/share/dog_control/lib/aarch64
[7.280s] -- Up-to-date: /home/juchunyu/dog_ws/install/dog_control/share/dog_control/lib/aarch64/libmc_sdk_zsl_1_aarch64.so
[7.280s] -- Up-to-date: /home/juchunyu/dog_ws/install/dog_control/share/dog_control/lib/aarch64/mc_sdk_zsl_1_py.cpython-310-aarch64-linux-gnu.so
[7.280s] -- Up-to-date: /home/juchunyu/dog_ws/install/dog_control/share/ament_index/resource_index/package_run_dependencies/dog_control
[7.280s] -- Up-to-date: /home/juchunyu/dog_ws/install/dog_control/share/ament_index/resource_index/parent_prefix_path/dog_control
[7.280s] -- Up-to-date: /home/juchunyu/dog_ws/install/dog_control/share/dog_control/environment/ament_prefix_path.sh
[7.280s] -- Up-to-date: /home/juchunyu/dog_ws/install/dog_control/share/dog_control/environment/ament_prefix_path.dsv
[7.280s] -- Up-to-date: /home/juchunyu/dog_ws/install/dog_control/share/dog_control/environment/path.sh
[7.281s] -- Up-to-date: /home/juchunyu/dog_ws/install/dog_control/share/dog_control/environment/path.dsv
[7.281s] -- Up-to-date: /home/juchunyu/dog_ws/install/dog_control/share/dog_control/local_setup.bash
[7.281s] -- Up-to-date: /home/juchunyu/dog_ws/install/dog_control/share/dog_control/local_setup.sh
[7.282s] -- Up-to-date: /home/juchunyu/dog_ws/install/dog_control/share/dog_control/local_setup.zsh
[7.282s] -- Up-to-date: /home/juchunyu/dog_ws/install/dog_control/share/dog_control/local_setup.dsv
[7.282s] -- Installing: /home/juchunyu/dog_ws/install/dog_control/share/dog_control/package.dsv
[7.282s] -- Up-to-date: /home/juchunyu/dog_ws/install/dog_control/share/ament_index/resource_index/packages/dog_control
[7.282s] -- Up-to-date: /home/juchunyu/dog_ws/install/dog_control/share/dog_control/cmake/dog_controlConfig.cmake
[7.282s] -- Up-to-date: /home/juchunyu/dog_ws/install/dog_control/share/dog_control/cmake/dog_controlConfig-version.cmake
[7.283s] -- Up-to-date: /home/juchunyu/dog_ws/install/dog_control/share/dog_control/package.xml
[7.283s] Invoked command in '/home/juchunyu/dog_ws/build/dog_control' returned '0': CMAKE_PREFIX_PATH=${CMAKE_PREFIX_PATH}:/opt/ros/jazzy DEBUGINFOD_URLS=https://debuginfod.ubuntu.com /usr/bin/cmake --install /home/juchunyu/dog_ws/build/dog_control
