[0.056s] DEBUG:colcon:Command line arguments: ['/usr/bin/colcon', 'build']
[0.056s] DEBUG:colcon:Parsed command line arguments: Namespace(log_base=None, log_level=None, verb_name='build', build_base='build', install_base='install', merge_install=False, symlink_install=False, test_result_base=None, continue_on_error=False, executor='parallel', parallel_workers=16, event_handlers=None, ignore_user_meta=False, metas=['./colcon.meta'], base_paths=['.'], packages_ignore=None, packages_ignore_regex=None, paths=None, packages_up_to=None, packages_up_to_regex=None, packages_above=None, packages_above_and_dependencies=None, packages_above_depth=None, packages_select_by_dep=None, packages_skip_by_dep=None, packages_skip_up_to=None, packages_select_build_failed=False, packages_skip_build_finished=False, packages_select_test_failures=False, packages_skip_test_passed=False, packages_select=None, packages_skip=None, packages_select_regex=None, packages_skip_regex=None, packages_start=None, packages_end=None, allow_overriding=[], cmake_args=None, cmake_target=None, cmake_target_skip_unavailable=False, cmake_clean_cache=False, cmake_clean_first=False, cmake_force_configure=False, ament_cmake_args=None, catkin_cmake_args=None, catkin_skip_building_tests=False, verb_parser=<colcon_defaults.argument_parser.defaults.DefaultArgumentsDecorator object at 0x79e9cbf606b0>, verb_extension=<colcon_core.verb.build.BuildVerb object at 0x79e9cbf08680>, main=<bound method BuildVerb.main of <colcon_core.verb.build.BuildVerb object at 0x79e9cbf08680>>)
[0.078s] Level 1:colcon.colcon_core.package_discovery:discover_packages(colcon_meta) check parameters
[0.078s] Level 1:colcon.colcon_core.package_discovery:discover_packages(recursive) check parameters
[0.078s] Level 1:colcon.colcon_core.package_discovery:discover_packages(ignore) check parameters
[0.078s] Level 1:colcon.colcon_core.package_discovery:discover_packages(path) check parameters
[0.078s] Level 1:colcon.colcon_core.package_discovery:discover_packages(colcon_meta) discover
[0.078s] Level 1:colcon.colcon_core.package_discovery:discover_packages(recursive) discover
[0.078s] INFO:colcon.colcon_core.package_discovery:Crawling recursively for packages in '/home/juchunyu/dog_ws'
[0.079s] Level 1:colcon.colcon_core.package_identification:_identify(.) by extensions ['ignore', 'ignore_ament_install']
[0.079s] Level 1:colcon.colcon_core.package_identification:_identify(.) by extension 'ignore'
[0.079s] Level 1:colcon.colcon_core.package_identification:_identify(.) by extension 'ignore_ament_install'
[0.079s] Level 1:colcon.colcon_core.package_identification:_identify(.) by extensions ['colcon_pkg']
[0.079s] Level 1:colcon.colcon_core.package_identification:_identify(.) by extension 'colcon_pkg'
[0.079s] Level 1:colcon.colcon_core.package_identification:_identify(.) by extensions ['colcon_meta']
[0.079s] Level 1:colcon.colcon_core.package_identification:_identify(.) by extension 'colcon_meta'
[0.079s] Level 1:colcon.colcon_core.package_identification:_identify(.) by extensions ['ros']
[0.079s] Level 1:colcon.colcon_core.package_identification:_identify(.) by extension 'ros'
[0.093s] Level 1:colcon.colcon_core.package_identification:_identify(.) by extensions ['cmake', 'python']
[0.094s] Level 1:colcon.colcon_core.package_identification:_identify(.) by extension 'cmake'
[0.094s] Level 1:colcon.colcon_core.package_identification:_identify(.) by extension 'python'
[0.094s] Level 1:colcon.colcon_core.package_identification:_identify(.) by extensions ['python_setup_py']
[0.094s] Level 1:colcon.colcon_core.package_identification:_identify(.) by extension 'python_setup_py'
[0.094s] Level 1:colcon.colcon_core.package_identification:_identify(build) by extensions ['ignore', 'ignore_ament_install']
[0.094s] Level 1:colcon.colcon_core.package_identification:_identify(build) by extension 'ignore'
[0.094s] Level 1:colcon.colcon_core.package_identification:_identify(build) ignored
[0.094s] Level 1:colcon.colcon_core.package_identification:_identify(install) by extensions ['ignore', 'ignore_ament_install']
[0.094s] Level 1:colcon.colcon_core.package_identification:_identify(install) by extension 'ignore'
[0.094s] Level 1:colcon.colcon_core.package_identification:_identify(install) ignored
[0.094s] Level 1:colcon.colcon_core.package_identification:_identify(log) by extensions ['ignore', 'ignore_ament_install']
[0.094s] Level 1:colcon.colcon_core.package_identification:_identify(log) by extension 'ignore'
[0.094s] Level 1:colcon.colcon_core.package_identification:_identify(log) ignored
[0.094s] Level 1:colcon.colcon_core.package_identification:_identify(src) by extensions ['ignore', 'ignore_ament_install']
[0.094s] Level 1:colcon.colcon_core.package_identification:_identify(src) by extension 'ignore'
[0.094s] Level 1:colcon.colcon_core.package_identification:_identify(src) by extension 'ignore_ament_install'
[0.094s] Level 1:colcon.colcon_core.package_identification:_identify(src) by extensions ['colcon_pkg']
[0.094s] Level 1:colcon.colcon_core.package_identification:_identify(src) by extension 'colcon_pkg'
[0.094s] Level 1:colcon.colcon_core.package_identification:_identify(src) by extensions ['colcon_meta']
[0.094s] Level 1:colcon.colcon_core.package_identification:_identify(src) by extension 'colcon_meta'
[0.094s] Level 1:colcon.colcon_core.package_identification:_identify(src) by extensions ['ros']
[0.094s] Level 1:colcon.colcon_core.package_identification:_identify(src) by extension 'ros'
[0.094s] Level 1:colcon.colcon_core.package_identification:_identify(src) by extensions ['cmake', 'python']
[0.094s] Level 1:colcon.colcon_core.package_identification:_identify(src) by extension 'cmake'
[0.094s] Level 1:colcon.colcon_core.package_identification:_identify(src) by extension 'python'
[0.094s] Level 1:colcon.colcon_core.package_identification:_identify(src) by extensions ['python_setup_py']
[0.094s] Level 1:colcon.colcon_core.package_identification:_identify(src) by extension 'python_setup_py'
[0.094s] Level 1:colcon.colcon_core.package_identification:_identify(src/EgoPlanner-ROS2) by extensions ['ignore', 'ignore_ament_install']
[0.094s] Level 1:colcon.colcon_core.package_identification:_identify(src/EgoPlanner-ROS2) by extension 'ignore'
[0.095s] Level 1:colcon.colcon_core.package_identification:_identify(src/EgoPlanner-ROS2) by extension 'ignore_ament_install'
[0.095s] Level 1:colcon.colcon_core.package_identification:_identify(src/EgoPlanner-ROS2) by extensions ['colcon_pkg']
[0.095s] Level 1:colcon.colcon_core.package_identification:_identify(src/EgoPlanner-ROS2) by extension 'colcon_pkg'
[0.095s] Level 1:colcon.colcon_core.package_identification:_identify(src/EgoPlanner-ROS2) by extensions ['colcon_meta']
[0.095s] Level 1:colcon.colcon_core.package_identification:_identify(src/EgoPlanner-ROS2) by extension 'colcon_meta'
[0.095s] Level 1:colcon.colcon_core.package_identification:_identify(src/EgoPlanner-ROS2) by extensions ['ros']
[0.095s] Level 1:colcon.colcon_core.package_identification:_identify(src/EgoPlanner-ROS2) by extension 'ros'
[0.097s] DEBUG:colcon.colcon_core.package_identification:Package 'src/EgoPlanner-ROS2' with type 'ros.ament_cmake' and name 'ego_planner'
[0.097s] Level 1:colcon.colcon_core.package_identification:_identify(src/Teb_planner_standard) by extensions ['ignore', 'ignore_ament_install']
[0.097s] Level 1:colcon.colcon_core.package_identification:_identify(src/Teb_planner_standard) by extension 'ignore'
[0.097s] Level 1:colcon.colcon_core.package_identification:_identify(src/Teb_planner_standard) by extension 'ignore_ament_install'
[0.097s] Level 1:colcon.colcon_core.package_identification:_identify(src/Teb_planner_standard) by extensions ['colcon_pkg']
[0.097s] Level 1:colcon.colcon_core.package_identification:_identify(src/Teb_planner_standard) by extension 'colcon_pkg'
[0.097s] Level 1:colcon.colcon_core.package_identification:_identify(src/Teb_planner_standard) by extensions ['colcon_meta']
[0.097s] Level 1:colcon.colcon_core.package_identification:_identify(src/Teb_planner_standard) by extension 'colcon_meta'
[0.097s] Level 1:colcon.colcon_core.package_identification:_identify(src/Teb_planner_standard) by extensions ['ros']
[0.097s] Level 1:colcon.colcon_core.package_identification:_identify(src/Teb_planner_standard) by extension 'ros'
[0.097s] Level 1:colcon.colcon_core.package_identification:_identify(src/Teb_planner_standard) by extensions ['cmake', 'python']
[0.097s] Level 1:colcon.colcon_core.package_identification:_identify(src/Teb_planner_standard) by extension 'cmake'
[0.097s] Level 1:colcon.colcon_core.package_identification:_identify(src/Teb_planner_standard) by extension 'python'
[0.097s] Level 1:colcon.colcon_core.package_identification:_identify(src/Teb_planner_standard) by extensions ['python_setup_py']
[0.097s] Level 1:colcon.colcon_core.package_identification:_identify(src/Teb_planner_standard) by extension 'python_setup_py'
[0.097s] Level 1:colcon.colcon_core.package_identification:_identify(src/Teb_planner_standard/Teb_planner) by extensions ['ignore', 'ignore_ament_install']
[0.097s] Level 1:colcon.colcon_core.package_identification:_identify(src/Teb_planner_standard/Teb_planner) by extension 'ignore'
[0.097s] Level 1:colcon.colcon_core.package_identification:_identify(src/Teb_planner_standard/Teb_planner) by extension 'ignore_ament_install'
[0.097s] Level 1:colcon.colcon_core.package_identification:_identify(src/Teb_planner_standard/Teb_planner) by extensions ['colcon_pkg']
[0.097s] Level 1:colcon.colcon_core.package_identification:_identify(src/Teb_planner_standard/Teb_planner) by extension 'colcon_pkg'
[0.097s] Level 1:colcon.colcon_core.package_identification:_identify(src/Teb_planner_standard/Teb_planner) by extensions ['colcon_meta']
[0.097s] Level 1:colcon.colcon_core.package_identification:_identify(src/Teb_planner_standard/Teb_planner) by extension 'colcon_meta'
[0.097s] Level 1:colcon.colcon_core.package_identification:_identify(src/Teb_planner_standard/Teb_planner) by extensions ['ros']
[0.097s] Level 1:colcon.colcon_core.package_identification:_identify(src/Teb_planner_standard/Teb_planner) by extension 'ros'
[0.098s] DEBUG:colcon.colcon_core.package_identification:Package 'src/Teb_planner_standard/Teb_planner' with type 'ros.ament_cmake' and name 'teb_planner'
[0.098s] Level 1:colcon.colcon_core.package_identification:_identify(src/dog_control) by extensions ['ignore', 'ignore_ament_install']
[0.098s] Level 1:colcon.colcon_core.package_identification:_identify(src/dog_control) by extension 'ignore'
[0.098s] Level 1:colcon.colcon_core.package_identification:_identify(src/dog_control) by extension 'ignore_ament_install'
[0.098s] Level 1:colcon.colcon_core.package_identification:_identify(src/dog_control) by extensions ['colcon_pkg']
[0.098s] Level 1:colcon.colcon_core.package_identification:_identify(src/dog_control) by extension 'colcon_pkg'
[0.098s] Level 1:colcon.colcon_core.package_identification:_identify(src/dog_control) by extensions ['colcon_meta']
[0.098s] Level 1:colcon.colcon_core.package_identification:_identify(src/dog_control) by extension 'colcon_meta'
[0.098s] Level 1:colcon.colcon_core.package_identification:_identify(src/dog_control) by extensions ['ros']
[0.098s] Level 1:colcon.colcon_core.package_identification:_identify(src/dog_control) by extension 'ros'
[0.098s] DEBUG:colcon.colcon_core.package_identification:Package 'src/dog_control' with type 'ros.ament_cmake' and name 'dog_control'
[0.098s] Level 1:colcon.colcon_core.package_discovery:discover_packages(recursive) using defaults
[0.098s] Level 1:colcon.colcon_core.package_discovery:discover_packages(ignore) discover
[0.098s] Level 1:colcon.colcon_core.package_discovery:discover_packages(ignore) using defaults
[0.098s] Level 1:colcon.colcon_core.package_discovery:discover_packages(path) discover
[0.098s] Level 1:colcon.colcon_core.package_discovery:discover_packages(path) using defaults
[0.109s] Level 1:colcon.colcon_core.package_discovery:discover_packages(prefix_path) check parameters
[0.109s] Level 1:colcon.colcon_core.package_discovery:discover_packages(prefix_path) discover
[0.110s] DEBUG:colcon.colcon_installed_package_information.package_discovery:Found 3 installed packages in /home/juchunyu/dog_ws/install
[0.111s] DEBUG:colcon.colcon_installed_package_information.package_discovery:Found 347 installed packages in /opt/ros/jazzy
[0.111s] Level 1:colcon.colcon_core.package_discovery:discover_packages(prefix_path) using defaults
[0.142s] Level 5:colcon.colcon_core.verb:set package 'dog_control' build argument 'cmake_args' from command line to 'None'
[0.142s] Level 5:colcon.colcon_core.verb:set package 'dog_control' build argument 'cmake_target' from command line to 'None'
[0.142s] Level 5:colcon.colcon_core.verb:set package 'dog_control' build argument 'cmake_target_skip_unavailable' from command line to 'False'
[0.142s] Level 5:colcon.colcon_core.verb:set package 'dog_control' build argument 'cmake_clean_cache' from command line to 'False'
[0.142s] Level 5:colcon.colcon_core.verb:set package 'dog_control' build argument 'cmake_clean_first' from command line to 'False'
[0.142s] Level 5:colcon.colcon_core.verb:set package 'dog_control' build argument 'cmake_force_configure' from command line to 'False'
[0.142s] Level 5:colcon.colcon_core.verb:set package 'dog_control' build argument 'ament_cmake_args' from command line to 'None'
[0.142s] Level 5:colcon.colcon_core.verb:set package 'dog_control' build argument 'catkin_cmake_args' from command line to 'None'
[0.142s] Level 5:colcon.colcon_core.verb:set package 'dog_control' build argument 'catkin_skip_building_tests' from command line to 'False'
[0.142s] DEBUG:colcon.colcon_core.verb:Building package 'dog_control' with the following arguments: {'ament_cmake_args': None, 'build_base': '/home/juchunyu/dog_ws/build/dog_control', 'catkin_cmake_args': None, 'catkin_skip_building_tests': False, 'cmake_args': None, 'cmake_clean_cache': False, 'cmake_clean_first': False, 'cmake_force_configure': False, 'cmake_target': None, 'cmake_target_skip_unavailable': False, 'install_base': '/home/juchunyu/dog_ws/install/dog_control', 'merge_install': False, 'path': '/home/juchunyu/dog_ws/src/dog_control', 'symlink_install': False, 'test_result_base': None}
[0.143s] Level 5:colcon.colcon_core.verb:set package 'ego_planner' build argument 'cmake_args' from command line to 'None'
[0.143s] Level 5:colcon.colcon_core.verb:set package 'ego_planner' build argument 'cmake_target' from command line to 'None'
[0.143s] Level 5:colcon.colcon_core.verb:set package 'ego_planner' build argument 'cmake_target_skip_unavailable' from command line to 'False'
[0.143s] Level 5:colcon.colcon_core.verb:set package 'ego_planner' build argument 'cmake_clean_cache' from command line to 'False'
[0.143s] Level 5:colcon.colcon_core.verb:set package 'ego_planner' build argument 'cmake_clean_first' from command line to 'False'
[0.143s] Level 5:colcon.colcon_core.verb:set package 'ego_planner' build argument 'cmake_force_configure' from command line to 'False'
[0.143s] Level 5:colcon.colcon_core.verb:set package 'ego_planner' build argument 'ament_cmake_args' from command line to 'None'
[0.143s] Level 5:colcon.colcon_core.verb:set package 'ego_planner' build argument 'catkin_cmake_args' from command line to 'None'
[0.143s] Level 5:colcon.colcon_core.verb:set package 'ego_planner' build argument 'catkin_skip_building_tests' from command line to 'False'
[0.143s] DEBUG:colcon.colcon_core.verb:Building package 'ego_planner' with the following arguments: {'ament_cmake_args': None, 'build_base': '/home/juchunyu/dog_ws/build/ego_planner', 'catkin_cmake_args': None, 'catkin_skip_building_tests': False, 'cmake_args': None, 'cmake_clean_cache': False, 'cmake_clean_first': False, 'cmake_force_configure': False, 'cmake_target': None, 'cmake_target_skip_unavailable': False, 'install_base': '/home/juchunyu/dog_ws/install/ego_planner', 'merge_install': False, 'path': '/home/juchunyu/dog_ws/src/EgoPlanner-ROS2', 'symlink_install': False, 'test_result_base': None}
[0.143s] Level 5:colcon.colcon_core.verb:set package 'teb_planner' build argument 'cmake_args' from command line to 'None'
[0.143s] Level 5:colcon.colcon_core.verb:set package 'teb_planner' build argument 'cmake_target' from command line to 'None'
[0.143s] Level 5:colcon.colcon_core.verb:set package 'teb_planner' build argument 'cmake_target_skip_unavailable' from command line to 'False'
[0.143s] Level 5:colcon.colcon_core.verb:set package 'teb_planner' build argument 'cmake_clean_cache' from command line to 'False'
[0.143s] Level 5:colcon.colcon_core.verb:set package 'teb_planner' build argument 'cmake_clean_first' from command line to 'False'
[0.143s] Level 5:colcon.colcon_core.verb:set package 'teb_planner' build argument 'cmake_force_configure' from command line to 'False'
[0.143s] Level 5:colcon.colcon_core.verb:set package 'teb_planner' build argument 'ament_cmake_args' from command line to 'None'
[0.143s] Level 5:colcon.colcon_core.verb:set package 'teb_planner' build argument 'catkin_cmake_args' from command line to 'None'
[0.143s] Level 5:colcon.colcon_core.verb:set package 'teb_planner' build argument 'catkin_skip_building_tests' from command line to 'False'
[0.143s] DEBUG:colcon.colcon_core.verb:Building package 'teb_planner' with the following arguments: {'ament_cmake_args': None, 'build_base': '/home/juchunyu/dog_ws/build/teb_planner', 'catkin_cmake_args': None, 'catkin_skip_building_tests': False, 'cmake_args': None, 'cmake_clean_cache': False, 'cmake_clean_first': False, 'cmake_force_configure': False, 'cmake_target': None, 'cmake_target_skip_unavailable': False, 'install_base': '/home/juchunyu/dog_ws/install/teb_planner', 'merge_install': False, 'path': '/home/juchunyu/dog_ws/src/Teb_planner_standard/Teb_planner', 'symlink_install': False, 'test_result_base': None}
[0.143s] INFO:colcon.colcon_core.executor:Executing jobs using 'parallel' executor
[0.144s] DEBUG:colcon.colcon_parallel_executor.executor.parallel:run_until_complete
[0.144s] INFO:colcon.colcon_ros.task.ament_cmake.build:Building ROS package in '/home/juchunyu/dog_ws/src/dog_control' with build type 'ament_cmake'
[0.144s] INFO:colcon.colcon_cmake.task.cmake.build:Building CMake package in '/home/juchunyu/dog_ws/src/dog_control'
[0.145s] INFO:colcon.colcon_core.plugin_system:Skipping extension 'colcon_core.shell.bat': Not used on non-Windows systems
[0.145s] INFO:colcon.colcon_core.shell:Skip shell extension 'powershell' for command environment: Not usable outside of PowerShell
[0.145s] DEBUG:colcon.colcon_core.shell:Skip shell extension 'dsv' for command environment
[0.147s] INFO:colcon.colcon_ros.task.ament_cmake.build:Building ROS package in '/home/juchunyu/dog_ws/src/EgoPlanner-ROS2' with build type 'ament_cmake'
[0.147s] INFO:colcon.colcon_cmake.task.cmake.build:Building CMake package in '/home/juchunyu/dog_ws/src/EgoPlanner-ROS2'
[0.147s] INFO:colcon.colcon_core.shell:Skip shell extension 'powershell' for command environment: Not usable outside of PowerShell
[0.147s] DEBUG:colcon.colcon_core.shell:Skip shell extension 'dsv' for command environment
[0.149s] INFO:colcon.colcon_ros.task.ament_cmake.build:Building ROS package in '/home/juchunyu/dog_ws/src/Teb_planner_standard/Teb_planner' with build type 'ament_cmake'
[0.149s] INFO:colcon.colcon_cmake.task.cmake.build:Building CMake package in '/home/juchunyu/dog_ws/src/Teb_planner_standard/Teb_planner'
[0.149s] INFO:colcon.colcon_core.shell:Skip shell extension 'powershell' for command environment: Not usable outside of PowerShell
[0.149s] DEBUG:colcon.colcon_core.shell:Skip shell extension 'dsv' for command environment
[0.153s] DEBUG:colcon.colcon_core.event_handler.log_command:Invoking command in '/home/juchunyu/dog_ws/build/dog_control': CMAKE_PREFIX_PATH=${CMAKE_PREFIX_PATH}:/opt/ros/jazzy DEBUGINFOD_URLS=https://debuginfod.ubuntu.com /usr/bin/cmake --build /home/juchunyu/dog_ws/build/dog_control -- -j16 -l16
[0.156s] DEBUG:colcon.colcon_core.event_handler.log_command:Invoking command in '/home/juchunyu/dog_ws/build/ego_planner': CMAKE_PREFIX_PATH=${CMAKE_PREFIX_PATH}:/opt/ros/jazzy DEBUGINFOD_URLS=https://debuginfod.ubuntu.com /usr/bin/cmake --build /home/juchunyu/dog_ws/build/ego_planner -- -j16 -l16
[0.158s] DEBUG:colcon.colcon_core.event_handler.log_command:Invoking command in '/home/juchunyu/dog_ws/build/teb_planner': CMAKE_PREFIX_PATH=${CMAKE_PREFIX_PATH}:/opt/ros/jazzy DEBUGINFOD_URLS=https://debuginfod.ubuntu.com /usr/bin/cmake --build /home/juchunyu/dog_ws/build/teb_planner -- -j16 -l16
[0.214s] DEBUG:colcon.colcon_core.event_handler.log_command:Invoked command in '/home/juchunyu/dog_ws/build/dog_control' returned '0': CMAKE_PREFIX_PATH=${CMAKE_PREFIX_PATH}:/opt/ros/jazzy DEBUGINFOD_URLS=https://debuginfod.ubuntu.com /usr/bin/cmake --build /home/juchunyu/dog_ws/build/dog_control -- -j16 -l16
[0.222s] DEBUG:colcon.colcon_core.event_handler.log_command:Invoking command in '/home/juchunyu/dog_ws/build/dog_control': CMAKE_PREFIX_PATH=${CMAKE_PREFIX_PATH}:/opt/ros/jazzy DEBUGINFOD_URLS=https://debuginfod.ubuntu.com /usr/bin/cmake --install /home/juchunyu/dog_ws/build/dog_control
[0.231s] Level 1:colcon.colcon_core.environment:create_environment_scripts_only(dog_control)
[0.231s] DEBUG:colcon.colcon_core.event_handler.log_command:Invoked command in '/home/juchunyu/dog_ws/build/dog_control' returned '0': CMAKE_PREFIX_PATH=${CMAKE_PREFIX_PATH}:/opt/ros/jazzy DEBUGINFOD_URLS=https://debuginfod.ubuntu.com /usr/bin/cmake --install /home/juchunyu/dog_ws/build/dog_control
[0.233s] Level 1:colcon.colcon_core.environment:checking '/home/juchunyu/dog_ws/install/dog_control' for CMake module files
[0.234s] Level 1:colcon.colcon_core.environment:checking '/home/juchunyu/dog_ws/install/dog_control' for CMake config files
[0.234s] Level 1:colcon.colcon_core.shell:create_environment_hook('dog_control', 'cmake_prefix_path')
[0.234s] INFO:colcon.colcon_core.shell:Creating environment hook '/home/juchunyu/dog_ws/install/dog_control/share/dog_control/hook/cmake_prefix_path.ps1'
[0.234s] INFO:colcon.colcon_core.shell:Creating environment descriptor '/home/juchunyu/dog_ws/install/dog_control/share/dog_control/hook/cmake_prefix_path.dsv'
[0.235s] INFO:colcon.colcon_core.shell:Creating environment hook '/home/juchunyu/dog_ws/install/dog_control/share/dog_control/hook/cmake_prefix_path.sh'
[0.235s] Level 1:colcon.colcon_core.environment:checking '/home/juchunyu/dog_ws/install/dog_control/lib'
[0.235s] Level 1:colcon.colcon_core.environment:checking '/home/juchunyu/dog_ws/install/dog_control/bin'
[0.236s] Level 1:colcon.colcon_core.environment:checking '/home/juchunyu/dog_ws/install/dog_control/lib/pkgconfig/dog_control.pc'
[0.236s] Level 1:colcon.colcon_core.environment:checking '/home/juchunyu/dog_ws/install/dog_control/lib/python3.12/site-packages'
[0.236s] Level 1:colcon.colcon_core.environment:checking '/home/juchunyu/dog_ws/install/dog_control/bin'
[0.236s] INFO:colcon.colcon_core.shell:Creating package script '/home/juchunyu/dog_ws/install/dog_control/share/dog_control/package.ps1'
[0.237s] INFO:colcon.colcon_core.shell:Creating package descriptor '/home/juchunyu/dog_ws/install/dog_control/share/dog_control/package.dsv'
[0.237s] INFO:colcon.colcon_core.shell:Creating package script '/home/juchunyu/dog_ws/install/dog_control/share/dog_control/package.sh'
[0.237s] INFO:colcon.colcon_core.shell:Creating package script '/home/juchunyu/dog_ws/install/dog_control/share/dog_control/package.bash'
[0.237s] INFO:colcon.colcon_core.shell:Creating package script '/home/juchunyu/dog_ws/install/dog_control/share/dog_control/package.zsh'
[0.238s] Level 1:colcon.colcon_core.environment:create_file_with_runtime_dependencies(/home/juchunyu/dog_ws/install/dog_control/share/colcon-core/packages/dog_control)
[0.238s] Level 1:colcon.colcon_core.environment:create_environment_scripts_only(dog_control)
[0.238s] Level 1:colcon.colcon_core.environment:checking '/home/juchunyu/dog_ws/install/dog_control' for CMake module files
[0.239s] Level 1:colcon.colcon_core.environment:checking '/home/juchunyu/dog_ws/install/dog_control' for CMake config files
[0.239s] Level 1:colcon.colcon_core.shell:create_environment_hook('dog_control', 'cmake_prefix_path')
[0.239s] INFO:colcon.colcon_core.shell:Creating environment hook '/home/juchunyu/dog_ws/install/dog_control/share/dog_control/hook/cmake_prefix_path.ps1'
[0.239s] INFO:colcon.colcon_core.shell:Creating environment descriptor '/home/juchunyu/dog_ws/install/dog_control/share/dog_control/hook/cmake_prefix_path.dsv'
[0.239s] INFO:colcon.colcon_core.shell:Creating environment hook '/home/juchunyu/dog_ws/install/dog_control/share/dog_control/hook/cmake_prefix_path.sh'
[0.240s] Level 1:colcon.colcon_core.environment:checking '/home/juchunyu/dog_ws/install/dog_control/lib'
[0.240s] Level 1:colcon.colcon_core.environment:checking '/home/juchunyu/dog_ws/install/dog_control/bin'
[0.240s] Level 1:colcon.colcon_core.environment:checking '/home/juchunyu/dog_ws/install/dog_control/lib/pkgconfig/dog_control.pc'
[0.240s] Level 1:colcon.colcon_core.environment:checking '/home/juchunyu/dog_ws/install/dog_control/lib/python3.12/site-packages'
[0.240s] Level 1:colcon.colcon_core.environment:checking '/home/juchunyu/dog_ws/install/dog_control/bin'
[0.240s] INFO:colcon.colcon_core.shell:Creating package script '/home/juchunyu/dog_ws/install/dog_control/share/dog_control/package.ps1'
[0.241s] INFO:colcon.colcon_core.shell:Creating package descriptor '/home/juchunyu/dog_ws/install/dog_control/share/dog_control/package.dsv'
[0.241s] INFO:colcon.colcon_core.shell:Creating package script '/home/juchunyu/dog_ws/install/dog_control/share/dog_control/package.sh'
[0.242s] INFO:colcon.colcon_core.shell:Creating package script '/home/juchunyu/dog_ws/install/dog_control/share/dog_control/package.bash'
[0.242s] INFO:colcon.colcon_core.shell:Creating package script '/home/juchunyu/dog_ws/install/dog_control/share/dog_control/package.zsh'
[0.242s] Level 1:colcon.colcon_core.environment:create_file_with_runtime_dependencies(/home/juchunyu/dog_ws/install/dog_control/share/colcon-core/packages/dog_control)
[0.473s] DEBUG:colcon.colcon_core.event_handler.log_command:Invoked command in '/home/juchunyu/dog_ws/build/ego_planner' returned '0': CMAKE_PREFIX_PATH=${CMAKE_PREFIX_PATH}:/opt/ros/jazzy DEBUGINFOD_URLS=https://debuginfod.ubuntu.com /usr/bin/cmake --build /home/juchunyu/dog_ws/build/ego_planner -- -j16 -l16
[0.474s] DEBUG:colcon.colcon_core.event_handler.log_command:Invoking command in '/home/juchunyu/dog_ws/build/ego_planner': CMAKE_PREFIX_PATH=${CMAKE_PREFIX_PATH}:/opt/ros/jazzy DEBUGINFOD_URLS=https://debuginfod.ubuntu.com /usr/bin/cmake --install /home/juchunyu/dog_ws/build/ego_planner
[0.528s] Level 1:colcon.colcon_core.environment:create_environment_scripts_only(ego_planner)
[0.528s] Level 1:colcon.colcon_core.environment:checking '/home/juchunyu/dog_ws/install/ego_planner' for CMake module files
[0.530s] DEBUG:colcon.colcon_core.event_handler.log_command:Invoked command in '/home/juchunyu/dog_ws/build/ego_planner' returned '0': CMAKE_PREFIX_PATH=${CMAKE_PREFIX_PATH}:/opt/ros/jazzy DEBUGINFOD_URLS=https://debuginfod.ubuntu.com /usr/bin/cmake --install /home/juchunyu/dog_ws/build/ego_planner
[0.530s] Level 1:colcon.colcon_core.environment:checking '/home/juchunyu/dog_ws/install/ego_planner' for CMake config files
[0.530s] Level 1:colcon.colcon_core.shell:create_environment_hook('ego_planner', 'cmake_prefix_path')
[0.530s] INFO:colcon.colcon_core.shell:Creating environment hook '/home/juchunyu/dog_ws/install/ego_planner/share/ego_planner/hook/cmake_prefix_path.ps1'
[0.531s] INFO:colcon.colcon_core.shell:Creating environment descriptor '/home/juchunyu/dog_ws/install/ego_planner/share/ego_planner/hook/cmake_prefix_path.dsv'
[0.531s] INFO:colcon.colcon_core.shell:Creating environment hook '/home/juchunyu/dog_ws/install/ego_planner/share/ego_planner/hook/cmake_prefix_path.sh'
[0.532s] Level 1:colcon.colcon_core.environment:checking '/home/juchunyu/dog_ws/install/ego_planner/lib'
[0.532s] Level 1:colcon.colcon_core.shell:create_environment_hook('ego_planner', 'ld_library_path_lib')
[0.532s] INFO:colcon.colcon_core.shell:Creating environment hook '/home/juchunyu/dog_ws/install/ego_planner/share/ego_planner/hook/ld_library_path_lib.ps1'
[0.532s] INFO:colcon.colcon_core.shell:Creating environment descriptor '/home/juchunyu/dog_ws/install/ego_planner/share/ego_planner/hook/ld_library_path_lib.dsv'
[0.533s] INFO:colcon.colcon_core.shell:Creating environment hook '/home/juchunyu/dog_ws/install/ego_planner/share/ego_planner/hook/ld_library_path_lib.sh'
[0.533s] Level 1:colcon.colcon_core.environment:checking '/home/juchunyu/dog_ws/install/ego_planner/bin'
[0.533s] Level 1:colcon.colcon_core.environment:checking '/home/juchunyu/dog_ws/install/ego_planner/lib/pkgconfig/ego_planner.pc'
[0.533s] Level 1:colcon.colcon_core.environment:checking '/home/juchunyu/dog_ws/install/ego_planner/lib/python3.12/site-packages'
[0.533s] Level 1:colcon.colcon_core.shell:create_environment_hook('ego_planner', 'pythonpath')
[0.534s] INFO:colcon.colcon_core.shell:Creating environment hook '/home/juchunyu/dog_ws/install/ego_planner/share/ego_planner/hook/pythonpath.ps1'
[0.534s] INFO:colcon.colcon_core.shell:Creating environment descriptor '/home/juchunyu/dog_ws/install/ego_planner/share/ego_planner/hook/pythonpath.dsv'
[0.534s] INFO:colcon.colcon_core.shell:Creating environment hook '/home/juchunyu/dog_ws/install/ego_planner/share/ego_planner/hook/pythonpath.sh'
[0.535s] Level 1:colcon.colcon_core.environment:checking '/home/juchunyu/dog_ws/install/ego_planner/bin'
[0.535s] INFO:colcon.colcon_core.shell:Creating package script '/home/juchunyu/dog_ws/install/ego_planner/share/ego_planner/package.ps1'
[0.536s] INFO:colcon.colcon_core.shell:Creating package descriptor '/home/juchunyu/dog_ws/install/ego_planner/share/ego_planner/package.dsv'
[0.536s] INFO:colcon.colcon_core.shell:Creating package script '/home/juchunyu/dog_ws/install/ego_planner/share/ego_planner/package.sh'
[0.537s] INFO:colcon.colcon_core.shell:Creating package script '/home/juchunyu/dog_ws/install/ego_planner/share/ego_planner/package.bash'
[0.537s] INFO:colcon.colcon_core.shell:Creating package script '/home/juchunyu/dog_ws/install/ego_planner/share/ego_planner/package.zsh'
[0.537s] Level 1:colcon.colcon_core.environment:create_file_with_runtime_dependencies(/home/juchunyu/dog_ws/install/ego_planner/share/colcon-core/packages/ego_planner)
[0.538s] Level 1:colcon.colcon_core.environment:create_environment_scripts_only(ego_planner)
[0.538s] Level 1:colcon.colcon_core.environment:checking '/home/juchunyu/dog_ws/install/ego_planner' for CMake module files
[0.539s] Level 1:colcon.colcon_core.environment:checking '/home/juchunyu/dog_ws/install/ego_planner' for CMake config files
[0.539s] Level 1:colcon.colcon_core.shell:create_environment_hook('ego_planner', 'cmake_prefix_path')
[0.539s] INFO:colcon.colcon_core.shell:Creating environment hook '/home/juchunyu/dog_ws/install/ego_planner/share/ego_planner/hook/cmake_prefix_path.ps1'
[0.539s] INFO:colcon.colcon_core.shell:Creating environment descriptor '/home/juchunyu/dog_ws/install/ego_planner/share/ego_planner/hook/cmake_prefix_path.dsv'
[0.540s] INFO:colcon.colcon_core.shell:Creating environment hook '/home/juchunyu/dog_ws/install/ego_planner/share/ego_planner/hook/cmake_prefix_path.sh'
[0.540s] Level 1:colcon.colcon_core.environment:checking '/home/juchunyu/dog_ws/install/ego_planner/lib'
[0.540s] Level 1:colcon.colcon_core.shell:create_environment_hook('ego_planner', 'ld_library_path_lib')
[0.540s] INFO:colcon.colcon_core.shell:Creating environment hook '/home/juchunyu/dog_ws/install/ego_planner/share/ego_planner/hook/ld_library_path_lib.ps1'
[0.541s] INFO:colcon.colcon_core.shell:Creating environment descriptor '/home/juchunyu/dog_ws/install/ego_planner/share/ego_planner/hook/ld_library_path_lib.dsv'
[0.541s] INFO:colcon.colcon_core.shell:Creating environment hook '/home/juchunyu/dog_ws/install/ego_planner/share/ego_planner/hook/ld_library_path_lib.sh'
[0.541s] Level 1:colcon.colcon_core.environment:checking '/home/juchunyu/dog_ws/install/ego_planner/bin'
[0.541s] Level 1:colcon.colcon_core.environment:checking '/home/juchunyu/dog_ws/install/ego_planner/lib/pkgconfig/ego_planner.pc'
[0.542s] Level 1:colcon.colcon_core.environment:checking '/home/juchunyu/dog_ws/install/ego_planner/lib/python3.12/site-packages'
[0.542s] Level 1:colcon.colcon_core.shell:create_environment_hook('ego_planner', 'pythonpath')
[0.542s] INFO:colcon.colcon_core.shell:Creating environment hook '/home/juchunyu/dog_ws/install/ego_planner/share/ego_planner/hook/pythonpath.ps1'
[0.542s] INFO:colcon.colcon_core.shell:Creating environment descriptor '/home/juchunyu/dog_ws/install/ego_planner/share/ego_planner/hook/pythonpath.dsv'
[0.543s] INFO:colcon.colcon_core.shell:Creating environment hook '/home/juchunyu/dog_ws/install/ego_planner/share/ego_planner/hook/pythonpath.sh'
[0.543s] Level 1:colcon.colcon_core.environment:checking '/home/juchunyu/dog_ws/install/ego_planner/bin'
[0.543s] INFO:colcon.colcon_core.shell:Creating package script '/home/juchunyu/dog_ws/install/ego_planner/share/ego_planner/package.ps1'
[0.544s] INFO:colcon.colcon_core.shell:Creating package descriptor '/home/juchunyu/dog_ws/install/ego_planner/share/ego_planner/package.dsv'
[0.544s] INFO:colcon.colcon_core.shell:Creating package script '/home/juchunyu/dog_ws/install/ego_planner/share/ego_planner/package.sh'
[0.544s] INFO:colcon.colcon_core.shell:Creating package script '/home/juchunyu/dog_ws/install/ego_planner/share/ego_planner/package.bash'
[0.545s] INFO:colcon.colcon_core.shell:Creating package script '/home/juchunyu/dog_ws/install/ego_planner/share/ego_planner/package.zsh'
[0.545s] Level 1:colcon.colcon_core.environment:create_file_with_runtime_dependencies(/home/juchunyu/dog_ws/install/ego_planner/share/colcon-core/packages/ego_planner)
[7.649s] DEBUG:colcon.colcon_core.event_handler.log_command:Invoked command in '/home/juchunyu/dog_ws/build/teb_planner' returned '2': CMAKE_PREFIX_PATH=${CMAKE_PREFIX_PATH}:/opt/ros/jazzy DEBUGINFOD_URLS=https://debuginfod.ubuntu.com /usr/bin/cmake --build /home/juchunyu/dog_ws/build/teb_planner -- -j16 -l16
[7.649s] Level 1:colcon.colcon_core.environment:create_environment_scripts_only(teb_planner)
[7.649s] Level 1:colcon.colcon_core.environment:checking '/home/juchunyu/dog_ws/install/teb_planner' for CMake module files
[7.649s] Level 1:colcon.colcon_core.environment:checking '/home/juchunyu/dog_ws/install/teb_planner' for CMake config files
[7.649s] Level 1:colcon.colcon_core.environment:checking '/home/juchunyu/dog_ws/install/teb_planner/bin'
[7.649s] Level 1:colcon.colcon_core.environment:checking '/home/juchunyu/dog_ws/install/teb_planner/lib/pkgconfig/teb_planner.pc'
[7.650s] Level 1:colcon.colcon_core.environment:checking '/home/juchunyu/dog_ws/install/teb_planner/lib/python3.12/site-packages'
[7.650s] Level 1:colcon.colcon_core.environment:checking '/home/juchunyu/dog_ws/install/teb_planner/bin'
[7.650s] INFO:colcon.colcon_core.shell:Creating package script '/home/juchunyu/dog_ws/install/teb_planner/share/teb_planner/package.ps1'
[7.650s] INFO:colcon.colcon_core.shell:Creating package descriptor '/home/juchunyu/dog_ws/install/teb_planner/share/teb_planner/package.dsv'
[7.650s] INFO:colcon.colcon_core.shell:Creating package script '/home/juchunyu/dog_ws/install/teb_planner/share/teb_planner/package.sh'
[7.651s] INFO:colcon.colcon_core.shell:Creating package script '/home/juchunyu/dog_ws/install/teb_planner/share/teb_planner/package.bash'
[7.651s] INFO:colcon.colcon_core.shell:Creating package script '/home/juchunyu/dog_ws/install/teb_planner/share/teb_planner/package.zsh'
[7.651s] Level 1:colcon.colcon_core.environment:create_file_with_runtime_dependencies(/home/juchunyu/dog_ws/install/teb_planner/share/colcon-core/packages/teb_planner)
[7.661s] DEBUG:colcon.colcon_parallel_executor.executor.parallel:closing loop
[7.661s] DEBUG:colcon.colcon_parallel_executor.executor.parallel:loop closed
[7.662s] DEBUG:colcon.colcon_parallel_executor.executor.parallel:run_until_complete finished with '2'
[7.662s] DEBUG:colcon.colcon_core.event_reactor:joining thread
[7.665s] INFO:colcon.colcon_core.plugin_system:Skipping extension 'colcon_notification.desktop_notification.terminal_notifier': Not used on non-Darwin systems
[7.665s] INFO:colcon.colcon_core.plugin_system:Skipping extension 'colcon_notification.desktop_notification.win32': Not used on non-Windows systems
[7.665s] INFO:colcon.colcon_notification.desktop_notification:Sending desktop notification using 'notify2'
[7.678s] DEBUG:colcon.colcon_core.event_reactor:joined thread
[7.678s] INFO:colcon.colcon_core.shell:Creating prefix script '/home/juchunyu/dog_ws/install/local_setup.ps1'
[7.679s] INFO:colcon.colcon_core.shell:Creating prefix util module '/home/juchunyu/dog_ws/install/_local_setup_util_ps1.py'
[7.680s] INFO:colcon.colcon_core.shell:Creating prefix chain script '/home/juchunyu/dog_ws/install/setup.ps1'
[7.681s] INFO:colcon.colcon_core.shell:Creating prefix script '/home/juchunyu/dog_ws/install/local_setup.sh'
[7.682s] INFO:colcon.colcon_core.shell:Creating prefix util module '/home/juchunyu/dog_ws/install/_local_setup_util_sh.py'
[7.682s] INFO:colcon.colcon_core.shell:Creating prefix chain script '/home/juchunyu/dog_ws/install/setup.sh'
[7.683s] INFO:colcon.colcon_core.shell:Creating prefix script '/home/juchunyu/dog_ws/install/local_setup.bash'
[7.683s] INFO:colcon.colcon_core.shell:Creating prefix chain script '/home/juchunyu/dog_ws/install/setup.bash'
[7.683s] INFO:colcon.colcon_core.shell:Creating prefix script '/home/juchunyu/dog_ws/install/local_setup.zsh'
[7.684s] INFO:colcon.colcon_core.shell:Creating prefix chain script '/home/juchunyu/dog_ws/install/setup.zsh'
