[ 11%] [32mBuilding CXX object Teb/CMakeFiles/teb.dir/src/teb_local_Planner_interface.cpp.o[0m
[01m[K/home/juchunyu/dog_ws/src/Teb_planner_standard/Teb_planner/Teb/src/teb_local_Planner_interface.cpp:[m[K In member function ‘[01m[Kvoid irpc::planning::TebPlannerInterface::[01;32m[Kinitialize[m[K()[m[K’:
[01m[K/home/juchunyu/dog_ws/src/Teb_planner_standard/Teb_planner/Teb/src/teb_local_Planner_interface.cpp:28:109:[m[K [01;31m[Kerror: [m[Kno matching function for call to ‘[01m[Kteb_local_planner::TebVisualization::TebVisualization(teb_local_planner::TebConfig*&)[m[K’
   28 |             visual_ = teb_local_planner::TebVisualizationPtr(new teb_local_planner::TebVisualization(config_[01;31m[K)[m[K);
      |                                                                                                             [01;31m[K^[m[K
In file included from [01m[K/home/juchunyu/dog_ws/src/Teb_planner_standard/Teb_planner/./Teb/include/optimal_planner.h:12[m[K,
                 from [01m[K/home/juchunyu/dog_ws/src/Teb_planner_standard/Teb_planner/./Teb/include/teb_local_planner_interface.h:15[m[K,
                 from [01m[K/home/juchunyu/dog_ws/src/Teb_planner_standard/Teb_planner/Teb/src/teb_local_Planner_interface.cpp:1[m[K:
[01m[K/home/juchunyu/dog_ws/src/Teb_planner_standard/Teb_planner/./Teb/include/visualization.h:40:9:[m[K [01;36m[Knote: [m[Kcandidate: ‘[01m[Kteb_local_planner::TebVisualization::[01;32m[KTebVisualization[m[K(const teb_local_planner::TebConfig&)[m[K’
   40 |         [01;36m[KTebVisualization[m[K(const TebConfig& cfg);
      |         [01;36m[K^~~~~~~~~~~~~~~~[m[K
[01m[K/home/juchunyu/dog_ws/src/Teb_planner_standard/Teb_planner/./Teb/include/visualization.h:40:43:[m[K [01;36m[Knote: [m[K  no known conversion for argument 1 from ‘[01m[Kteb_local_planner::TebConfig*[m[K’ to ‘[01m[Kconst teb_local_planner::TebConfig&[m[K’
   40 |         TebVisualization([01;36m[Kconst TebConfig& cfg[m[K);
      |                          [01;36m[K~~~~~~~~~~~~~~~~~^~~[m[K
[01m[K/home/juchunyu/dog_ws/src/Teb_planner_standard/Teb_planner/./Teb/include/visualization.h:33:9:[m[K [01;36m[Knote: [m[Kcandidate: ‘[01m[Kteb_local_planner::TebVisualization::[01;32m[KTebVisualization[m[K()[m[K’
   33 |         [01;36m[KTebVisualization[m[K();
      |         [01;36m[K^~~~~~~~~~~~~~~~[m[K
[01m[K/home/juchunyu/dog_ws/src/Teb_planner_standard/Teb_planner/./Teb/include/visualization.h:33:9:[m[K [01;36m[Knote: [m[K  candidate expects 0 arguments, 1 provided
[01m[K/home/juchunyu/dog_ws/src/Teb_planner_standard/Teb_planner/./Teb/include/visualization.h:25:11:[m[K [01;36m[Knote: [m[Kcandidate: ‘[01m[Kconstexpr teb_local_planner::TebVisualization::[01;32m[KTebVisualization[m[K(const teb_local_planner::TebVisualization&)[m[K’
   25 |     class [01;36m[KTebVisualization[m[K
      |           [01;36m[K^~~~~~~~~~~~~~~~[m[K
[01m[K/home/juchunyu/dog_ws/src/Teb_planner_standard/Teb_planner/./Teb/include/visualization.h:25:11:[m[K [01;36m[Knote: [m[K  no known conversion for argument 1 from ‘[01m[Kteb_local_planner::TebConfig*[m[K’ to ‘[01m[Kconst teb_local_planner::TebVisualization&[m[K’
[01m[K/home/juchunyu/dog_ws/src/Teb_planner_standard/Teb_planner/./Teb/include/visualization.h:25:11:[m[K [01;36m[Knote: [m[Kcandidate: ‘[01m[Kconstexpr teb_local_planner::TebVisualization::[01;32m[KTebVisualization[m[K(teb_local_planner::TebVisualization&&)[m[K’
[01m[K/home/juchunyu/dog_ws/src/Teb_planner_standard/Teb_planner/./Teb/include/visualization.h:25:11:[m[K [01;36m[Knote: [m[K  no known conversion for argument 1 from ‘[01m[Kteb_local_planner::TebConfig*[m[K’ to ‘[01m[Kteb_local_planner::TebVisualization&&[m[K’
[01m[K/home/juchunyu/dog_ws/src/Teb_planner_standard/Teb_planner/Teb/src/teb_local_Planner_interface.cpp:[m[K In member function ‘[01m[Kvoid irpc::planning::TebPlannerInterface::[01;32m[KsetObstacleInfo[m[K(std::vector<irpc::planning::obstacleInfo>&)[m[K’:
[01m[K/home/juchunyu/dog_ws/src/Teb_planner_standard/Teb_planner/Teb/src/teb_local_Planner_interface.cpp:54:59:[m[K [01;35m[Kwarning: [m[Kformat ‘[01m[K%d[m[K’ expects argument of type ‘[01m[Kint[m[K’, but argument 2 has type ‘[01m[Kstd::vector<boost::shared_ptr<teb_local_planner::Obstacle> >::size_type[m[K’ {aka ‘[01m[Klong unsigned int[m[K’} [[01;35m[K]8;;https://gcc.gnu.org/onlinedocs/gcc/Warning-Options.html#index-Wformat=-Wformat=]8;;[m[K]
   54 |             printf("TebPlannerInterface::setObstacleInfo:[01;35m[K%d[m[K\n",[32m[Kobstacles_.size()[m[K);
      |                                                          [01;35m[K~^[m[K    [32m[K~~~~~~~~~~~~~~~~~[m[K
      |                                                           [01;35m[K|[m[K                   [32m[K|[m[K
      |                                                           [01;35m[Kint[m[K                 [32m[Kstd::vector<boost::shared_ptr<teb_local_planner::Obstacle> >::size_type {aka long unsigned int}[m[K
      |                                                          [32m[K%ld[m[K
[01m[K/home/juchunyu/dog_ws/src/Teb_planner_standard/Teb_planner/Teb/src/teb_local_Planner_interface.cpp:[m[K In member function ‘[01m[Kbool irpc::planning::TebPlannerInterface::[01;32m[Kplan[m[K(irpc::planning::cmdInfo&, std::vector<Eigen::Matrix<float, 3, 1> >&)[m[K’:
[01m[K/home/juchunyu/dog_ws/src/Teb_planner_standard/Teb_planner/Teb/src/teb_local_Planner_interface.cpp:89:56:[m[K [01;31m[Kerror: [m[K‘[01m[Kvel_start[m[K’ was not declared in this scope; did you mean ‘[01m[KvelStart[m[K’?
   89 |             plannerStatus = planner_->plan(start,goal,&[01;31m[Kvel_start[m[K,true);
      |                                                        [01;31m[K^~~~~~~~~[m[K
      |                                                        [32m[KvelStart[m[K
[01m[K/home/juchunyu/dog_ws/src/Teb_planner_standard/Teb_planner/Teb/src/teb_local_Planner_interface.cpp:98:46:[m[K [01;31m[Kerror: [m[K‘[01m[Kstruct teb_local_planner::TebConfig::Robot[m[K’ has no member named ‘[01m[Kmax_vel[m[K’; did you mean ‘[01m[Kmax_vel_x[m[K’?
   98 |                 float max_v = config_->robot.[01;31m[Kmax_vel[m[K;
      |                                              [01;31m[K^~~~~~~[m[K
      |                                              [32m[Kmax_vel_x[m[K
[01m[K/home/juchunyu/dog_ws/src/Teb_planner_standard/Teb_planner/Teb/src/teb_local_Planner_interface.cpp:118:9:[m[K [01;35m[Kwarning: [m[Kno return statement in function returning non-void [[01;35m[K]8;;https://gcc.gnu.org/onlinedocs/gcc/Warning-Options.html#index-Wreturn-type-Wreturn-type]8;;[m[K]
  118 |         [01;35m[K}[m[K
      |         [01;35m[K^[m[K
In file included from [01m[K/usr/include/boost/smart_ptr/make_shared.hpp:15[m[K,
                 from [01m[K/usr/include/boost/make_shared.hpp:14[m[K,
                 from [01m[K/usr/include/boost/smart_ptr.hpp:24[m[K,
                 from [01m[K/home/juchunyu/dog_ws/src/Teb_planner_standard/Teb_planner/./Teb/include/robot_footprint_model.h:5[m[K,
                 from [01m[K/home/juchunyu/dog_ws/src/Teb_planner_standard/Teb_planner/./Teb/include/teb_local_planner_interface.h:13[m[K:
/usr/include/boost/smart_ptr/make_shared_object.hpp: In instantiation of ‘[01m[Ktypename boost::detail::sp_if_not_array<T>::type boost::[01;32m[Kmake_shared[m[K(Args&& ...) [35m[K[with T = teb_local_planner::TebOptimalPlanner; Args = {teb_local_planner::TebConfig*&, std::vector<shared_ptr<teb_local_planner::Obstacle>, std::allocator<shared_ptr<teb_local_planner::Obstacle> > >*, shared_ptr<teb_local_planner::BaseRobotFootprintModel>&, std::vector<Eigen::Matrix<double, 2, 1, 0, 2, 1>, Eigen::aligned_allocator<Eigen::Matrix<double, 2, 1, 0, 2, 1> > >*}; typename detail::sp_if_not_array<T>::type = shared_ptr<teb_local_planner::TebOptimalPlanner>][m[K[m[K’:
[01m[K/home/juchunyu/dog_ws/src/Teb_planner_standard/Teb_planner/Teb/src/teb_local_Planner_interface.cpp:31:80:[m[K   required from here
[01m[K/usr/include/boost/smart_ptr/make_shared_object.hpp:257:5:[m[K [01;31m[Kerror: [m[Kno matching function for call to ‘[01m[Kteb_local_planner::TebOptimalPlanner::TebOptimalPlanner(teb_local_planner::TebConfig*&, std::vector<boost::shared_ptr<teb_local_planner::Obstacle> >*, boost::shared_ptr<teb_local_planner::BaseRobotFootprintModel>&, std::vector<Eigen::Matrix<double, 2, 1>, Eigen::aligned_allocator<Eigen::Matrix<double, 2, 1> > >*)[m[K’
  257 |     [01;31m[K::new( pv ) T( boost::detail::sp_forward<Args>( args )... )[m[K;
      |     [01;31m[K^~~~~~~~~~~~~~~~~~~~~~~~~~~~~~~~~~~~~~~~~~~~~~~~~~~~~~~~~~~[m[K
[01m[K/home/juchunyu/dog_ws/src/Teb_planner_standard/Teb_planner/./Teb/include/optimal_planner.h:84:9:[m[K [01;36m[Knote: [m[Kcandidate: ‘[01m[Kteb_local_planner::TebOptimalPlanner::[01;32m[KTebOptimalPlanner[m[K(const teb_local_planner::TebConfig&, teb_local_planner::ObstContainer*, teb_local_planner::RobotFootprintModelPtr, teb_local_planner::TebVisualizationPtr, const teb_local_planner::ViaPointContainer*)[m[K’
   84 |         [01;36m[KTebOptimalPlanner[m[K(const TebConfig& cfg, ObstContainer* obstacles = NULL, RobotFootprintModelPtr robot_model = boost::make_shared<PointRobotFootprint>(),
      |         [01;36m[K^~~~~~~~~~~~~~~~~[m[K
[01m[K/home/juchunyu/dog_ws/src/Teb_planner_standard/Teb_planner/./Teb/include/optimal_planner.h:84:44:[m[K [01;36m[Knote: [m[K  no known conversion for argument 1 from ‘[01m[Kteb_local_planner::TebConfig*[m[K’ to ‘[01m[Kconst teb_local_planner::TebConfig&[m[K’
   84 |         TebOptimalPlanner([01;36m[Kconst TebConfig& cfg[m[K, ObstContainer* obstacles = NULL, RobotFootprintModelPtr robot_model = boost::make_shared<PointRobotFootprint>(),
      |                           [01;36m[K~~~~~~~~~~~~~~~~~^~~[m[K
[01m[K/home/juchunyu/dog_ws/src/Teb_planner_standard/Teb_planner/./Teb/include/optimal_planner.h:74:9:[m[K [01;36m[Knote: [m[Kcandidate: ‘[01m[Kteb_local_planner::TebOptimalPlanner::[01;32m[KTebOptimalPlanner[m[K()[m[K’
   74 |         [01;36m[KTebOptimalPlanner[m[K();
      |         [01;36m[K^~~~~~~~~~~~~~~~~[m[K
[01m[K/home/juchunyu/dog_ws/src/Teb_planner_standard/Teb_planner/./Teb/include/optimal_planner.h:74:9:[m[K [01;36m[Knote: [m[K  candidate expects 0 arguments, 4 provided
[01m[K/home/juchunyu/dog_ws/src/Teb_planner_standard/Teb_planner/./Teb/include/optimal_planner.h:67:11:[m[K [01;36m[Knote: [m[Kcandidate: ‘[01m[Kteb_local_planner::TebOptimalPlanner::[01;32m[KTebOptimalPlanner[m[K(const teb_local_planner::TebOptimalPlanner&)[m[K’
   67 |     class [01;36m[KTebOptimalPlanner[m[K : public PlannerInterface
      |           [01;36m[K^~~~~~~~~~~~~~~~~[m[K
[01m[K/home/juchunyu/dog_ws/src/Teb_planner_standard/Teb_planner/./Teb/include/optimal_planner.h:67:11:[m[K [01;36m[Knote: [m[K  candidate expects 1 argument, 4 provided
gmake[2]: *** [Teb/CMakeFiles/teb.dir/build.make:118：Teb/CMakeFiles/teb.dir/src/teb_local_Planner_interface.cpp.o] 错误 1
gmake[1]: *** [CMakeFiles/Makefile2:180：Teb/CMakeFiles/teb.dir/all] 错误 2
gmake: *** [Makefile:146：all] 错误 2
