[01m[K/home/juchunyu/dog_ws/src/Teb_planner_standard/Teb_planner/Teb/src/teb_local_Planner_interface.cpp:[m[K In member function ‘[01m[Kvoid irpc::planning::TebPlannerInterface::[01;32m[Kinitialize[m[K()[m[K’:
[01m[K/home/juchunyu/dog_ws/src/Teb_planner_standard/Teb_planner/Teb/src/teb_local_Planner_interface.cpp:31:124:[m[K [01;31m[Kerror: [m[Kno match for ‘[01m[Koperator&[m[K’ (operand types are ‘[01m[Kteb_local_planner::TebVisualizationPtr[m[K’ {aka ‘[01m[Kboost::shared_ptr<teb_local_planner::TebVisualization>[m[K’} and ‘[01m[Kteb_local_planner::ViaPointContainer[m[K’ {aka ‘[01m[Kstd::vector<Eigen::Matrix<double, 2, 1>, Eigen::aligned_allocator<Eigen::Matrix<double, 2, 1> > >[m[K’})
   31 |             planner_ = boost::make_shared<teb_local_planner::TebOptimalPlanner>(config_, &obstacles_, robot_model_,[32m[Kvisual_[m[K [01;31m[K&[m[K[34m[KviaPoints_[m[K);
      |                                                                                                                    [32m[K~~~~~~~[m[K [01;31m[K^[m[K[34m[K~~~~~~~~~~[m[K
      |                                                                                                                    [32m[K|[m[K        [34m[K|[m[K
      |                                                                                                                    [32m[K|[m[K        [34m[Kteb_local_planner::ViaPointContainer {aka std::vector<Eigen::Matrix<double, 2, 1>, Eigen::aligned_allocator<Eigen::Matrix<double, 2, 1> > >}[m[K
      |                                                                                                                    [32m[Kteb_local_planner::TebVisualizationPtr {aka boost::shared_ptr<teb_local_planner::TebVisualization>}[m[K
In file included from [01m[K/home/juchunyu/dog_ws/src/Teb_planner_standard/Teb_planner/./Teb/include/g2o/core/hyper_graph.h:31[m[K,
                 from [01m[K/home/juchunyu/dog_ws/src/Teb_planner_standard/Teb_planner/./Teb/include/g2o/core/optimizable_graph.h:35[m[K,
                 from [01m[K/home/juchunyu/dog_ws/src/Teb_planner_standard/Teb_planner/./Teb/include/g2o/core/base_vertex.h:30[m[K,
                 from [01m[K/home/juchunyu/dog_ws/src/Teb_planner_standard/Teb_planner/./Teb/include/../include/g2o_types/vertex_pose.h:48[m[K,
                 from [01m[K/home/juchunyu/dog_ws/src/Teb_planner_standard/Teb_planner/./Teb/include/timed_elastic_band.h:13[m[K,
                 from [01m[K/home/juchunyu/dog_ws/src/Teb_planner_standard/Teb_planner/./Teb/include/optimal_planner.h:11[m[K,
                 from [01m[K/home/juchunyu/dog_ws/src/Teb_planner_standard/Teb_planner/./Teb/include/teb_local_planner_interface.h:15[m[K,
                 from [01m[K/home/juchunyu/dog_ws/src/Teb_planner_standard/Teb_planner/Teb/src/teb_local_Planner_interface.cpp:1[m[K:
[01m[K/usr/include/c++/13/bitset:1553:5:[m[K [01;36m[Knote: [m[Kcandidate: ‘[01m[Ktemplate<long unsigned int _Nb> std::bitset<_Nb> std::[01;32m[Koperator&[m[K(const bitset<_Nb>&, const bitset<_Nb>&)[m[K’
 1553 |     [01;36m[Koperator[m[K&(const bitset<_Nb>& __x, const bitset<_Nb>& __y) _GLIBCXX_NOEXCEPT
      |     [01;36m[K^~~~~~~~[m[K
[01m[K/usr/include/c++/13/bitset:1553:5:[m[K [01;36m[Knote: [m[K  template argument deduction/substitution failed:
[01m[K/home/juchunyu/dog_ws/src/Teb_planner_standard/Teb_planner/Teb/src/teb_local_Planner_interface.cpp:31:125:[m[K [01;36m[Knote: [m[K  ‘[01m[Kteb_local_planner::TebVisualizationPtr[m[K’ {aka ‘[01m[Kboost::shared_ptr<teb_local_planner::TebVisualization>[m[K’} is not derived from ‘[01m[Kconst std::bitset<_Nb>[m[K’
   31 |             planner_ = boost::make_shared<teb_local_planner::TebOptimalPlanner>(config_, &obstacles_, robot_model_,visual_ &[01;36m[KviaPoints_[m[K);
      |                                                                                                                             [01;36m[K^~~~~~~~~~[m[K
In file included from [01m[K/usr/include/c++/13/bits/memory_resource.h:38[m[K,
                 from [01m[K/usr/include/c++/13/string:58[m[K,
                 from [01m[K/usr/include/c++/13/bits/locale_classes.h:40[m[K,
                 from [01m[K/usr/include/c++/13/bits/ios_base.h:41[m[K,
                 from [01m[K/usr/include/c++/13/ios:44[m[K,
                 from [01m[K/usr/include/c++/13/ostream:40[m[K,
                 from [01m[K/usr/include/c++/13/iostream:41[m[K,
                 from [01m[K/home/juchunyu/dog_ws/src/Teb_planner_standard/Teb_planner/./Teb/include/teb_local_planner_interface.h:10[m[K:
[01m[K/usr/include/c++/13/cstddef:140:3:[m[K [01;36m[Knote: [m[Kcandidate: ‘[01m[Kconstexpr std::byte std::[01;32m[Koperator&[m[K(byte, byte)[m[K’
  140 |   [01;36m[Koperator[m[K&(byte __l, byte __r) noexcept
      |   [01;36m[K^~~~~~~~[m[K
[01m[K/usr/include/c++/13/cstddef:140:18:[m[K [01;36m[Knote: [m[K  no known conversion for argument 1 from ‘[01m[Kteb_local_planner::TebVisualizationPtr[m[K’ {aka ‘[01m[Kboost::shared_ptr<teb_local_planner::TebVisualization>[m[K’} to ‘[01m[Kstd::byte[m[K’
  140 |   operator&([01;36m[Kbyte __l[m[K, byte __r) noexcept
      |             [01;36m[K~~~~~^~~[m[K
[01m[K/usr/include/c++/13/bits/ios_base.h:83:3:[m[K [01;36m[Knote: [m[Kcandidate: ‘[01m[Kconstexpr std::_Ios_Fmtflags std::[01;32m[Koperator&[m[K(_Ios_Fmtflags, _Ios_Fmtflags)[m[K’
   83 |   [01;36m[Koperator[m[K&(_Ios_Fmtflags __a, _Ios_Fmtflags __b)
      |   [01;36m[K^~~~~~~~[m[K
[01m[K/usr/include/c++/13/bits/ios_base.h:83:27:[m[K [01;36m[Knote: [m[K  no known conversion for argument 1 from ‘[01m[Kteb_local_planner::TebVisualizationPtr[m[K’ {aka ‘[01m[Kboost::shared_ptr<teb_local_planner::TebVisualization>[m[K’} to ‘[01m[Kstd::_Ios_Fmtflags[m[K’
   83 |   operator&([01;36m[K_Ios_Fmtflags __a[m[K, _Ios_Fmtflags __b)
      |             [01;36m[K~~~~~~~~~~~~~~^~~[m[K
[01m[K/usr/include/c++/13/bits/ios_base.h:126:3:[m[K [01;36m[Knote: [m[Kcandidate: ‘[01m[Kconstexpr std::_Ios_Openmode std::[01;32m[Koperator&[m[K(_Ios_Openmode, _Ios_Openmode)[m[K’
  126 |   [01;36m[Koperator[m[K&(_Ios_Openmode __a, _Ios_Openmode __b)
      |   [01;36m[K^~~~~~~~[m[K
[01m[K/usr/include/c++/13/bits/ios_base.h:126:27:[m[K [01;36m[Knote: [m[K  no known conversion for argument 1 from ‘[01m[Kteb_local_planner::TebVisualizationPtr[m[K’ {aka ‘[01m[Kboost::shared_ptr<teb_local_planner::TebVisualization>[m[K’} to ‘[01m[Kstd::_Ios_Openmode[m[K’
  126 |   operator&([01;36m[K_Ios_Openmode __a[m[K, _Ios_Openmode __b)
      |             [01;36m[K~~~~~~~~~~~~~~^~~[m[K
[01m[K/usr/include/c++/13/bits/ios_base.h:166:3:[m[K [01;36m[Knote: [m[Kcandidate: ‘[01m[Kconstexpr std::_Ios_Iostate std::[01;32m[Koperator&[m[K(_Ios_Iostate, _Ios_Iostate)[m[K’
  166 |   [01;36m[Koperator[m[K&(_Ios_Iostate __a, _Ios_Iostate __b)
      |   [01;36m[K^~~~~~~~[m[K
[01m[K/usr/include/c++/13/bits/ios_base.h:166:26:[m[K [01;36m[Knote: [m[K  no known conversion for argument 1 from ‘[01m[Kteb_local_planner::TebVisualizationPtr[m[K’ {aka ‘[01m[Kboost::shared_ptr<teb_local_planner::TebVisualization>[m[K’} to ‘[01m[Kstd::_Ios_Iostate[m[K’
  166 |   operator&([01;36m[K_Ios_Iostate __a[m[K, _Ios_Iostate __b)
      |             [01;36m[K~~~~~~~~~~~~~^~~[m[K
In file included from [01m[K/usr/include/c++/13/atomic:41[m[K,
                 from [01m[K/usr/local/include/eigen3/Eigen/src/Core/products/Parallelizer.h:14[m[K,
                 from [01m[K/usr/local/include/eigen3/Eigen/Core:331[m[K,
                 from [01m[K/home/juchunyu/dog_ws/src/Teb_planner_standard/Teb_planner/./Teb/include/teb_config.h:4[m[K,
                 from [01m[K/home/juchunyu/dog_ws/src/Teb_planner_standard/Teb_planner/./Teb/include/teb_local_planner_interface.h:11[m[K:
[01m[K/usr/include/c++/13/bits/atomic_base.h:107:3:[m[K [01;36m[Knote: [m[Kcandidate: ‘[01m[Kconstexpr std::memory_order std::[01;32m[Koperator&[m[K(memory_order, __memory_order_modifier)[m[K’
  107 |   [01;36m[Koperator[m[K&(memory_order __m, __memory_order_modifier __mod)
      |   [01;36m[K^~~~~~~~[m[K
[01m[K/usr/include/c++/13/bits/atomic_base.h:107:26:[m[K [01;36m[Knote: [m[K  no known conversion for argument 1 from ‘[01m[Kteb_local_planner::TebVisualizationPtr[m[K’ {aka ‘[01m[Kboost::shared_ptr<teb_local_planner::TebVisualization>[m[K’} to ‘[01m[Kstd::memory_order[m[K’
  107 |   operator&([01;36m[Kmemory_order __m[m[K, __memory_order_modifier __mod)
      |             [01;36m[K~~~~~~~~~~~~~^~~[m[K
[01m[K/home/juchunyu/dog_ws/src/Teb_planner_standard/Teb_planner/Teb/src/teb_local_Planner_interface.cpp:[m[K In member function ‘[01m[Kvoid irpc::planning::TebPlannerInterface::[01;32m[KsetObstacleInfo[m[K(std::vector<irpc::planning::obstacleInfo>&)[m[K’:
[01m[K/home/juchunyu/dog_ws/src/Teb_planner_standard/Teb_planner/Teb/src/teb_local_Planner_interface.cpp:54:59:[m[K [01;35m[Kwarning: [m[Kformat ‘[01m[K%d[m[K’ expects argument of type ‘[01m[Kint[m[K’, but argument 2 has type ‘[01m[Kstd::vector<boost::shared_ptr<teb_local_planner::Obstacle> >::size_type[m[K’ {aka ‘[01m[Klong unsigned int[m[K’} [[01;35m[K]8;;https://gcc.gnu.org/onlinedocs/gcc/Warning-Options.html#index-Wformat=-Wformat=]8;;[m[K]
   54 |             printf("TebPlannerInterface::setObstacleInfo:[01;35m[K%d[m[K\n",[32m[Kobstacles_.size()[m[K);
      |                                                          [01;35m[K~^[m[K    [32m[K~~~~~~~~~~~~~~~~~[m[K
      |                                                           [01;35m[K|[m[K                   [32m[K|[m[K
      |                                                           [01;35m[Kint[m[K                 [32m[Kstd::vector<boost::shared_ptr<teb_local_planner::Obstacle> >::size_type {aka long unsigned int}[m[K
      |                                                          [32m[K%ld[m[K
[01m[K/home/juchunyu/dog_ws/src/Teb_planner_standard/Teb_planner/Teb/src/teb_local_Planner_interface.cpp:[m[K In member function ‘[01m[Kbool irpc::planning::TebPlannerInterface::[01;32m[Kplan[m[K(irpc::planning::cmdInfo&, std::vector<Eigen::Matrix<float, 3, 1> >&)[m[K’:
[01m[K/home/juchunyu/dog_ws/src/Teb_planner_standard/Teb_planner/Teb/src/teb_local_Planner_interface.cpp:98:46:[m[K [01;31m[Kerror: [m[K‘[01m[Kstruct teb_local_planner::TebConfig::Robot[m[K’ has no member named ‘[01m[Kmax_vel[m[K’; did you mean ‘[01m[Kmax_vel_x[m[K’?
   98 |                 float max_v = config_->robot.[01;31m[Kmax_vel[m[K;
      |                                              [01;31m[K^~~~~~~[m[K
      |                                              [32m[Kmax_vel_x[m[K
[01m[K/home/juchunyu/dog_ws/src/Teb_planner_standard/Teb_planner/Teb/src/teb_local_Planner_interface.cpp:118:9:[m[K [01;35m[Kwarning: [m[Kno return statement in function returning non-void [[01;35m[K]8;;https://gcc.gnu.org/onlinedocs/gcc/Warning-Options.html#index-Wreturn-type-Wreturn-type]8;;[m[K]
  118 |         [01;35m[K}[m[K
      |         [01;35m[K^[m[K
gmake[2]: *** [Teb/CMakeFiles/teb.dir/build.make:118：Teb/CMakeFiles/teb.dir/src/teb_local_Planner_interface.cpp.o] 错误 1
gmake[1]: *** [CMakeFiles/Makefile2:180：Teb/CMakeFiles/teb.dir/all] 错误 2
gmake: *** [Makefile:146：all] 错误 2
