[0.007s] Invoking command in '/home/juchunyu/dog_ws/build/ego_planner': CMAKE_PREFIX_PATH=${CMAKE_PREFIX_PATH}:/opt/ros/jazzy DEBUGINFOD_URLS=https://debuginfod.ubuntu.com /usr/bin/cmake --build /home/juchunyu/dog_ws/build/ego_planner -- -j16 -l16
[0.046s] [  2%] Built target ego_planner__rosidl_generator_type_description
[0.047s] [  6%] Built target local_map
[0.048s] [  6%] Built target ament_cmake_python_copy_ego_planner
[0.048s] [ 15%] Built target bspline_opt
[0.054s] [ 19%] Built target path_searching
[0.064s] [ 30%] Built target ego_planner__rosidl_generator_c
[0.066s] [ 32%] Built target ego_planner__cpp
[0.075s] [ 36%] Built target ego_planner_lib
[0.079s] [ 50%] Built target ego_planner__rosidl_typesupport_introspection_c
[0.079s] [ 50%] Built target ego_planner__rosidl_typesupport_c
[0.084s] [ 56%] Built target ego_planner__rosidl_typesupport_fastrtps_c
[0.084s] [ 67%] Built target ego_planner__rosidl_typesupport_introspection_cpp
[0.084s] [ 69%] Built target ego_planner__rosidl_typesupport_cpp
[0.087s] [ 76%] Built target ego_planner__rosidl_typesupport_fastrtps_cpp
[0.103s] [ 76%] Built target ego_planner
[0.105s] [ 80%] Built target motion_plan
[0.120s] [ 82%] Built target ego_planner__py
[0.137s] [ 86%] Built target ego_planner__rosidl_generator_py
[0.155s] [ 95%] Built target ego_planner_s__rosidl_typesupport_fastrtps_c
[0.155s] [ 95%] Built target ego_planner_s__rosidl_typesupport_introspection_c
[0.158s] [100%] Built target ego_planner_s__rosidl_typesupport_c
[0.192s] running egg_info
[0.204s] writing ego_planner.egg-info/PKG-INFO
[0.204s] writing dependency_links to ego_planner.egg-info/dependency_links.txt
[0.204s] writing top-level names to ego_planner.egg-info/top_level.txt
[0.236s] reading manifest file 'ego_planner.egg-info/SOURCES.txt'
[0.236s] writing manifest file 'ego_planner.egg-info/SOURCES.txt'
[0.255s] [100%] Built target ament_cmake_python_build_ego_planner_egg
