[01m[K/home/juchunyu/dog_ws/src/Teb_planner_standard/Teb_planner/Teb/src/visualization.cpp:1:10:[m[K [01;31m[Kfatal error: [m[K../inc/visualization.h: æ²¡æœ‰é‚£ä¸ªæ–‡ä»¶æˆ–ç›®å½•
    1 | #include [01;31m[K"../inc/visualization.h"[m[K
      |          [01;31m[K^~~~~~~~~~~~~~~~~~~~~~~~[m[K
compilation terminated.
gmake[2]: *** [Teb/CMakeFiles/teb.dir/build.make:146ï¼šTeb/CMakeFiles/teb.dir/src/visualization.cpp.o] é”™è¯¯ 1
gmake[2]: *** æ­£åœ¨ç­‰å¾…æœªå®Œæˆçš„ä»»åŠ¡....
[01m[K/home/juchunyu/dog_ws/src/Teb_planner_standard/Teb_planner/Teb/src/obstacles.cpp:1:10:[m[K [01;31m[Kfatal error: [m[K../inc/obstacles.h: æ²¡æœ‰é‚£ä¸ªæ–‡ä»¶æˆ–ç›®å½•
    1 | #include [01;31m[K"../inc/obstacles.h"[m[K
      |          [01;31m[K^~~~~~~~~~~~~~~~~~~~[m[K
compilation terminated.
gmake[2]: *** [Teb/CMakeFiles/teb.dir/build.make:76ï¼šTeb/CMakeFiles/teb.dir/src/obstacles.cpp.o] é”™è¯¯ 1
[01m[K/home/juchunyu/dog_ws/src/Teb_planner_standard/Teb_planner/Teb/src/optimal_planner.cpp:1:10:[m[K [01;31m[Kfatal error: [m[K../inc/optimal_planner.h: æ²¡æœ‰é‚£ä¸ªæ–‡ä»¶æˆ–ç›®å½•
    1 | #include [01;31m[K"../inc/optimal_planner.h"[m[K
      |          [01;31m[K^~~~~~~~~~~~~~~~~~~~~~~~~~[m[K
compilation terminated.
gmake[2]: *** [Teb/CMakeFiles/teb.dir/build.make:90ï¼šTeb/CMakeFiles/teb.dir/src/optimal_planner.cpp.o] é”™è¯¯ 1
[01m[K/home/juchunyu/dog_ws/src/Teb_planner_standard/Teb_planner/Teb/src/teb_config.cpp:1:10:[m[K [01;31m[Kfatal error: [m[K../inc/teb_config.h: æ²¡æœ‰é‚£ä¸ªæ–‡ä»¶æˆ–ç›®å½•
    1 | #include [01;31m[K"../inc/teb_config.h"[m[K
      |          [01;31m[K^~~~~~~~~~~~~~~~~~~~~[m[K
compilation terminated.
gmake[2]: *** [Teb/CMakeFiles/teb.dir/build.make:104ï¼šTeb/CMakeFiles/teb.dir/src/teb_config.cpp.o] é”™è¯¯ 1
In file included from [01m[K/home/juchunyu/dog_ws/src/Teb_planner_standard/Teb_planner/./Teb/include/teb_local_planner_interface.h:15[m[K,
                 from [01m[K/home/juchunyu/dog_ws/src/Teb_planner_standard/Teb_planner/Teb/src/teb_local_Planner_interface.cpp:1[m[K:
[01m[K/home/juchunyu/dog_ws/src/Teb_planner_standard/Teb_planner/./Teb/include/optimal_planner.h:23:10:[m[K [01;31m[Kfatal error: [m[Kg2o/solvers/cholmod/linear_solver_cholmod.h: æ²¡æœ‰é‚£ä¸ªæ–‡ä»¶æˆ–ç›®å½•
   23 | #include [01;31m[K<g2o/solvers/cholmod/linear_solver_cholmod.h>[m[K
      |          [01;31m[K^~~~~~~~~~~~~~~~~~~~~~~~~~~~~~~~~~~~~~~~~~~~~[m[K
compilation terminated.
gmake[2]: *** [Teb/CMakeFiles/teb.dir/build.make:118ï¼šTeb/CMakeFiles/teb.dir/src/teb_local_Planner_interface.cpp.o] é”™è¯¯ 1
gmake[1]: *** [CMakeFiles/Makefile2:180ï¼šTeb/CMakeFiles/teb.dir/all] é”™è¯¯ 2
gmake: *** [Makefile:146ï¼šall] é”™è¯¯ 2
