[0.013s] Invoking command in '/home/juchunyu/dog_ws/build/teb_planner': CMAKE_PREFIX_PATH=${CMAKE_PREFIX_PATH}:/opt/ros/jazzy DEBUGINFOD_URLS=https://debuginfod.ubuntu.com /usr/bin/cmake --build /home/juchunyu/dog_ws/build/teb_planner -- -j16 -l16
[0.062s] [ 11%] [32mBuilding CXX object Teb/CMakeFiles/teb.dir/src/teb_config.cpp.o[0m
[0.062s] [ 22%] [32mBuilding CXX object Teb/CMakeFiles/teb.dir/src/obstacles.cpp.o[0m
[0.063s] [ 33%] [32mBuilding CXX object Teb/CMakeFiles/teb.dir/src/optimal_planner.cpp.o[0m
[0.064s] [ 44%] [32mBuilding CXX object Teb/CMakeFiles/teb.dir/src/teb_local_Planner_interface.cpp.o[0m
[0.067s] [ 55%] [32mBuilding CXX object Teb/CMakeFiles/teb.dir/src/visualization.cpp.o[0m
[0.786s] In file included from [01m[K/home/juchunyu/dog_ws/src/Teb_planner_standard/Teb_planner/./Teb/include/teb_local_planner_interface.h:15[m[K,
[0.786s]                  from [01m[K/home/juchunyu/dog_ws/src/Teb_planner_standard/Teb_planner/Teb/src/teb_local_Planner_interface.cpp:1[m[K:
[0.786s] [01m[K/home/juchunyu/dog_ws/src/Teb_planner_standard/Teb_planner/./Teb/include/optimal_planner.h:23:10:[m[K [01;31m[Kfatal error: [m[Kg2o/solvers/cholmod/linear_solver_cholmod.h: æ²¡æœ‰é‚£ä¸ªæ–‡ä»¶æˆ–ç›®å½•
[0.786s]    23 | #include [01;31m[K<g2o/solvers/cholmod/linear_solver_cholmod.h>[m[K
[0.786s]       |          [01;31m[K^~~~~~~~~~~~~~~~~~~~~~~~~~~~~~~~~~~~~~~~~~~~~[m[K
[0.786s] compilation terminated.
[0.795s] gmake[2]: *** [Teb/CMakeFiles/teb.dir/build.make:118ï¼šTeb/CMakeFiles/teb.dir/src/teb_local_Planner_interface.cpp.o] é”™è¯¯ 1
[0.795s] gmake[2]: *** æ­£åœ¨ç­‰å¾…æœªå®Œæˆçš„ä»»åŠ¡....
[0.836s] In file included from [01m[K/home/juchunyu/dog_ws/src/Teb_planner_standard/Teb_planner/Teb/src/visualization.cpp:2[m[K:
[0.836s] [01m[K/home/juchunyu/dog_ws/src/Teb_planner_standard/Teb_planner/Teb/src/../include/optimal_planner.h:23:10:[m[K [01;31m[Kfatal error: [m[Kg2o/solvers/cholmod/linear_solver_cholmod.h: æ²¡æœ‰é‚£ä¸ªæ–‡ä»¶æˆ–ç›®å½•
[0.836s]    23 | #include [01;31m[K<g2o/solvers/cholmod/linear_solver_cholmod.h>[m[K
[0.836s]       |          [01;31m[K^~~~~~~~~~~~~~~~~~~~~~~~~~~~~~~~~~~~~~~~~~~~~[m[K
[0.836s] compilation terminated.
[0.850s] gmake[2]: *** [Teb/CMakeFiles/teb.dir/build.make:146ï¼šTeb/CMakeFiles/teb.dir/src/visualization.cpp.o] é”™è¯¯ 1
[0.957s] In file included from [01m[K/home/juchunyu/dog_ws/src/Teb_planner_standard/Teb_planner/Teb/src/optimal_planner.cpp:1[m[K:
[0.957s] [01m[K/home/juchunyu/dog_ws/src/Teb_planner_standard/Teb_planner/Teb/src/../include/optimal_planner.h:23:10:[m[K [01;31m[Kfatal error: [m[Kg2o/solvers/cholmod/linear_solver_cholmod.h: æ²¡æœ‰é‚£ä¸ªæ–‡ä»¶æˆ–ç›®å½•
[0.957s]    23 | #include [01;31m[K<g2o/solvers/cholmod/linear_solver_cholmod.h>[m[K
[0.957s]       |          [01;31m[K^~~~~~~~~~~~~~~~~~~~~~~~~~~~~~~~~~~~~~~~~~~~~[m[K
[0.957s] compilation terminated.
[0.967s] gmake[2]: *** [Teb/CMakeFiles/teb.dir/build.make:90ï¼šTeb/CMakeFiles/teb.dir/src/optimal_planner.cpp.o] é”™è¯¯ 1
[2.222s] gmake[1]: *** [CMakeFiles/Makefile2:180ï¼šTeb/CMakeFiles/teb.dir/all] é”™è¯¯ 2
[2.222s] gmake: *** [Makefile:146ï¼šall] é”™è¯¯ 2
[2.224s] Invoked command in '/home/juchunyu/dog_ws/build/teb_planner' returned '2': CMAKE_PREFIX_PATH=${CMAKE_PREFIX_PATH}:/opt/ros/jazzy DEBUGINFOD_URLS=https://debuginfod.ubuntu.com /usr/bin/cmake --build /home/juchunyu/dog_ws/build/teb_planner -- -j16 -l16
