[0.007s] Invoking command in '/home/juchunyu/dog_ws/build/dog_control': CMAKE_PREFIX_PATH=${CMAKE_PREFIX_PATH}:/opt/ros/jazzy DEBUGINFOD_URLS=https://debuginfod.ubuntu.com /usr/bin/cmake --build /home/juchunyu/dog_ws/build/dog_control -- -j16 -l16
[0.025s] -- Found ament_cmake: 2.5.4 (/opt/ros/jazzy/share/ament_cmake/cmake)
[0.175s] -- Found rclcpp: 28.1.12 (/opt/ros/jazzy/share/rclcpp/cmake)
[0.191s] -- Found rosidl_generator_c: 4.6.6 (/opt/ros/jazzy/share/rosidl_generator_c/cmake)
[0.197s] -- Found rosidl_generator_cpp: 4.6.6 (/opt/ros/jazzy/share/rosidl_generator_cpp/cmake)
[0.203s] -- Using all available rosidl_typesupport_c: rosidl_typesupport_fastrtps_c;rosidl_typesupport_introspection_c
[0.211s] -- Using all available rosidl_typesupport_cpp: rosidl_typesupport_fastrtps_cpp;rosidl_typesupport_introspection_cpp
[0.247s] -- Found rmw_implementation_cmake: 7.3.2 (/opt/ros/jazzy/share/rmw_implementation_cmake/cmake)
[0.248s] -- Found rmw_fastrtps_cpp: 8.4.3 (/opt/ros/jazzy/share/rmw_fastrtps_cpp/cmake)
[0.296s] -- Using RMW implementation 'rmw_fastrtps_cpp' as default
[0.334s] -- Found geometry_msgs: 5.3.6 (/opt/ros/jazzy/share/geometry_msgs/cmake)
[0.352s] -- 检测到系统架构: x86_64
[0.352s] -- 将链接的库路径: /home/juchunyu/dog_ws/src/dog_control/lib/x86_64
[0.406s] -- Configuring done (0.4s)
[0.413s] -- Generating done (0.0s)
[0.416s] -- Build files have been written to: /home/juchunyu/dog_ws/build/dog_control
[0.449s] [ 50%] Built target dog_keyboard_node
[0.450s] [ 75%] [32mBuilding CXX object CMakeFiles/dog_driver_node.dir/src/dog_driver_node.cpp.o[0m
[0.456s] [01m[K/home/juchunyu/dog_ws/src/dog_control/src/dog_driver_node.cpp:2:10:[m[K [01;31m[Kfatal error: [m[Kdog_driver.h: 没有那个文件或目录
[0.456s]     2 | #include [01;31m[K"dog_driver.h"[m[K
[0.456s]       |          [01;31m[K^~~~~~~~~~~~~~[m[K
[0.456s] compilation terminated.
[0.456s] gmake[2]: *** [CMakeFiles/dog_driver_node.dir/build.make:76：CMakeFiles/dog_driver_node.dir/src/dog_driver_node.cpp.o] 错误 1
[0.456s] gmake[1]: *** [CMakeFiles/Makefile2:139：CMakeFiles/dog_driver_node.dir/all] 错误 2
[0.456s] gmake: *** [Makefile:146：all] 错误 2
[0.458s] Invoked command in '/home/juchunyu/dog_ws/build/dog_control' returned '2': CMAKE_PREFIX_PATH=${CMAKE_PREFIX_PATH}:/opt/ros/jazzy DEBUGINFOD_URLS=https://debuginfod.ubuntu.com /usr/bin/cmake --build /home/juchunyu/dog_ws/build/dog_control -- -j16 -l16
