[  2%] Built target ego_planner__rosidl_generator_type_description
[  6%] Built target path_searching
[ 10%] Built target local_map
[ 10%] Built target ament_cmake_python_copy_ego_planner
[ 19%] Built target bspline_opt
[ 30%] Built target ego_planner__rosidl_generator_c
[ 32%] Built target ego_planner__cpp
[ 39%] Built target ego_planner__rosidl_typesupport_introspection_c
[ 41%] [32mBuilding CXX object planner/plan_manage/CMakeFiles/ego_planner_lib.dir/src/planner_interface.cpp.o[0m
[ 58%] Built target ego_planner__rosidl_typesupport_introspection_cpp
[ 58%] Built target ego_planner__rosidl_typesupport_c
[ 60%] Built target ego_planner__rosidl_typesupport_fastrtps_cpp
[ 67%] Built target ego_planner__rosidl_typesupport_cpp
[ 73%] Built target ego_planner__rosidl_typesupport_fastrtps_c
[ 73%] Built target ego_planner
[ 76%] Built target ego_planner__py
[ 80%] Built target ego_planner__rosidl_generator_py
[ 84%] Built target ego_planner_s__rosidl_typesupport_fastrtps_c
[ 89%] Built target ego_planner_s__rosidl_typesupport_introspection_c
[ 93%] Built target ego_planner_s__rosidl_typesupport_c
running egg_info
writing ego_planner.egg-info/PKG-INFO
writing dependency_links to ego_planner.egg-info/dependency_links.txt
writing top-level names to ego_planner.egg-info/top_level.txt
reading manifest file 'ego_planner.egg-info/SOURCES.txt'
writing manifest file 'ego_planner.egg-info/SOURCES.txt'
[ 93%] Built target ament_cmake_python_build_ego_planner_egg
[ 95%] [32m[1mLinking CXX static library libego_planner_lib.a[0m
[ 95%] Built target ego_planner_lib
[ 97%] [32mBuilding CXX object CMakeFiles/motion_plan.dir/src/trajectory_publisher.cpp.o[0m
