[0.006s] Invoking command in '/home/juchunyu/dog_ws/build/teb_planner': CMAKE_PREFIX_PATH=${CMAKE_PREFIX_PATH}:/opt/ros/jazzy DEBUGINFOD_URLS=https://debuginfod.ubuntu.com /usr/bin/cmake /home/juchunyu/dog_ws/src/PNC/Teb_planner -DCMAKE_INSTALL_PREFIX=/home/juchunyu/dog_ws/install/teb_planner
[0.072s] -- The C compiler identification is GNU 13.3.0
[0.114s] -- The CXX compiler identification is GNU 13.3.0
[0.126s] -- Detecting C compiler ABI info
[0.191s] -- Detecting C compiler ABI info - done
[0.199s] -- Check for working C compiler: /usr/bin/cc - skipped
[0.200s] -- Detecting C compile features
[0.200s] -- Detecting C compile features - done
[0.207s] -- Detecting CXX compiler ABI info
[0.280s] -- Detecting CXX compiler ABI info - done
[0.285s] -- Check for working CXX compiler: /usr/bin/c++ - skipped
[0.286s] -- Detecting CXX compile features
[0.286s] -- Detecting CXX compile features - done
[0.288s] -- Found ament_cmake: 2.5.4 (/opt/ros/jazzy/share/ament_cmake/cmake)
[0.393s] -- Found Python3: /usr/bin/python3 (found version "3.12.3") found components: Interpreter 
[0.475s] -- Found rclcpp: 28.1.12 (/opt/ros/jazzy/share/rclcpp/cmake)
[0.509s] -- Found rosidl_generator_c: 4.6.6 (/opt/ros/jazzy/share/rosidl_generator_c/cmake)
[0.520s] -- Found rosidl_generator_cpp: 4.6.6 (/opt/ros/jazzy/share/rosidl_generator_cpp/cmake)
[0.534s] -- Using all available rosidl_typesupport_c: rosidl_typesupport_fastrtps_c;rosidl_typesupport_introspection_c
[0.548s] -- Using all available rosidl_typesupport_cpp: rosidl_typesupport_fastrtps_cpp;rosidl_typesupport_introspection_cpp
[0.608s] -- Found rmw_implementation_cmake: 7.3.2 (/opt/ros/jazzy/share/rmw_implementation_cmake/cmake)
[0.611s] -- Found rmw_fastrtps_cpp: 8.4.3 (/opt/ros/jazzy/share/rmw_fastrtps_cpp/cmake)
[0.683s] -- Found OpenSSL: /usr/lib/x86_64-linux-gnu/libcrypto.so (found version "3.0.13")  
[0.697s] -- Found FastRTPS: /opt/ros/jazzy/include (Required is at least version "2.13") 
[0.714s] -- Using RMW implementation 'rmw_fastrtps_cpp' as default
[0.768s] -- Found nav_msgs: 5.3.6 (/opt/ros/jazzy/share/nav_msgs/cmake)
[0.815s] -- Found tf2: 0.36.14 (/opt/ros/jazzy/share/tf2/cmake)
[0.819s] -- Found tf2_ros: 0.36.14 (/opt/ros/jazzy/share/tf2_ros/cmake)
[0.922s] -- Found sensor_msgs: 5.3.6 (/opt/ros/jazzy/share/sensor_msgs/cmake)
[1.035s] -- Found Boost: /usr/lib/x86_64-linux-gnu/cmake/Boost-1.83.0/BoostConfig.cmake (found version "1.83.0") found components: thread system chrono 
[1.104s] -- Configuring done (1.1s)
[1.115s] -- Generating done (0.0s)
[1.118s] -- Build files have been written to: /home/juchunyu/dog_ws/build/teb_planner
[1.126s] Invoked command in '/home/juchunyu/dog_ws/build/teb_planner' returned '0': CMAKE_PREFIX_PATH=${CMAKE_PREFIX_PATH}:/opt/ros/jazzy DEBUGINFOD_URLS=https://debuginfod.ubuntu.com /usr/bin/cmake /home/juchunyu/dog_ws/src/PNC/Teb_planner -DCMAKE_INSTALL_PREFIX=/home/juchunyu/dog_ws/install/teb_planner
[1.127s] Invoking command in '/home/juchunyu/dog_ws/build/teb_planner': CMAKE_PREFIX_PATH=${CMAKE_PREFIX_PATH}:/opt/ros/jazzy DEBUGINFOD_URLS=https://debuginfod.ubuntu.com /usr/bin/cmake --build /home/juchunyu/dog_ws/build/teb_planner -- -j16 -l16
[1.175s] [ 12%] [32mBuilding CXX object Teb/CMakeFiles/teb.dir/src/teb_config.cpp.o[0m
[1.178s] [ 62%] [32mBuilding CXX object Teb/CMakeFiles/teb.dir/src/obstacles.cpp.o[0m
[1.178s] [ 62%] [32mBuilding CXX object Teb/CMakeFiles/teb.dir/src/timed_elastic_band.cpp.o[0m
[1.178s] [ 62%] [32mBuilding CXX object Teb/CMakeFiles/teb.dir/src/optimal_planner.cpp.o[0m
[1.178s] [ 62%] [32mBuilding CXX object Teb/CMakeFiles/teb.dir/src/teb_local_Planner_interface.cpp.o[0m
[4.035s] [01m[K/home/juchunyu/dog_ws/src/PNC/Teb_planner/Teb/src/teb_local_Planner_interface.cpp:[m[K In member function ‘[01m[Kvoid irpc::planning::TebPlannerInterface::[01;32m[KsetObstacleInfo[m[K(std::vector<irpc::planning::obstacleInfo>&)[m[K’:
[4.035s] [01m[K/home/juchunyu/dog_ws/src/PNC/Teb_planner/Teb/src/teb_local_Planner_interface.cpp:53:59:[m[K [01;35m[Kwarning: [m[Kformat ‘[01m[K%d[m[K’ expects argument of type ‘[01m[Kint[m[K’, but argument 2 has type ‘[01m[Kstd::vector<boost::shared_ptr<teb_local_planner::Obstacle> >::size_type[m[K’ {aka ‘[01m[Klong unsigned int[m[K’} [[01;35m[K]8;;https://gcc.gnu.org/onlinedocs/gcc/Warning-Options.html#index-Wformat=-Wformat=]8;;[m[K]
[4.035s]    53 |             printf("TebPlannerInterface::setObstacleInfo:[01;35m[K%d[m[K\n",[32m[Kobstacles_.size()[m[K);
[4.036s]       |                                                          [01;35m[K~^[m[K    [32m[K~~~~~~~~~~~~~~~~~[m[K
[4.036s]       |                                                           [01;35m[K|[m[K                   [32m[K|[m[K
[4.036s]       |                                                           [01;35m[Kint[m[K                 [32m[Kstd::vector<boost::shared_ptr<teb_local_planner::Obstacle> >::size_type {aka long unsigned int}[m[K
[4.036s]       |                                                          [32m[K%ld[m[K
[21.139s] [ 75%] [32m[1mLinking CXX static library libteb.a[0m
[21.485s] [ 75%] Built target teb
[21.507s] [ 87%] [32mBuilding CXX object CMakeFiles/teb_plan.dir/src/trajectory_publisher.cpp.o[0m
[24.335s] In file included from [01m[K/opt/ros/jazzy/include/rclcpp/rclcpp/logging.hpp:24[m[K,
[24.335s]                  from [01m[K/opt/ros/jazzy/include/rclcpp/rclcpp/copy_all_parameter_values.hpp:27[m[K,
[24.335s]                  from [01m[K/opt/ros/jazzy/include/rclcpp/rclcpp/rclcpp.hpp:171[m[K,
[24.335s]                  from [01m[K/home/juchunyu/dog_ws/src/PNC/Teb_planner/include/trajectory_obstacles_publisher.h:30[m[K,
[24.335s]                  from [01m[K/home/juchunyu/dog_ws/src/PNC/Teb_planner/src/trajectory_publisher.cpp:6[m[K:
[24.335s] [01m[K/home/juchunyu/dog_ws/src/PNC/Teb_planner/src/trajectory_publisher.cpp:[m[K In constructor ‘[01m[KTrajectoryAndObstaclesPublisher::[01;32m[KTrajectoryAndObstaclesPublisher[m[K()[m[K’:
[24.335s] [01m[K/home/juchunyu/dog_ws/src/PNC/Teb_planner/src/trajectory_publisher.cpp:69:37:[m[K [01;35m[Kwarning: [m[Kzero-length gnu_printf format string [[01;35m[K]8;;https://gcc.gnu.org/onlinedocs/gcc/Warning-Options.html#index-Wformat-zero-length-Wformat-zero-length]8;;[m[K]
[24.335s]    69 |     RCLCPP_INFO(this->get_logger(), [01;35m[K""[m[K);
[24.335s]       |                                     [01;35m[K^~[m[K
[40.440s] [100%] [32m[1mLinking CXX executable teb_plan[0m
[41.881s] [100%] Built target teb_plan
[41.892s] Invoked command in '/home/juchunyu/dog_ws/build/teb_planner' returned '0': CMAKE_PREFIX_PATH=${CMAKE_PREFIX_PATH}:/opt/ros/jazzy DEBUGINFOD_URLS=https://debuginfod.ubuntu.com /usr/bin/cmake --build /home/juchunyu/dog_ws/build/teb_planner -- -j16 -l16
[41.893s] Invoking command in '/home/juchunyu/dog_ws/build/teb_planner': CMAKE_PREFIX_PATH=${CMAKE_PREFIX_PATH}:/opt/ros/jazzy DEBUGINFOD_URLS=https://debuginfod.ubuntu.com /usr/bin/cmake --install /home/juchunyu/dog_ws/build/teb_planner
[41.898s] -- Install configuration: "Debug"
[41.899s] -- Installing: /home/juchunyu/dog_ws/install/teb_planner/lib/teb_planner/teb_plan
[41.970s] -- Set non-toolchain portion of runtime path of "/home/juchunyu/dog_ws/install/teb_planner/lib/teb_planner/teb_plan" to ""
[41.970s] -- Installing: /home/juchunyu/dog_ws/install/teb_planner/share/ament_index/resource_index/package_run_dependencies/teb_planner
[41.970s] -- Installing: /home/juchunyu/dog_ws/install/teb_planner/share/ament_index/resource_index/parent_prefix_path/teb_planner
[41.971s] -- Up-to-date: /home/juchunyu/dog_ws/install/teb_planner/share/teb_planner/environment/ament_prefix_path.sh
[41.971s] -- Installing: /home/juchunyu/dog_ws/install/teb_planner/share/teb_planner/environment/ament_prefix_path.dsv
[41.971s] -- Up-to-date: /home/juchunyu/dog_ws/install/teb_planner/share/teb_planner/environment/path.sh
[41.971s] -- Installing: /home/juchunyu/dog_ws/install/teb_planner/share/teb_planner/environment/path.dsv
[41.971s] -- Installing: /home/juchunyu/dog_ws/install/teb_planner/share/teb_planner/local_setup.bash
[41.971s] -- Installing: /home/juchunyu/dog_ws/install/teb_planner/share/teb_planner/local_setup.sh
[41.971s] -- Installing: /home/juchunyu/dog_ws/install/teb_planner/share/teb_planner/local_setup.zsh
[41.971s] -- Installing: /home/juchunyu/dog_ws/install/teb_planner/share/teb_planner/local_setup.dsv
[41.971s] -- Installing: /home/juchunyu/dog_ws/install/teb_planner/share/teb_planner/package.dsv
[41.971s] -- Installing: /home/juchunyu/dog_ws/install/teb_planner/share/ament_index/resource_index/packages/teb_planner
[41.971s] -- Installing: /home/juchunyu/dog_ws/install/teb_planner/share/teb_planner/cmake/teb_plannerConfig.cmake
[41.971s] -- Installing: /home/juchunyu/dog_ws/install/teb_planner/share/teb_planner/cmake/teb_plannerConfig-version.cmake
[41.971s] -- Up-to-date: /home/juchunyu/dog_ws/install/teb_planner/share/teb_planner/package.xml
[41.973s] Invoked command in '/home/juchunyu/dog_ws/build/teb_planner' returned '0': CMAKE_PREFIX_PATH=${CMAKE_PREFIX_PATH}:/opt/ros/jazzy DEBUGINFOD_URLS=https://debuginfod.ubuntu.com /usr/bin/cmake --install /home/juchunyu/dog_ws/build/teb_planner
