[0.007s] Invoking command in '/home/juchunyu/dog_ws/build/ego_planner': CMAKE_PREFIX_PATH=${CMAKE_PREFIX_PATH}:/opt/ros/jazzy DEBUGINFOD_URLS=https://debuginfod.ubuntu.com /usr/bin/cmake --build /home/juchunyu/dog_ws/build/ego_planner -- -j16 -l16
[0.043s] [  2%] Built target ego_planner__rosidl_generator_type_description
[0.045s] [  6%] Built target path_searching
[0.046s] [ 10%] Built target local_map
[0.054s] [ 10%] Built target ament_cmake_python_copy_ego_planner
[0.055s] [ 19%] Built target bspline_opt
[0.057s] [ 21%] Built target ego_planner__cpp
[0.058s] [ 32%] Built target ego_planner__rosidl_generator_c
[0.075s] [ 39%] Built target ego_planner__rosidl_typesupport_introspection_c
[0.075s] [ 45%] Built target ego_planner__rosidl_typesupport_fastrtps_c
[0.076s] [ 56%] Built target ego_planner__rosidl_typesupport_introspection_cpp
[0.076s] [ 58%] Built target ego_planner__rosidl_typesupport_cpp
[0.077s] [ 63%] Built target ego_planner_lib
[0.080s] [ 69%] Built target ego_planner__rosidl_typesupport_c
[0.081s] [ 76%] Built target ego_planner__rosidl_typesupport_fastrtps_cpp
[0.096s] [ 76%] Built target ego_planner
[0.108s] [ 78%] [32mBuilding CXX object CMakeFiles/motion_plan.dir/src/trajectory_publisher.cpp.o[0m
[0.114s] [ 80%] Built target ego_planner__py
[0.137s] [ 84%] Built target ego_planner__rosidl_generator_py
[0.156s] [ 89%] Built target ego_planner_s__rosidl_typesupport_fastrtps_c
[0.160s] [ 93%] Built target ego_planner_s__rosidl_typesupport_introspection_c
[0.160s] [ 97%] Built target ego_planner_s__rosidl_typesupport_c
[0.194s] running egg_info
[0.205s] writing ego_planner.egg-info/PKG-INFO
[0.206s] writing dependency_links to ego_planner.egg-info/dependency_links.txt
[0.206s] writing top-level names to ego_planner.egg-info/top_level.txt
[0.237s] reading manifest file 'ego_planner.egg-info/SOURCES.txt'
[0.238s] writing manifest file 'ego_planner.egg-info/SOURCES.txt'
[0.257s] [ 97%] Built target ament_cmake_python_build_ego_planner_egg
[0.274s] In file included from [01m[K/home/juchunyu/dog_ws/src/EgoPlanner-ROS2/src/trajectory_publisher.cpp:6[m[K:
[0.274s] [01m[K/home/juchunyu/dog_ws/src/EgoPlanner-ROS2/include/trajectory_obstacles_publisher.h:41:10:[m[K [01;31m[Kfatal error: [m[Ktf2_geometry_msgs/tf2_geometry_msgs.hpp: 没有那个文件或目录
[0.274s]    41 | #include [01;31m[K<tf2_geometry_msgs/tf2_geometry_msgs.hpp>[m[K
[0.274s]       |          [01;31m[K^~~~~~~~~~~~~~~~~~~~~~~~~~~~~~~~~~~~~~~~~[m[K
[0.274s] compilation terminated.
[0.276s] gmake[2]: *** [CMakeFiles/motion_plan.dir/build.make:76：CMakeFiles/motion_plan.dir/src/trajectory_publisher.cpp.o] 错误 1
[0.276s] gmake[1]: *** [CMakeFiles/Makefile2:701：CMakeFiles/motion_plan.dir/all] 错误 2
[0.276s] gmake: *** [Makefile:146：all] 错误 2
[0.278s] Invoked command in '/home/juchunyu/dog_ws/build/ego_planner' returned '2': CMAKE_PREFIX_PATH=${CMAKE_PREFIX_PATH}:/opt/ros/jazzy DEBUGINFOD_URLS=https://debuginfod.ubuntu.com /usr/bin/cmake --build /home/juchunyu/dog_ws/build/ego_planner -- -j16 -l16
