[0.007s] Invoking command in '/home/juchunyu/dog_ws/build/ego_planner': CMAKE_PREFIX_PATH=${CMAKE_PREFIX_PATH}:/opt/ros/jazzy DEBUGINFOD_URLS=https://debuginfod.ubuntu.com /usr/bin/cmake --build /home/juchunyu/dog_ws/build/ego_planner -- -j16 -l16
[0.048s] [  2%] Built target ego_planner__rosidl_generator_type_description
[0.048s] [  6%] Built target local_map
[0.056s] [ 15%] Built target bspline_opt
[0.057s] [ 19%] Built target path_searching
[0.058s] [ 19%] Built target ament_cmake_python_copy_ego_planner
[0.061s] [ 30%] Built target ego_planner__rosidl_generator_c
[0.064s] [ 32%] Built target ego_planner__cpp
[0.077s] [ 36%] Built target ego_planner_lib
[0.078s] [ 43%] Built target ego_planner__rosidl_typesupport_c
[0.079s] [ 50%] Built target ego_planner__rosidl_typesupport_introspection_c
[0.079s] [ 56%] Built target ego_planner__rosidl_typesupport_cpp
[0.081s] [ 63%] Built target ego_planner__rosidl_typesupport_fastrtps_c
[0.081s] [ 69%] Built target ego_planner__rosidl_typesupport_introspection_cpp
[0.085s] [ 76%] Built target ego_planner__rosidl_typesupport_fastrtps_cpp
[0.102s] [ 76%] Built target ego_planner
[0.107s] [ 78%] [32mBuilding CXX object CMakeFiles/motion_plan.dir/src/trajectory_publisher.cpp.o[0m
[0.119s] [ 80%] Built target ego_planner__py
[0.141s] [ 84%] Built target ego_planner__rosidl_generator_py
[0.165s] [ 89%] Built target ego_planner_s__rosidl_typesupport_c
[0.166s] [ 93%] Built target ego_planner_s__rosidl_typesupport_introspection_c
[0.167s] [ 97%] Built target ego_planner_s__rosidl_typesupport_fastrtps_c
[0.200s] running egg_info
[0.211s] writing ego_planner.egg-info/PKG-INFO
[0.212s] writing dependency_links to ego_planner.egg-info/dependency_links.txt
[0.212s] writing top-level names to ego_planner.egg-info/top_level.txt
[0.245s] reading manifest file 'ego_planner.egg-info/SOURCES.txt'
[0.246s] writing manifest file 'ego_planner.egg-info/SOURCES.txt'
[0.268s] [ 97%] Built target ament_cmake_python_build_ego_planner_egg
[2.421s] In file included from [01m[K/home/juchunyu/dog_ws/src/EgoPlanner-ROS2/./planner/plan_manage/include/plan_manage/planner_interface.h:16[m[K,
[2.421s]                  from [01m[K/home/juchunyu/dog_ws/src/EgoPlanner-ROS2/include/trajectory_obstacles_publisher.h:48[m[K,
[2.421s]                  from [01m[K/home/juchunyu/dog_ws/src/EgoPlanner-ROS2/src/trajectory_publisher.cpp:6[m[K:
[2.422s] [01m[K/home/juchunyu/dog_ws/src/EgoPlanner-ROS2/./planner/include/Bspline.h:[m[K In function ‘[01m[Kstd::ostream& ego_planner::[01;32m[Koperator<<[m[K(std::ostream&, const Bspline_<ContainerAllocator>&)[m[K’:
[2.422s] [01m[K/home/juchunyu/dog_ws/src/EgoPlanner-ROS2/./planner/include/Bspline.h:88:1:[m[K [01;35m[Kwarning: [m[Kno return statement in function returning non-void [[01;35m[K]8;;https://gcc.gnu.org/onlinedocs/gcc/Warning-Options.html#index-Wreturn-type-Wreturn-type]8;;[m[K]
[2.422s]    88 | [01;35m[K}[m[K
[2.422s]       | [01;35m[K^[m[K
[26.625s] [100%] [32m[1mLinking CXX executable motion_plan[0m
[27.125s] [100%] Built target motion_plan
[27.136s] Invoked command in '/home/juchunyu/dog_ws/build/ego_planner' returned '0': CMAKE_PREFIX_PATH=${CMAKE_PREFIX_PATH}:/opt/ros/jazzy DEBUGINFOD_URLS=https://debuginfod.ubuntu.com /usr/bin/cmake --build /home/juchunyu/dog_ws/build/ego_planner -- -j16 -l16
[27.137s] Invoking command in '/home/juchunyu/dog_ws/build/ego_planner': CMAKE_PREFIX_PATH=${CMAKE_PREFIX_PATH}:/opt/ros/jazzy DEBUGINFOD_URLS=https://debuginfod.ubuntu.com /usr/bin/cmake --install /home/juchunyu/dog_ws/build/ego_planner
[27.143s] -- Install configuration: "Release"
[27.143s] -- Up-to-date: /home/juchunyu/dog_ws/install/ego_planner/share/ament_index/resource_index/rosidl_interfaces/ego_planner
[27.143s] -- Up-to-date: /home/juchunyu/dog_ws/install/ego_planner/share/ego_planner/msg/CurrentPose.json
[27.143s] -- Up-to-date: /home/juchunyu/dog_ws/install/ego_planner/include/ego_planner/ego_planner
[27.143s] -- Up-to-date: /home/juchunyu/dog_ws/install/ego_planner/include/ego_planner/ego_planner/msg
[27.143s] -- Up-to-date: /home/juchunyu/dog_ws/install/ego_planner/include/ego_planner/ego_planner/msg/current_pose.h
[27.143s] -- Up-to-date: /home/juchunyu/dog_ws/install/ego_planner/include/ego_planner/ego_planner/msg/detail
[27.143s] -- Up-to-date: /home/juchunyu/dog_ws/install/ego_planner/include/ego_planner/ego_planner/msg/detail/current_pose__type_support.c
[27.143s] -- Up-to-date: /home/juchunyu/dog_ws/install/ego_planner/include/ego_planner/ego_planner/msg/detail/current_pose__description.c
[27.143s] -- Up-to-date: /home/juchunyu/dog_ws/install/ego_planner/include/ego_planner/ego_planner/msg/detail/current_pose__struct.h
[27.143s] -- Up-to-date: /home/juchunyu/dog_ws/install/ego_planner/include/ego_planner/ego_planner/msg/detail/current_pose__functions.c
[27.143s] -- Up-to-date: /home/juchunyu/dog_ws/install/ego_planner/include/ego_planner/ego_planner/msg/detail/current_pose__type_support.h
[27.143s] -- Up-to-date: /home/juchunyu/dog_ws/install/ego_planner/include/ego_planner/ego_planner/msg/detail/current_pose__functions.h
[27.143s] -- Up-to-date: /home/juchunyu/dog_ws/install/ego_planner/include/ego_planner/ego_planner/msg/rosidl_generator_c__visibility_control.h
[27.143s] -- Up-to-date: /home/juchunyu/dog_ws/install/ego_planner/share/ego_planner/environment/library_path.sh
[27.143s] -- Up-to-date: /home/juchunyu/dog_ws/install/ego_planner/share/ego_planner/environment/library_path.dsv
[27.143s] -- Up-to-date: /home/juchunyu/dog_ws/install/ego_planner/lib/libego_planner__rosidl_generator_c.so
[27.144s] -- Up-to-date: /home/juchunyu/dog_ws/install/ego_planner/include/ego_planner/ego_planner
[27.144s] -- Up-to-date: /home/juchunyu/dog_ws/install/ego_planner/include/ego_planner/ego_planner/msg
[27.144s] -- Up-to-date: /home/juchunyu/dog_ws/install/ego_planner/include/ego_planner/ego_planner/msg/rosidl_typesupport_fastrtps_c__visibility_control.h
[27.144s] -- Up-to-date: /home/juchunyu/dog_ws/install/ego_planner/include/ego_planner/ego_planner/msg/detail
[27.144s] -- Up-to-date: /home/juchunyu/dog_ws/install/ego_planner/include/ego_planner/ego_planner/msg/detail/current_pose__rosidl_typesupport_fastrtps_c.h
[27.144s] -- Up-to-date: /home/juchunyu/dog_ws/install/ego_planner/lib/libego_planner__rosidl_typesupport_fastrtps_c.so
[27.144s] -- Up-to-date: /home/juchunyu/dog_ws/install/ego_planner/include/ego_planner/ego_planner
[27.144s] -- Up-to-date: /home/juchunyu/dog_ws/install/ego_planner/include/ego_planner/ego_planner/msg
[27.144s] -- Up-to-date: /home/juchunyu/dog_ws/install/ego_planner/include/ego_planner/ego_planner/msg/rosidl_generator_cpp__visibility_control.hpp
[27.144s] -- Up-to-date: /home/juchunyu/dog_ws/install/ego_planner/include/ego_planner/ego_planner/msg/detail
[27.144s] -- Up-to-date: /home/juchunyu/dog_ws/install/ego_planner/include/ego_planner/ego_planner/msg/detail/current_pose__type_support.hpp
[27.144s] -- Up-to-date: /home/juchunyu/dog_ws/install/ego_planner/include/ego_planner/ego_planner/msg/detail/current_pose__traits.hpp
[27.144s] -- Up-to-date: /home/juchunyu/dog_ws/install/ego_planner/include/ego_planner/ego_planner/msg/detail/current_pose__struct.hpp
[27.144s] -- Up-to-date: /home/juchunyu/dog_ws/install/ego_planner/include/ego_planner/ego_planner/msg/detail/current_pose__builder.hpp
[27.144s] -- Up-to-date: /home/juchunyu/dog_ws/install/ego_planner/include/ego_planner/ego_planner/msg/current_pose.hpp
[27.144s] -- Up-to-date: /home/juchunyu/dog_ws/install/ego_planner/include/ego_planner/ego_planner
[27.144s] -- Up-to-date: /home/juchunyu/dog_ws/install/ego_planner/include/ego_planner/ego_planner/msg
[27.144s] -- Up-to-date: /home/juchunyu/dog_ws/install/ego_planner/include/ego_planner/ego_planner/msg/detail
[27.144s] -- Up-to-date: /home/juchunyu/dog_ws/install/ego_planner/include/ego_planner/ego_planner/msg/detail/current_pose__rosidl_typesupport_fastrtps_cpp.hpp
[27.144s] -- Up-to-date: /home/juchunyu/dog_ws/install/ego_planner/include/ego_planner/ego_planner/msg/detail/dds_fastrtps
[27.144s] -- Up-to-date: /home/juchunyu/dog_ws/install/ego_planner/include/ego_planner/ego_planner/msg/rosidl_typesupport_fastrtps_cpp__visibility_control.h
[27.144s] -- Up-to-date: /home/juchunyu/dog_ws/install/ego_planner/lib/libego_planner__rosidl_typesupport_fastrtps_cpp.so
[27.144s] -- Up-to-date: /home/juchunyu/dog_ws/install/ego_planner/include/ego_planner/ego_planner
[27.144s] -- Up-to-date: /home/juchunyu/dog_ws/install/ego_planner/include/ego_planner/ego_planner/msg
[27.144s] -- Up-to-date: /home/juchunyu/dog_ws/install/ego_planner/include/ego_planner/ego_planner/msg/detail
[27.145s] -- Up-to-date: /home/juchunyu/dog_ws/install/ego_planner/include/ego_planner/ego_planner/msg/detail/current_pose__type_support.c
[27.145s] -- Up-to-date: /home/juchunyu/dog_ws/install/ego_planner/include/ego_planner/ego_planner/msg/detail/current_pose__rosidl_typesupport_introspection_c.h
[27.145s] -- Up-to-date: /home/juchunyu/dog_ws/install/ego_planner/include/ego_planner/ego_planner/msg/rosidl_typesupport_introspection_c__visibility_control.h
[27.145s] -- Up-to-date: /home/juchunyu/dog_ws/install/ego_planner/lib/libego_planner__rosidl_typesupport_introspection_c.so
[27.145s] -- Up-to-date: /home/juchunyu/dog_ws/install/ego_planner/lib/libego_planner__rosidl_typesupport_c.so
[27.145s] -- Up-to-date: /home/juchunyu/dog_ws/install/ego_planner/include/ego_planner/ego_planner
[27.145s] -- Up-to-date: /home/juchunyu/dog_ws/install/ego_planner/include/ego_planner/ego_planner/msg
[27.145s] -- Up-to-date: /home/juchunyu/dog_ws/install/ego_planner/include/ego_planner/ego_planner/msg/detail
[27.145s] -- Up-to-date: /home/juchunyu/dog_ws/install/ego_planner/include/ego_planner/ego_planner/msg/detail/current_pose__rosidl_typesupport_introspection_cpp.hpp
[27.145s] -- Up-to-date: /home/juchunyu/dog_ws/install/ego_planner/include/ego_planner/ego_planner/msg/detail/current_pose__type_support.cpp
[27.145s] -- Up-to-date: /home/juchunyu/dog_ws/install/ego_planner/lib/libego_planner__rosidl_typesupport_introspection_cpp.so
[27.145s] -- Up-to-date: /home/juchunyu/dog_ws/install/ego_planner/lib/libego_planner__rosidl_typesupport_cpp.so
[27.145s] -- Up-to-date: /home/juchunyu/dog_ws/install/ego_planner/share/ego_planner/environment/pythonpath.sh
[27.145s] -- Up-to-date: /home/juchunyu/dog_ws/install/ego_planner/share/ego_planner/environment/pythonpath.dsv
[27.145s] -- Up-to-date: /home/juchunyu/dog_ws/install/ego_planner/lib/python3.12/site-packages/ego_planner-0.0.0-py3.12.egg-info
[27.145s] -- Installing: /home/juchunyu/dog_ws/install/ego_planner/lib/python3.12/site-packages/ego_planner-0.0.0-py3.12.egg-info/dependency_links.txt
[27.145s] -- Installing: /home/juchunyu/dog_ws/install/ego_planner/lib/python3.12/site-packages/ego_planner-0.0.0-py3.12.egg-info/SOURCES.txt
[27.145s] -- Installing: /home/juchunyu/dog_ws/install/ego_planner/lib/python3.12/site-packages/ego_planner-0.0.0-py3.12.egg-info/top_level.txt
[27.145s] -- Installing: /home/juchunyu/dog_ws/install/ego_planner/lib/python3.12/site-packages/ego_planner-0.0.0-py3.12.egg-info/PKG-INFO
[27.145s] -- Up-to-date: /home/juchunyu/dog_ws/install/ego_planner/lib/python3.12/site-packages/ego_planner
[27.145s] -- Up-to-date: /home/juchunyu/dog_ws/install/ego_planner/lib/python3.12/site-packages/ego_planner/ego_planner_s__rosidl_typesupport_introspection_c.so
[27.145s] -- Up-to-date: /home/juchunyu/dog_ws/install/ego_planner/lib/python3.12/site-packages/ego_planner/_ego_planner_s.ep.rosidl_typesupport_c.c
[27.145s] -- Up-to-date: /home/juchunyu/dog_ws/install/ego_planner/lib/python3.12/site-packages/ego_planner/ego_planner_s__rosidl_typesupport_c.so
[27.145s] -- Up-to-date: /home/juchunyu/dog_ws/install/ego_planner/lib/python3.12/site-packages/ego_planner/__init__.py
[27.145s] -- Up-to-date: /home/juchunyu/dog_ws/install/ego_planner/lib/python3.12/site-packages/ego_planner/_ego_planner_s.ep.rosidl_typesupport_introspection_c.c
[27.145s] -- Up-to-date: /home/juchunyu/dog_ws/install/ego_planner/lib/python3.12/site-packages/ego_planner/ego_planner_s__rosidl_typesupport_fastrtps_c.so
[27.145s] -- Up-to-date: /home/juchunyu/dog_ws/install/ego_planner/lib/python3.12/site-packages/ego_planner/msg
[27.145s] -- Up-to-date: /home/juchunyu/dog_ws/install/ego_planner/lib/python3.12/site-packages/ego_planner/msg/__init__.py
[27.146s] -- Up-to-date: /home/juchunyu/dog_ws/install/ego_planner/lib/python3.12/site-packages/ego_planner/msg/_current_pose.py
[27.146s] -- Up-to-date: /home/juchunyu/dog_ws/install/ego_planner/lib/python3.12/site-packages/ego_planner/msg/_current_pose_s.c
[27.146s] -- Up-to-date: /home/juchunyu/dog_ws/install/ego_planner/lib/python3.12/site-packages/ego_planner/_ego_planner_s.ep.rosidl_typesupport_fastrtps_c.c
[27.168s] Listing '/home/juchunyu/dog_ws/install/ego_planner/lib/python3.12/site-packages/ego_planner'...
[27.168s] Listing '/home/juchunyu/dog_ws/install/ego_planner/lib/python3.12/site-packages/ego_planner/msg'...
[27.172s] -- Up-to-date: /home/juchunyu/dog_ws/install/ego_planner/lib/python3.12/site-packages/ego_planner/ego_planner_s__rosidl_typesupport_fastrtps_c.so
[27.172s] -- Up-to-date: /home/juchunyu/dog_ws/install/ego_planner/lib/python3.12/site-packages/ego_planner/ego_planner_s__rosidl_typesupport_introspection_c.so
[27.172s] -- Up-to-date: /home/juchunyu/dog_ws/install/ego_planner/lib/python3.12/site-packages/ego_planner/ego_planner_s__rosidl_typesupport_c.so
[27.172s] -- Up-to-date: /home/juchunyu/dog_ws/install/ego_planner/lib/libego_planner__rosidl_generator_py.so
[27.172s] -- Up-to-date: /home/juchunyu/dog_ws/install/ego_planner/share/ego_planner/msg/CurrentPose.idl
[27.172s] -- Up-to-date: /home/juchunyu/dog_ws/install/ego_planner/share/ego_planner/msg/CurrentPose.msg
[27.172s] -- Installing: /home/juchunyu/dog_ws/install/ego_planner/lib/ego_planner/motion_plan
[27.216s] -- Set non-toolchain portion of runtime path of "/home/juchunyu/dog_ws/install/ego_planner/lib/ego_planner/motion_plan" to ""
[27.216s] -- Up-to-date: /home/juchunyu/dog_ws/install/ego_planner/share/ament_index/resource_index/package_run_dependencies/ego_planner
[27.217s] -- Up-to-date: /home/juchunyu/dog_ws/install/ego_planner/share/ament_index/resource_index/parent_prefix_path/ego_planner
[27.217s] -- Up-to-date: /home/juchunyu/dog_ws/install/ego_planner/share/ego_planner/environment/ament_prefix_path.sh
[27.217s] -- Up-to-date: /home/juchunyu/dog_ws/install/ego_planner/share/ego_planner/environment/ament_prefix_path.dsv
[27.217s] -- Up-to-date: /home/juchunyu/dog_ws/install/ego_planner/share/ego_planner/environment/path.sh
[27.217s] -- Up-to-date: /home/juchunyu/dog_ws/install/ego_planner/share/ego_planner/environment/path.dsv
[27.217s] -- Up-to-date: /home/juchunyu/dog_ws/install/ego_planner/share/ego_planner/local_setup.bash
[27.217s] -- Up-to-date: /home/juchunyu/dog_ws/install/ego_planner/share/ego_planner/local_setup.sh
[27.217s] -- Up-to-date: /home/juchunyu/dog_ws/install/ego_planner/share/ego_planner/local_setup.zsh
[27.217s] -- Up-to-date: /home/juchunyu/dog_ws/install/ego_planner/share/ego_planner/local_setup.dsv
[27.217s] -- Installing: /home/juchunyu/dog_ws/install/ego_planner/share/ego_planner/package.dsv
[27.217s] -- Up-to-date: /home/juchunyu/dog_ws/install/ego_planner/share/ament_index/resource_index/packages/ego_planner
[27.217s] -- Up-to-date: /home/juchunyu/dog_ws/install/ego_planner/share/ego_planner/cmake/export_ego_planner__rosidl_generator_cExport.cmake
[27.218s] -- Up-to-date: /home/juchunyu/dog_ws/install/ego_planner/share/ego_planner/cmake/export_ego_planner__rosidl_generator_cExport-release.cmake
[27.218s] -- Up-to-date: /home/juchunyu/dog_ws/install/ego_planner/share/ego_planner/cmake/export_ego_planner__rosidl_typesupport_fastrtps_cExport.cmake
[27.218s] -- Up-to-date: /home/juchunyu/dog_ws/install/ego_planner/share/ego_planner/cmake/export_ego_planner__rosidl_typesupport_fastrtps_cExport-release.cmake
[27.218s] -- Up-to-date: /home/juchunyu/dog_ws/install/ego_planner/share/ego_planner/cmake/export_ego_planner__rosidl_generator_cppExport.cmake
[27.218s] -- Up-to-date: /home/juchunyu/dog_ws/install/ego_planner/share/ego_planner/cmake/export_ego_planner__rosidl_typesupport_fastrtps_cppExport.cmake
[27.218s] -- Up-to-date: /home/juchunyu/dog_ws/install/ego_planner/share/ego_planner/cmake/export_ego_planner__rosidl_typesupport_fastrtps_cppExport-release.cmake
[27.218s] -- Up-to-date: /home/juchunyu/dog_ws/install/ego_planner/share/ego_planner/cmake/ego_planner__rosidl_typesupport_introspection_cExport.cmake
[27.218s] -- Up-to-date: /home/juchunyu/dog_ws/install/ego_planner/share/ego_planner/cmake/ego_planner__rosidl_typesupport_introspection_cExport-release.cmake
[27.218s] -- Up-to-date: /home/juchunyu/dog_ws/install/ego_planner/share/ego_planner/cmake/ego_planner__rosidl_typesupport_cExport.cmake
[27.218s] -- Up-to-date: /home/juchunyu/dog_ws/install/ego_planner/share/ego_planner/cmake/ego_planner__rosidl_typesupport_cExport-release.cmake
[27.218s] -- Up-to-date: /home/juchunyu/dog_ws/install/ego_planner/share/ego_planner/cmake/ego_planner__rosidl_typesupport_introspection_cppExport.cmake
[27.218s] -- Up-to-date: /home/juchunyu/dog_ws/install/ego_planner/share/ego_planner/cmake/ego_planner__rosidl_typesupport_introspection_cppExport-release.cmake
[27.219s] -- Up-to-date: /home/juchunyu/dog_ws/install/ego_planner/share/ego_planner/cmake/ego_planner__rosidl_typesupport_cppExport.cmake
[27.219s] -- Up-to-date: /home/juchunyu/dog_ws/install/ego_planner/share/ego_planner/cmake/ego_planner__rosidl_typesupport_cppExport-release.cmake
[27.219s] -- Up-to-date: /home/juchunyu/dog_ws/install/ego_planner/share/ego_planner/cmake/export_ego_planner__rosidl_generator_pyExport.cmake
[27.219s] -- Up-to-date: /home/juchunyu/dog_ws/install/ego_planner/share/ego_planner/cmake/export_ego_planner__rosidl_generator_pyExport-release.cmake
[27.219s] -- Up-to-date: /home/juchunyu/dog_ws/install/ego_planner/share/ego_planner/cmake/rosidl_cmake-extras.cmake
[27.219s] -- Up-to-date: /home/juchunyu/dog_ws/install/ego_planner/share/ego_planner/cmake/ament_cmake_export_dependencies-extras.cmake
[27.219s] -- Up-to-date: /home/juchunyu/dog_ws/install/ego_planner/share/ego_planner/cmake/ament_cmake_export_include_directories-extras.cmake
[27.219s] -- Up-to-date: /home/juchunyu/dog_ws/install/ego_planner/share/ego_planner/cmake/ament_cmake_export_libraries-extras.cmake
[27.219s] -- Up-to-date: /home/juchunyu/dog_ws/install/ego_planner/share/ego_planner/cmake/ament_cmake_export_targets-extras.cmake
[27.219s] -- Up-to-date: /home/juchunyu/dog_ws/install/ego_planner/share/ego_planner/cmake/rosidl_cmake_export_typesupport_targets-extras.cmake
[27.220s] -- Up-to-date: /home/juchunyu/dog_ws/install/ego_planner/share/ego_planner/cmake/rosidl_cmake_export_typesupport_libraries-extras.cmake
[27.220s] -- Up-to-date: /home/juchunyu/dog_ws/install/ego_planner/share/ego_planner/cmake/ego_plannerConfig.cmake
[27.220s] -- Up-to-date: /home/juchunyu/dog_ws/install/ego_planner/share/ego_planner/cmake/ego_plannerConfig-version.cmake
[27.220s] -- Up-to-date: /home/juchunyu/dog_ws/install/ego_planner/share/ego_planner/package.xml
[27.220s] Invoked command in '/home/juchunyu/dog_ws/build/ego_planner' returned '0': CMAKE_PREFIX_PATH=${CMAKE_PREFIX_PATH}:/opt/ros/jazzy DEBUGINFOD_URLS=https://debuginfod.ubuntu.com /usr/bin/cmake --install /home/juchunyu/dog_ws/build/ego_planner
