[  2%] Built target ego_planner__rosidl_generator_type_description
[  6%] Built target path_searching
[ 15%] Built target bspline_opt
[ 19%] Built target local_map
[ 21%] Built target ego_planner__cpp
[ 21%] Built target ament_cmake_python_copy_ego_planner
[ 32%] Built target ego_planner__rosidl_generator_c
[ 36%] Built target ego_planner_lib
[ 43%] Built target ego_planner__rosidl_typesupport_introspection_c
[ 50%] Built target ego_planner__rosidl_typesupport_introspection_cpp
[ 56%] Built target ego_planner__rosidl_typesupport_fastrtps_cpp
[ 63%] Built target ego_planner__rosidl_typesupport_fastrtps_c
[ 69%] Built target ego_planner__rosidl_typesupport_c
[ 76%] Built target ego_planner__rosidl_typesupport_cpp
[ 76%] Built target ego_planner
[ 78%] [32mBuilding CXX object CMakeFiles/motion_plan.dir/src/trajectory_publisher.cpp.o[0m
[ 80%] Built target ego_planner__py
[ 84%] Built target ego_planner__rosidl_generator_py
[ 89%] Built target ego_planner_s__rosidl_typesupport_fastrtps_c
[ 97%] Built target ego_planner_s__rosidl_typesupport_c
[ 97%] Built target ego_planner_s__rosidl_typesupport_introspection_c
running egg_info
writing ego_planner.egg-info/PKG-INFO
writing dependency_links to ego_planner.egg-info/dependency_links.txt
writing top-level names to ego_planner.egg-info/top_level.txt
reading manifest file 'ego_planner.egg-info/SOURCES.txt'
writing manifest file 'ego_planner.egg-info/SOURCES.txt'
[ 97%] Built target ament_cmake_python_build_ego_planner_egg
In file included from [01m[K/home/juchunyu/dog_ws/src/EgoPlanner-ROS2/./planner/plan_manage/include/plan_manage/planner_interface.h:16[m[K,
                 from [01m[K/home/juchunyu/dog_ws/src/EgoPlanner-ROS2/include/trajectory_obstacles_publisher.h:48[m[K,
                 from [01m[K/home/juchunyu/dog_ws/src/EgoPlanner-ROS2/src/trajectory_publisher.cpp:6[m[K:
[01m[K/home/juchunyu/dog_ws/src/EgoPlanner-ROS2/./planner/include/Bspline.h:[m[K In function ‘[01m[Kstd::ostream& ego_planner::[01;32m[Koperator<<[m[K(std::ostream&, const Bspline_<ContainerAllocator>&)[m[K’:
[01m[K/home/juchunyu/dog_ws/src/EgoPlanner-ROS2/./planner/include/Bspline.h:88:1:[m[K [01;35m[Kwarning: [m[Kno return statement in function returning non-void [[01;35m[K]8;;https://gcc.gnu.org/onlinedocs/gcc/Warning-Options.html#index-Wreturn-type-Wreturn-type]8;;[m[K]
   88 | [01;35m[K}[m[K
      | [01;35m[K^[m[K
[01m[K/home/juchunyu/dog_ws/src/EgoPlanner-ROS2/src/trajectory_publisher.cpp:[m[K In constructor ‘[01m[KTrajectoryAndObstaclesPublisher::[01;32m[KTrajectoryAndObstaclesPublisher[m[K()[m[K’:
[01m[K/home/juchunyu/dog_ws/src/EgoPlanner-ROS2/src/trajectory_publisher.cpp:28:112:[m[K [01;31m[Kerror: [m[Kno match for ‘[01m[Koperator=[m[K’ (operand types are ‘[01m[Krclcpp::Subscription<geometry_msgs::msg::PoseStamped_<std::allocator<void> > >::SharedPtr[m[K’ {aka ‘[01m[Kstd::shared_ptr<rclcpp::Subscription<geometry_msgs::msg::PoseStamped_<std::allocator<void> > > >[m[K’} and ‘[01m[Kstd::shared_ptr<rclcpp::Subscription<nav_msgs::msg::Odometry_<std::allocator<void> >, std::allocator<void>, nav_msgs::msg::Odometry_<std::allocator<void> >, nav_msgs::msg::Odometry_<std::allocator<void> >, rclcpp::message_memory_strategy::MessageMemoryStrategy<nav_msgs::msg::Odometry_<std::allocator<void> >, std::allocator<void> > > >[m[K’)
   28 |             "odom", 10, std::bind(&TrajectoryAndObstaclesPublisher::odom_callback, this, std::placeholders::_1)[01;31m[K)[m[K;
      |                                                                                                                [01;31m[K^[m[K
In file included from [01m[K/usr/include/c++/13/memory:80[m[K,
                 from [01m[K/opt/ros/jazzy/include/rclcpp/rclcpp/rclcpp.hpp:169[m[K,
                 from [01m[K/home/juchunyu/dog_ws/src/EgoPlanner-ROS2/include/trajectory_obstacles_publisher.h:30[m[K:
[01m[K/usr/include/c++/13/bits/shared_ptr.h:418:9:[m[K [01;36m[Knote: [m[Kcandidate: ‘[01m[Ktemplate<class _Yp> std::shared_ptr<_Tp>::_Assignable<const std::shared_ptr<_Yp>&> std::shared_ptr<_Tp>::[01;32m[Koperator=[m[K(const std::shared_ptr<_Yp>&) [35m[K[with _Tp = rclcpp::Subscription<geometry_msgs::msg::PoseStamped_<std::allocator<void> > >][m[K[m[K’
  418 |         [01;36m[Koperator[m[K=(const shared_ptr<_Yp>& __r) noexcept
      |         [01;36m[K^~~~~~~~[m[K
[01m[K/usr/include/c++/13/bits/shared_ptr.h:418:9:[m[K [01;36m[Knote: [m[K  template argument deduction/substitution failed:
/usr/include/c++/13/bits/shared_ptr.h: In substitution of ‘[01m[Ktemplate<class _Tp> template<class _Arg> using std::shared_ptr<_Tp>::_Assignable = typename std::enable_if<std::is_assignable<std::__shared_ptr<_Tp>&, _Arg>::value, std::shared_ptr<_Tp>&>::type [35m[K[with _Arg = const std::shared_ptr<rclcpp::Subscription<nav_msgs::msg::Odometry_<std::allocator<void> >, std::allocator<void>, nav_msgs::msg::Odometry_<std::allocator<void> >, nav_msgs::msg::Odometry_<std::allocator<void> >, rclcpp::message_memory_strategy::MessageMemoryStrategy<nav_msgs::msg::Odometry_<std::allocator<void> >, std::allocator<void> > > >&; _Tp = rclcpp::Subscription<geometry_msgs::msg::PoseStamped_<std::allocator<void> > >][m[K[m[K’:
[01m[K/usr/include/c++/13/bits/shared_ptr.h:418:2:[m[K   required by substitution of ‘[01m[Ktemplate<class _Yp> std::shared_ptr<rclcpp::Subscription<geometry_msgs::msg::PoseStamped_<std::allocator<void> > > >::_Assignable<const std::shared_ptr<_Tp>&> std::shared_ptr<rclcpp::Subscription<geometry_msgs::msg::PoseStamped_<std::allocator<void> > > >::[01;32m[Koperator=[m[K(const std::shared_ptr<_Tp>&) [35m[K[with _Yp = rclcpp::Subscription<nav_msgs::msg::Odometry_<std::allocator<void> >, std::allocator<void>, nav_msgs::msg::Odometry_<std::allocator<void> >, nav_msgs::msg::Odometry_<std::allocator<void> >, rclcpp::message_memory_strategy::MessageMemoryStrategy<nav_msgs::msg::Odometry_<std::allocator<void> >, std::allocator<void> > >][m[K[m[K’
[01m[K/home/juchunyu/dog_ws/src/EgoPlanner-ROS2/src/trajectory_publisher.cpp:28:112:[m[K   required from here
[01m[K/usr/include/c++/13/bits/shared_ptr.h:183:15:[m[K [01;31m[Kerror: [m[Kno type named ‘[01m[Ktype[m[K’ in ‘[01m[Kstruct std::enable_if<false, std::shared_ptr<rclcpp::Subscription<geometry_msgs::msg::PoseStamped_<std::allocator<void> > > >&>[m[K’
  183 |         using [01;31m[K_Assignable[m[K = typename enable_if<
      |               [01;31m[K^~~~~~~~~~~[m[K
[01m[K/usr/include/c++/13/bits/shared_ptr.h:429:9:[m[K [01;36m[Knote: [m[Kcandidate: ‘[01m[Ktemplate<class _Yp> std::shared_ptr<_Tp>::_Assignable<std::auto_ptr<_Up> > std::shared_ptr<_Tp>::[01;32m[Koperator=[m[K(std::auto_ptr<_Up>&&) [35m[K[with _Tp = rclcpp::Subscription<geometry_msgs::msg::PoseStamped_<std::allocator<void> > >][m[K[m[K’
  429 |         [01;36m[Koperator[m[K=(auto_ptr<_Yp>&& __r)
      |         [01;36m[K^~~~~~~~[m[K
[01m[K/usr/include/c++/13/bits/shared_ptr.h:429:9:[m[K [01;36m[Knote: [m[K  template argument deduction/substitution failed:
[01m[K/home/juchunyu/dog_ws/src/EgoPlanner-ROS2/src/trajectory_publisher.cpp:28:112:[m[K [01;36m[Knote: [m[K  ‘[01m[Kstd::shared_ptr<rclcpp::Subscription<nav_msgs::msg::Odometry_<std::allocator<void> >, std::allocator<void>, nav_msgs::msg::Odometry_<std::allocator<void> >, nav_msgs::msg::Odometry_<std::allocator<void> >, rclcpp::message_memory_strategy::MessageMemoryStrategy<nav_msgs::msg::Odometry_<std::allocator<void> >, std::allocator<void> > > >[m[K’ is not derived from ‘[01m[Kstd::auto_ptr<_Up>[m[K’
   28 |             "odom", 10, std::bind(&TrajectoryAndObstaclesPublisher::odom_callback, this, std::placeholders::_1)[01;36m[K)[m[K;
      |                                                                                                                [01;36m[K^[m[K
[01m[K/usr/include/c++/13/bits/shared_ptr.h:446:9:[m[K [01;36m[Knote: [m[Kcandidate: ‘[01m[Ktemplate<class _Yp> std::shared_ptr<_Tp>::_Assignable<std::shared_ptr<_Yp> > std::shared_ptr<_Tp>::[01;32m[Koperator=[m[K(std::shared_ptr<_Yp>&&) [35m[K[with _Tp = rclcpp::Subscription<geometry_msgs::msg::PoseStamped_<std::allocator<void> > >][m[K[m[K’
  446 |         [01;36m[Koperator[m[K=(shared_ptr<_Yp>&& __r) noexcept
      |         [01;36m[K^~~~~~~~[m[K
[01m[K/usr/include/c++/13/bits/shared_ptr.h:446:9:[m[K [01;36m[Knote: [m[K  template argument deduction/substitution failed:
/usr/include/c++/13/bits/shared_ptr.h: In substitution of ‘[01m[Ktemplate<class _Tp> template<class _Arg> using std::shared_ptr<_Tp>::_Assignable = typename std::enable_if<std::is_assignable<std::__shared_ptr<_Tp>&, _Arg>::value, std::shared_ptr<_Tp>&>::type [35m[K[with _Arg = std::shared_ptr<rclcpp::Subscription<nav_msgs::msg::Odometry_<std::allocator<void> >, std::allocator<void>, nav_msgs::msg::Odometry_<std::allocator<void> >, nav_msgs::msg::Odometry_<std::allocator<void> >, rclcpp::message_memory_strategy::MessageMemoryStrategy<nav_msgs::msg::Odometry_<std::allocator<void> >, std::allocator<void> > > >; _Tp = rclcpp::Subscription<geometry_msgs::msg::PoseStamped_<std::allocator<void> > >][m[K[m[K’:
[01m[K/usr/include/c++/13/bits/shared_ptr.h:446:2:[m[K   required by substitution of ‘[01m[Ktemplate<class _Yp> std::shared_ptr<rclcpp::Subscription<geometry_msgs::msg::PoseStamped_<std::allocator<void> > > >::_Assignable<std::shared_ptr<_Tp> > std::shared_ptr<rclcpp::Subscription<geometry_msgs::msg::PoseStamped_<std::allocator<void> > > >::[01;32m[Koperator=[m[K(std::shared_ptr<_Tp>&&) [35m[K[with _Yp = rclcpp::Subscription<nav_msgs::msg::Odometry_<std::allocator<void> >, std::allocator<void>, nav_msgs::msg::Odometry_<std::allocator<void> >, nav_msgs::msg::Odometry_<std::allocator<void> >, rclcpp::message_memory_strategy::MessageMemoryStrategy<nav_msgs::msg::Odometry_<std::allocator<void> >, std::allocator<void> > >][m[K[m[K’
[01m[K/home/juchunyu/dog_ws/src/EgoPlanner-ROS2/src/trajectory_publisher.cpp:28:112:[m[K   required from here
[01m[K/usr/include/c++/13/bits/shared_ptr.h:183:15:[m[K [01;31m[Kerror: [m[Kno type named ‘[01m[Ktype[m[K’ in ‘[01m[Kstruct std::enable_if<false, std::shared_ptr<rclcpp::Subscription<geometry_msgs::msg::PoseStamped_<std::allocator<void> > > >&>[m[K’
  183 |         using [01;31m[K_Assignable[m[K = typename enable_if<
      |               [01;31m[K^~~~~~~~~~~[m[K
[01m[K/usr/include/c++/13/bits/shared_ptr.h:454:9:[m[K [01;36m[Knote: [m[Kcandidate: ‘[01m[Ktemplate<class _Yp, class _Del> std::shared_ptr<_Tp>::_Assignable<std::unique_ptr<_Up, _Ep> > std::shared_ptr<_Tp>::[01;32m[Koperator=[m[K(std::unique_ptr<_Up, _Ep>&&) [35m[K[with _Del = _Yp; _Tp = rclcpp::Subscription<geometry_msgs::msg::PoseStamped_<std::allocator<void> > >][m[K[m[K’
  454 |         [01;36m[Koperator[m[K=(unique_ptr<_Yp, _Del>&& __r)
      |         [01;36m[K^~~~~~~~[m[K
[01m[K/usr/include/c++/13/bits/shared_ptr.h:454:9:[m[K [01;36m[Knote: [m[K  template argument deduction/substitution failed:
[01m[K/home/juchunyu/dog_ws/src/EgoPlanner-ROS2/src/trajectory_publisher.cpp:28:112:[m[K [01;36m[Knote: [m[K  ‘[01m[Kstd::shared_ptr<rclcpp::Subscription<nav_msgs::msg::Odometry_<std::allocator<void> >, std::allocator<void>, nav_msgs::msg::Odometry_<std::allocator<void> >, nav_msgs::msg::Odometry_<std::allocator<void> >, rclcpp::message_memory_strategy::MessageMemoryStrategy<nav_msgs::msg::Odometry_<std::allocator<void> >, std::allocator<void> > > >[m[K’ is not derived from ‘[01m[Kstd::unique_ptr<_Tp, _Dp>[m[K’
   28 |             "odom", 10, std::bind(&TrajectoryAndObstaclesPublisher::odom_callback, this, std::placeholders::_1)[01;36m[K)[m[K;
      |                                                                                                                [01;36m[K^[m[K
[01m[K/usr/include/c++/13/bits/shared_ptr.h:414:19:[m[K [01;36m[Knote: [m[Kcandidate: ‘[01m[Kstd::shared_ptr<_Tp>& std::shared_ptr<_Tp>::[01;32m[Koperator=[m[K(const std::shared_ptr<_Tp>&) [35m[K[with _Tp = rclcpp::Subscription<geometry_msgs::msg::PoseStamped_<std::allocator<void> > >][m[K[m[K’
  414 |       shared_ptr& [01;36m[Koperator[m[K=(const shared_ptr&) noexcept = default;
      |                   [01;36m[K^~~~~~~~[m[K
[01m[K/usr/include/c++/13/bits/shared_ptr.h:414:29:[m[K [01;36m[Knote: [m[K  no known conversion for argument 1 from ‘[01m[Kstd::shared_ptr<rclcpp::Subscription<nav_msgs::msg::Odometry_<std::allocator<void> >, std::allocator<void>, nav_msgs::msg::Odometry_<std::allocator<void> >, nav_msgs::msg::Odometry_<std::allocator<void> >, rclcpp::message_memory_strategy::MessageMemoryStrategy<nav_msgs::msg::Odometry_<std::allocator<void> >, std::allocator<void> > > >[m[K’ to ‘[01m[Kconst std::shared_ptr<rclcpp::Subscription<geometry_msgs::msg::PoseStamped_<std::allocator<void> > > >&[m[K’
  414 |       shared_ptr& operator=([01;36m[Kconst shared_ptr&[m[K) noexcept = default;
      |                             [01;36m[K^~~~~~~~~~~~~~~~~[m[K
[01m[K/usr/include/c++/13/bits/shared_ptr.h:438:7:[m[K [01;36m[Knote: [m[Kcandidate: ‘[01m[Kstd::shared_ptr<_Tp>& std::shared_ptr<_Tp>::[01;32m[Koperator=[m[K(std::shared_ptr<_Tp>&&) [35m[K[with _Tp = rclcpp::Subscription<geometry_msgs::msg::PoseStamped_<std::allocator<void> > >][m[K[m[K’
  438 |       [01;36m[Koperator[m[K=(shared_ptr&& __r) noexcept
      |       [01;36m[K^~~~~~~~[m[K
[01m[K/usr/include/c++/13/bits/shared_ptr.h:438:30:[m[K [01;36m[Knote: [m[K  no known conversion for argument 1 from ‘[01m[Kstd::shared_ptr<rclcpp::Subscription<nav_msgs::msg::Odometry_<std::allocator<void> >, std::allocator<void>, nav_msgs::msg::Odometry_<std::allocator<void> >, nav_msgs::msg::Odometry_<std::allocator<void> >, rclcpp::message_memory_strategy::MessageMemoryStrategy<nav_msgs::msg::Odometry_<std::allocator<void> >, std::allocator<void> > > >[m[K’ to ‘[01m[Kstd::shared_ptr<rclcpp::Subscription<geometry_msgs::msg::PoseStamped_<std::allocator<void> > > >&&[m[K’
  438 |       operator=([01;36m[Kshared_ptr&& __r[m[K) noexcept
      |                 [01;36m[K~~~~~~~~~~~~~^~~[m[K
[01m[K/home/juchunyu/dog_ws/src/EgoPlanner-ROS2/src/trajectory_publisher.cpp:[m[K In member function ‘[01m[Kvoid TrajectoryAndObstaclesPublisher::[01;32m[Kodom_callback[m[K(nav_msgs::msg::Odometry_<std::allocator<void> >::SharedPtr)[m[K’:
[01m[K/home/juchunyu/dog_ws/src/EgoPlanner-ROS2/src/trajectory_publisher.cpp:75:29:[m[K [01;31m[Kerror: [m[K‘[01m[Kusing nav_msgs::msg::Odometry_<std::allocator<void> >::_pose_type = struct geometry_msgs::msg::PoseWithCovariance_<std::allocator<void> >[m[K’ {aka ‘[01m[Kstruct geometry_msgs::msg::PoseWithCovariance_<std::allocator<void> >[m[K’} has no member named ‘[01m[Kposition[m[K’
   75 |     cur_pose_.x = msg->pose.[01;31m[Kposition[m[K.x;
      |                             [01;31m[K^~~~~~~~[m[K
[01m[K/home/juchunyu/dog_ws/src/EgoPlanner-ROS2/src/trajectory_publisher.cpp:76:29:[m[K [01;31m[Kerror: [m[K‘[01m[Kusing nav_msgs::msg::Odometry_<std::allocator<void> >::_pose_type = struct geometry_msgs::msg::PoseWithCovariance_<std::allocator<void> >[m[K’ {aka ‘[01m[Kstruct geometry_msgs::msg::PoseWithCovariance_<std::allocator<void> >[m[K’} has no member named ‘[01m[Kposition[m[K’
   76 |     cur_pose_.y = msg->pose.[01;31m[Kposition[m[K.y;
      |                             [01;31m[K^~~~~~~~[m[K
[01m[K/home/juchunyu/dog_ws/src/EgoPlanner-ROS2/src/trajectory_publisher.cpp:80:19:[m[K [01;31m[Kerror: [m[K‘[01m[Kusing nav_msgs::msg::Odometry_<std::allocator<void> >::_pose_type = struct geometry_msgs::msg::PoseWithCovariance_<std::allocator<void> >[m[K’ {aka ‘[01m[Kstruct geometry_msgs::msg::PoseWithCovariance_<std::allocator<void> >[m[K’} has no member named ‘[01m[Korientation[m[K’
   80 |         msg->pose.[01;31m[Korientation[m[K.x,
      |                   [01;31m[K^~~~~~~~~~~[m[K
[01m[K/home/juchunyu/dog_ws/src/EgoPlanner-ROS2/src/trajectory_publisher.cpp:81:19:[m[K [01;31m[Kerror: [m[K‘[01m[Kusing nav_msgs::msg::Odometry_<std::allocator<void> >::_pose_type = struct geometry_msgs::msg::PoseWithCovariance_<std::allocator<void> >[m[K’ {aka ‘[01m[Kstruct geometry_msgs::msg::PoseWithCovariance_<std::allocator<void> >[m[K’} has no member named ‘[01m[Korientation[m[K’
   81 |         msg->pose.[01;31m[Korientation[m[K.y,
      |                   [01;31m[K^~~~~~~~~~~[m[K
[01m[K/home/juchunyu/dog_ws/src/EgoPlanner-ROS2/src/trajectory_publisher.cpp:82:19:[m[K [01;31m[Kerror: [m[K‘[01m[Kusing nav_msgs::msg::Odometry_<std::allocator<void> >::_pose_type = struct geometry_msgs::msg::PoseWithCovariance_<std::allocator<void> >[m[K’ {aka ‘[01m[Kstruct geometry_msgs::msg::PoseWithCovariance_<std::allocator<void> >[m[K’} has no member named ‘[01m[Korientation[m[K’
   82 |         msg->pose.[01;31m[Korientation[m[K.z,
      |                   [01;31m[K^~~~~~~~~~~[m[K
[01m[K/home/juchunyu/dog_ws/src/EgoPlanner-ROS2/src/trajectory_publisher.cpp:83:19:[m[K [01;31m[Kerror: [m[K‘[01m[Kusing nav_msgs::msg::Odometry_<std::allocator<void> >::_pose_type = struct geometry_msgs::msg::PoseWithCovariance_<std::allocator<void> >[m[K’ {aka ‘[01m[Kstruct geometry_msgs::msg::PoseWithCovariance_<std::allocator<void> >[m[K’} has no member named ‘[01m[Korientation[m[K’
   83 |         msg->pose.[01;31m[Korientation[m[K.w);
      |                   [01;31m[K^~~~~~~~~~~[m[K
[01m[K/home/juchunyu/dog_ws/src/EgoPlanner-ROS2/src/trajectory_publisher.cpp:92:21:[m[K [01;31m[Kerror: [m[Kredeclaration of ‘[01m[Ktf2::Quaternion q[m[K’
   92 |     tf2::Quaternion [01;31m[Kq[m[K(
      |                     [01;31m[K^[m[K
[01m[K/home/juchunyu/dog_ws/src/EgoPlanner-ROS2/src/trajectory_publisher.cpp:79:21:[m[K [01;36m[Knote: [m[K‘[01m[Ktf2::Quaternion q[m[K’ previously declared here
   79 |     tf2::Quaternion [01;36m[Kq[m[K(
      |                     [01;36m[K^[m[K
gmake[2]: *** [CMakeFiles/motion_plan.dir/build.make:76：CMakeFiles/motion_plan.dir/src/trajectory_publisher.cpp.o] 错误 1
gmake[1]: *** [CMakeFiles/Makefile2:701：CMakeFiles/motion_plan.dir/all] 错误 2
gmake: *** [Makefile:146：all] 错误 2
