[  2%] Built target ego_planner__rosidl_generator_type_description
[  6%] Built target path_searching
[ 15%] Built target bspline_opt
[ 19%] Built target local_map
[ 21%] Built target ego_planner__cpp
[ 21%] Built target ament_cmake_python_copy_ego_planner
[ 32%] Built target ego_planner__rosidl_generator_c
[ 36%] Built target ego_planner_lib
[ 43%] Built target ego_planner__rosidl_typesupport_introspection_c
[ 50%] Built target ego_planner__rosidl_typesupport_introspection_cpp
[ 56%] Built target ego_planner__rosidl_typesupport_fastrtps_cpp
[ 63%] Built target ego_planner__rosidl_typesupport_fastrtps_c
[ 69%] Built target ego_planner__rosidl_typesupport_c
[ 76%] Built target ego_planner__rosidl_typesupport_cpp
[ 76%] Built target ego_planner
[ 78%] [32mBuilding CXX object CMakeFiles/motion_plan.dir/src/trajectory_publisher.cpp.o[0m
[ 80%] Built target ego_planner__py
[ 84%] Built target ego_planner__rosidl_generator_py
[ 89%] Built target ego_planner_s__rosidl_typesupport_fastrtps_c
[ 97%] Built target ego_planner_s__rosidl_typesupport_c
[ 97%] Built target ego_planner_s__rosidl_typesupport_introspection_c
running egg_info
writing ego_planner.egg-info/PKG-INFO
writing dependency_links to ego_planner.egg-info/dependency_links.txt
writing top-level names to ego_planner.egg-info/top_level.txt
reading manifest file 'ego_planner.egg-info/SOURCES.txt'
writing manifest file 'ego_planner.egg-info/SOURCES.txt'
[ 97%] Built target ament_cmake_python_build_ego_planner_egg
