[ 25%] [32mBuilding CXX object CMakeFiles/dog_keyboard_node.dir/src/dog_keyboard_node.cpp.o[0m
[ 50%] [32mBuilding CXX object CMakeFiles/dog_driver_node.dir/src/dog_driver_node.cpp.o[0m
[ 75%] [32m[1mLinking CXX executable dog_keyboard_node[0m
[ 75%] Built target dog_keyboard_node
[100%] [32m[1mLinking CXX executable dog_driver_node[0m
[100%] Built target dog_driver_node
-- Install configuration: ""
-- Installing: /home/juchunyu/dog_ws/install/dog_control/lib/dog_control/dog_driver_node
-- Set non-toolchain portion of runtime path of "/home/juchunyu/dog_ws/install/dog_control/lib/dog_control/dog_driver_node" to ""
-- Installing: /home/juchunyu/dog_ws/install/dog_control/lib/dog_control/dog_keyboard_node
-- Set non-toolchain portion of runtime path of "/home/juchunyu/dog_ws/install/dog_control/lib/dog_control/dog_keyboard_node" to ""
-- Up-to-date: /home/juchunyu/dog_ws/install/dog_control/share/dog_control/lib
-- Up-to-date: /home/juchunyu/dog_ws/install/dog_control/share/dog_control/lib/x86_64
-- Up-to-date: /home/juchunyu/dog_ws/install/dog_control/share/dog_control/lib/x86_64/mc_sdk_zsl_1_py.cpython-310-x86_64-linux-gnu.so
-- Up-to-date: /home/juchunyu/dog_ws/install/dog_control/share/dog_control/lib/x86_64/libmc_sdk_zsl_1_x86_64.so
-- Up-to-date: /home/juchunyu/dog_ws/install/dog_control/share/dog_control/lib/aarch64
-- Up-to-date: /home/juchunyu/dog_ws/install/dog_control/share/dog_control/lib/aarch64/libmc_sdk_zsl_1_aarch64.so
-- Up-to-date: /home/juchunyu/dog_ws/install/dog_control/share/dog_control/lib/aarch64/mc_sdk_zsl_1_py.cpython-310-aarch64-linux-gnu.so
-- Up-to-date: /home/juchunyu/dog_ws/install/dog_control/share/ament_index/resource_index/package_run_dependencies/dog_control
-- Up-to-date: /home/juchunyu/dog_ws/install/dog_control/share/ament_index/resource_index/parent_prefix_path/dog_control
-- Up-to-date: /home/juchunyu/dog_ws/install/dog_control/share/dog_control/environment/ament_prefix_path.sh
-- Up-to-date: /home/juchunyu/dog_ws/install/dog_control/share/dog_control/environment/ament_prefix_path.dsv
-- Up-to-date: /home/juchunyu/dog_ws/install/dog_control/share/dog_control/environment/path.sh
-- Up-to-date: /home/juchunyu/dog_ws/install/dog_control/share/dog_control/environment/path.dsv
-- Up-to-date: /home/juchunyu/dog_ws/install/dog_control/share/dog_control/local_setup.bash
-- Up-to-date: /home/juchunyu/dog_ws/install/dog_control/share/dog_control/local_setup.sh
-- Up-to-date: /home/juchunyu/dog_ws/install/dog_control/share/dog_control/local_setup.zsh
-- Up-to-date: /home/juchunyu/dog_ws/install/dog_control/share/dog_control/local_setup.dsv
-- Installing: /home/juchunyu/dog_ws/install/dog_control/share/dog_control/package.dsv
-- Up-to-date: /home/juchunyu/dog_ws/install/dog_control/share/ament_index/resource_index/packages/dog_control
-- Up-to-date: /home/juchunyu/dog_ws/install/dog_control/share/dog_control/cmake/dog_controlConfig.cmake
-- Up-to-date: /home/juchunyu/dog_ws/install/dog_control/share/dog_control/cmake/dog_controlConfig-version.cmake
-- Up-to-date: /home/juchunyu/dog_ws/install/dog_control/share/dog_control/package.xml
