[0.009s] Invoking command in '/home/juchunyu/dog_ws/build/dog_control': CMAKE_PREFIX_PATH=${CMAKE_PREFIX_PATH}:/opt/ros/jazzy DEBUGINFOD_URLS=https://debuginfod.ubuntu.com /usr/bin/cmake --build /home/juchunyu/dog_ws/build/dog_control -- -j16 -l16
[0.061s] [ 50%] Built target dog_keyboard_node
[0.062s] [ 75%] [32mBuilding CXX object CMakeFiles/dog_driver_node.dir/src/dog_driver_node.cpp.o[0m
[1.511s] [01m[K/home/juchunyu/dog_ws/src/dog_control/src/dog_driver_node.cpp:[m[K In member function ‘[01m[Kvoid DogDriverNode::[01;32m[KgetRobotStateCallback[m[K()[m[K’:
[1.511s] [01m[K/home/juchunyu/dog_ws/src/dog_control/src/dog_driver_node.cpp:201:18:[m[K [01;35m[Kwarning: [m[Kunused variable ‘[01m[Kret[m[K’ [[01;35m[K]8;;https://gcc.gnu.org/onlinedocs/gcc/Warning-Options.html#index-Wunused-variable-Wunused-variable]8;;[m[K]
[1.511s]   201 |         uint32_t [01;35m[Kret[m[K = highlevel_->getBatteryPower();
[1.511s]       |                  [01;35m[K^~~[m[K
[7.919s] [100%] [32m[1mLinking CXX executable dog_driver_node[0m
[8.257s] [100%] Built target dog_driver_node
[8.267s] Invoked command in '/home/juchunyu/dog_ws/build/dog_control' returned '0': CMAKE_PREFIX_PATH=${CMAKE_PREFIX_PATH}:/opt/ros/jazzy DEBUGINFOD_URLS=https://debuginfod.ubuntu.com /usr/bin/cmake --build /home/juchunyu/dog_ws/build/dog_control -- -j16 -l16
[8.267s] Invoking command in '/home/juchunyu/dog_ws/build/dog_control': CMAKE_PREFIX_PATH=${CMAKE_PREFIX_PATH}:/opt/ros/jazzy DEBUGINFOD_URLS=https://debuginfod.ubuntu.com /usr/bin/cmake --install /home/juchunyu/dog_ws/build/dog_control
[8.275s] -- Install configuration: ""
[8.275s] -- Installing: /home/juchunyu/dog_ws/install/dog_control/lib/dog_control/dog_driver_node
[8.283s] -- Set non-toolchain portion of runtime path of "/home/juchunyu/dog_ws/install/dog_control/lib/dog_control/dog_driver_node" to ""
[8.283s] -- Up-to-date: /home/juchunyu/dog_ws/install/dog_control/lib/dog_control/dog_keyboard_node
[8.283s] -- Up-to-date: /home/juchunyu/dog_ws/install/dog_control/share/dog_control/lib
[8.284s] -- Up-to-date: /home/juchunyu/dog_ws/install/dog_control/share/dog_control/lib/x86_64
[8.284s] -- Up-to-date: /home/juchunyu/dog_ws/install/dog_control/share/dog_control/lib/x86_64/mc_sdk_zsl_1_py.cpython-310-x86_64-linux-gnu.so
[8.284s] -- Up-to-date: /home/juchunyu/dog_ws/install/dog_control/share/dog_control/lib/x86_64/libmc_sdk_zsl_1_x86_64.so
[8.284s] -- Up-to-date: /home/juchunyu/dog_ws/install/dog_control/share/dog_control/lib/aarch64
[8.284s] -- Up-to-date: /home/juchunyu/dog_ws/install/dog_control/share/dog_control/lib/aarch64/libmc_sdk_zsl_1_aarch64.so
[8.284s] -- Up-to-date: /home/juchunyu/dog_ws/install/dog_control/share/dog_control/lib/aarch64/mc_sdk_zsl_1_py.cpython-310-aarch64-linux-gnu.so
[8.284s] -- Up-to-date: /home/juchunyu/dog_ws/install/dog_control/share/ament_index/resource_index/package_run_dependencies/dog_control
[8.284s] -- Up-to-date: /home/juchunyu/dog_ws/install/dog_control/share/ament_index/resource_index/parent_prefix_path/dog_control
[8.284s] -- Up-to-date: /home/juchunyu/dog_ws/install/dog_control/share/dog_control/environment/ament_prefix_path.sh
[8.284s] -- Up-to-date: /home/juchunyu/dog_ws/install/dog_control/share/dog_control/environment/ament_prefix_path.dsv
[8.284s] -- Up-to-date: /home/juchunyu/dog_ws/install/dog_control/share/dog_control/environment/path.sh
[8.284s] -- Up-to-date: /home/juchunyu/dog_ws/install/dog_control/share/dog_control/environment/path.dsv
[8.284s] -- Up-to-date: /home/juchunyu/dog_ws/install/dog_control/share/dog_control/local_setup.bash
[8.284s] -- Up-to-date: /home/juchunyu/dog_ws/install/dog_control/share/dog_control/local_setup.sh
[8.284s] -- Up-to-date: /home/juchunyu/dog_ws/install/dog_control/share/dog_control/local_setup.zsh
[8.284s] -- Up-to-date: /home/juchunyu/dog_ws/install/dog_control/share/dog_control/local_setup.dsv
[8.284s] -- Installing: /home/juchunyu/dog_ws/install/dog_control/share/dog_control/package.dsv
[8.284s] -- Up-to-date: /home/juchunyu/dog_ws/install/dog_control/share/ament_index/resource_index/packages/dog_control
[8.284s] -- Up-to-date: /home/juchunyu/dog_ws/install/dog_control/share/dog_control/cmake/dog_controlConfig.cmake
[8.284s] -- Up-to-date: /home/juchunyu/dog_ws/install/dog_control/share/dog_control/cmake/dog_controlConfig-version.cmake
[8.285s] -- Up-to-date: /home/juchunyu/dog_ws/install/dog_control/share/dog_control/package.xml
[8.285s] Invoked command in '/home/juchunyu/dog_ws/build/dog_control' returned '0': CMAKE_PREFIX_PATH=${CMAKE_PREFIX_PATH}:/opt/ros/jazzy DEBUGINFOD_URLS=https://debuginfod.ubuntu.com /usr/bin/cmake --install /home/juchunyu/dog_ws/build/dog_control
