[0.008s] Invoking command in '/home/juchunyu/dog_ws/build/dog_control': CMAKE_PREFIX_PATH=${CMAKE_PREFIX_PATH}:/opt/ros/jazzy DEBUGINFOD_URLS=https://debuginfod.ubuntu.com /usr/bin/cmake /home/juchunyu/dog_ws/src/dog_control -DCMAKE_INSTALL_PREFIX=/home/juchunyu/dog_ws/install/dog_control
[0.077s] -- The C compiler identification is GNU 13.3.0
[0.113s] -- The CXX compiler identification is GNU 13.3.0
[0.128s] -- Detecting C compiler ABI info
[0.195s] -- Detecting C compiler ABI info - done
[0.204s] -- Check for working C compiler: /usr/bin/cc - skipped
[0.205s] -- Detecting C compile features
[0.205s] -- Detecting C compile features - done
[0.212s] -- Detecting CXX compiler ABI info
[0.281s] -- Detecting CXX compiler ABI info - done
[0.288s] -- Check for working CXX compiler: /usr/bin/c++ - skipped
[0.288s] -- Detecting CXX compile features
[0.288s] -- Detecting CXX compile features - done
[0.291s] -- Found ament_cmake: 2.5.4 (/opt/ros/jazzy/share/ament_cmake/cmake)
[0.395s] -- Found Python3: /usr/bin/python3 (found version "3.12.3") found components: Interpreter 
[0.480s] -- Found rclcpp: 28.1.12 (/opt/ros/jazzy/share/rclcpp/cmake)
[0.526s] -- Found rosidl_generator_c: 4.6.6 (/opt/ros/jazzy/share/rosidl_generator_c/cmake)
[0.541s] -- Found rosidl_generator_cpp: 4.6.6 (/opt/ros/jazzy/share/rosidl_generator_cpp/cmake)
[0.553s] -- Using all available rosidl_typesupport_c: rosidl_typesupport_fastrtps_c;rosidl_typesupport_introspection_c
[0.567s] -- Using all available rosidl_typesupport_cpp: rosidl_typesupport_fastrtps_cpp;rosidl_typesupport_introspection_cpp
[0.625s] -- Found rmw_implementation_cmake: 7.3.2 (/opt/ros/jazzy/share/rmw_implementation_cmake/cmake)
[0.627s] -- Found rmw_fastrtps_cpp: 8.4.3 (/opt/ros/jazzy/share/rmw_fastrtps_cpp/cmake)
[0.693s] -- Found OpenSSL: /usr/lib/x86_64-linux-gnu/libcrypto.so (found version "3.0.13")  
[0.711s] -- Found FastRTPS: /opt/ros/jazzy/include (Required is at least version "2.13") 
[0.732s] -- Using RMW implementation 'rmw_fastrtps_cpp' as default
[0.785s] -- Found geometry_msgs: 5.3.6 (/opt/ros/jazzy/share/geometry_msgs/cmake)
[0.810s] -- Found nav_msgs: 5.3.6 (/opt/ros/jazzy/share/nav_msgs/cmake)
[0.830s] -- Found tf2: 0.36.14 (/opt/ros/jazzy/share/tf2/cmake)
[0.834s] -- Found tf2_geometry_msgs: 0.36.14 (/opt/ros/jazzy/share/tf2_geometry_msgs/cmake)
[0.845s] -- Found eigen3_cmake_module: 0.3.0 (/opt/ros/jazzy/share/eigen3_cmake_module/cmake)
[0.846s] -- Found Eigen3: TRUE (found version "3.4.0") 
[0.846s] -- Ensuring Eigen3 include directory is part of orocos-kdl CMake target
[0.947s] -- Found visualization_msgs: 5.3.6 (/opt/ros/jazzy/share/visualization_msgs/cmake)
[0.986s] -- 检测到系统架构: x86_64
[0.986s] -- 将链接的库路径: /home/juchunyu/dog_ws/src/dog_control/lib/x86_64
[1.048s] -- Configuring done (1.0s)
[1.061s] -- Generating done (0.0s)
[1.065s] -- Build files have been written to: /home/juchunyu/dog_ws/build/dog_control
[1.072s] Invoked command in '/home/juchunyu/dog_ws/build/dog_control' returned '0': CMAKE_PREFIX_PATH=${CMAKE_PREFIX_PATH}:/opt/ros/jazzy DEBUGINFOD_URLS=https://debuginfod.ubuntu.com /usr/bin/cmake /home/juchunyu/dog_ws/src/dog_control -DCMAKE_INSTALL_PREFIX=/home/juchunyu/dog_ws/install/dog_control
[1.074s] Invoking command in '/home/juchunyu/dog_ws/build/dog_control': CMAKE_PREFIX_PATH=${CMAKE_PREFIX_PATH}:/opt/ros/jazzy DEBUGINFOD_URLS=https://debuginfod.ubuntu.com /usr/bin/cmake --build /home/juchunyu/dog_ws/build/dog_control -- -j16 -l16
[1.119s] [ 50%] [32mBuilding CXX object CMakeFiles/dog_keyboard_node.dir/src/dog_keyboard_node.cpp.o[0m
[1.119s] [ 50%] [32mBuilding CXX object CMakeFiles/dog_driver_node.dir/src/dog_driver_node.cpp.o[0m
[3.101s] [01m[K/home/juchunyu/dog_ws/src/dog_control/src/dog_driver_node.cpp:[m[K In member function ‘[01m[Kvoid DogDriverNode::[01;32m[KgetRobotStateCallback[m[K()[m[K’:
[3.101s] [01m[K/home/juchunyu/dog_ws/src/dog_control/src/dog_driver_node.cpp:188:18:[m[K [01;35m[Kwarning: [m[Kunused variable ‘[01m[Kret[m[K’ [[01;35m[K]8;;https://gcc.gnu.org/onlinedocs/gcc/Warning-Options.html#index-Wunused-variable-Wunused-variable]8;;[m[K]
[3.101s]   188 |         uint32_t [01;35m[Kret[m[K = highlevel_->getBatteryPower();
[3.101s]       |                  [01;35m[K^~~[m[K
[6.577s] [ 75%] [32m[1mLinking CXX executable dog_keyboard_node[0m
[6.868s] [ 75%] Built target dog_keyboard_node
[13.666s] [100%] [32m[1mLinking CXX executable dog_driver_node[0m
[14.045s] [100%] Built target dog_driver_node
[14.056s] Invoked command in '/home/juchunyu/dog_ws/build/dog_control' returned '0': CMAKE_PREFIX_PATH=${CMAKE_PREFIX_PATH}:/opt/ros/jazzy DEBUGINFOD_URLS=https://debuginfod.ubuntu.com /usr/bin/cmake --build /home/juchunyu/dog_ws/build/dog_control -- -j16 -l16
[14.065s] Invoking command in '/home/juchunyu/dog_ws/build/dog_control': CMAKE_PREFIX_PATH=${CMAKE_PREFIX_PATH}:/opt/ros/jazzy DEBUGINFOD_URLS=https://debuginfod.ubuntu.com /usr/bin/cmake --install /home/juchunyu/dog_ws/build/dog_control
[14.073s] -- Install configuration: ""
[14.073s] -- Installing: /home/juchunyu/dog_ws/install/dog_control/lib/dog_control/dog_driver_node
[14.087s] -- Set non-toolchain portion of runtime path of "/home/juchunyu/dog_ws/install/dog_control/lib/dog_control/dog_driver_node" to ""
[14.087s] -- Installing: /home/juchunyu/dog_ws/install/dog_control/lib/dog_control/dog_keyboard_node
[14.090s] -- Set non-toolchain portion of runtime path of "/home/juchunyu/dog_ws/install/dog_control/lib/dog_control/dog_keyboard_node" to ""
[14.090s] -- Up-to-date: /home/juchunyu/dog_ws/install/dog_control/share/dog_control/lib
[14.090s] -- Up-to-date: /home/juchunyu/dog_ws/install/dog_control/share/dog_control/lib/x86_64
[14.090s] -- Up-to-date: /home/juchunyu/dog_ws/install/dog_control/share/dog_control/lib/x86_64/mc_sdk_zsl_1_py.cpython-310-x86_64-linux-gnu.so
[14.090s] -- Up-to-date: /home/juchunyu/dog_ws/install/dog_control/share/dog_control/lib/x86_64/libmc_sdk_zsl_1_x86_64.so
[14.090s] -- Up-to-date: /home/juchunyu/dog_ws/install/dog_control/share/dog_control/lib/aarch64
[14.090s] -- Up-to-date: /home/juchunyu/dog_ws/install/dog_control/share/dog_control/lib/aarch64/libmc_sdk_zsl_1_aarch64.so
[14.090s] -- Up-to-date: /home/juchunyu/dog_ws/install/dog_control/share/dog_control/lib/aarch64/mc_sdk_zsl_1_py.cpython-310-aarch64-linux-gnu.so
[14.090s] -- Installing: /home/juchunyu/dog_ws/install/dog_control/share/ament_index/resource_index/package_run_dependencies/dog_control
[14.091s] -- Installing: /home/juchunyu/dog_ws/install/dog_control/share/ament_index/resource_index/parent_prefix_path/dog_control
[14.091s] -- Up-to-date: /home/juchunyu/dog_ws/install/dog_control/share/dog_control/environment/ament_prefix_path.sh
[14.091s] -- Installing: /home/juchunyu/dog_ws/install/dog_control/share/dog_control/environment/ament_prefix_path.dsv
[14.091s] -- Up-to-date: /home/juchunyu/dog_ws/install/dog_control/share/dog_control/environment/path.sh
[14.091s] -- Installing: /home/juchunyu/dog_ws/install/dog_control/share/dog_control/environment/path.dsv
[14.091s] -- Installing: /home/juchunyu/dog_ws/install/dog_control/share/dog_control/local_setup.bash
[14.091s] -- Installing: /home/juchunyu/dog_ws/install/dog_control/share/dog_control/local_setup.sh
[14.091s] -- Installing: /home/juchunyu/dog_ws/install/dog_control/share/dog_control/local_setup.zsh
[14.091s] -- Installing: /home/juchunyu/dog_ws/install/dog_control/share/dog_control/local_setup.dsv
[14.091s] -- Installing: /home/juchunyu/dog_ws/install/dog_control/share/dog_control/package.dsv
[14.092s] -- Installing: /home/juchunyu/dog_ws/install/dog_control/share/ament_index/resource_index/packages/dog_control
[14.092s] -- Installing: /home/juchunyu/dog_ws/install/dog_control/share/dog_control/cmake/dog_controlConfig.cmake
[14.092s] -- Installing: /home/juchunyu/dog_ws/install/dog_control/share/dog_control/cmake/dog_controlConfig-version.cmake
[14.092s] -- Up-to-date: /home/juchunyu/dog_ws/install/dog_control/share/dog_control/package.xml
[14.094s] Invoked command in '/home/juchunyu/dog_ws/build/dog_control' returned '0': CMAKE_PREFIX_PATH=${CMAKE_PREFIX_PATH}:/opt/ros/jazzy DEBUGINFOD_URLS=https://debuginfod.ubuntu.com /usr/bin/cmake --install /home/juchunyu/dog_ws/build/dog_control
