[  4%] Built target local_map
[  6%] Built target ego_planner__rosidl_generator_type_description
[ 10%] Built target path_searching
[ 10%] Built target ament_cmake_python_copy_ego_planner
[ 19%] Built target bspline_opt
[ 21%] Built target ego_planner__cpp
[ 32%] Built target ego_planner__rosidl_generator_c
[ 36%] Built target ego_planner_lib
[ 43%] Built target ego_planner__rosidl_typesupport_introspection_c
[ 50%] Built target ego_planner__rosidl_typesupport_cpp
[ 56%] Built target ego_planner__rosidl_typesupport_c
[ 63%] Built target ego_planner__rosidl_typesupport_fastrtps_c
[ 69%] Built target ego_planner__rosidl_typesupport_introspection_cpp
[ 76%] Built target ego_planner__rosidl_typesupport_fastrtps_cpp
[ 78%] [32mBuilding CXX object CMakeFiles/motion_plan.dir/src/trajectory_publisher.cpp.o[0m
[ 78%] Built target ego_planner
[ 80%] Built target ego_planner__py
[ 84%] Built target ego_planner__rosidl_generator_py
[ 89%] Built target ego_planner_s__rosidl_typesupport_introspection_c
[ 93%] Built target ego_planner_s__rosidl_typesupport_fastrtps_c
[ 97%] Built target ego_planner_s__rosidl_typesupport_c
running egg_info
writing ego_planner.egg-info/PKG-INFO
writing dependency_links to ego_planner.egg-info/dependency_links.txt
writing top-level names to ego_planner.egg-info/top_level.txt
reading manifest file 'ego_planner.egg-info/SOURCES.txt'
writing manifest file 'ego_planner.egg-info/SOURCES.txt'
[ 97%] Built target ament_cmake_python_build_ego_planner_egg
In file included from [01m[K/home/juchunyu/dog_ws/src/EgoPlanner-ROS2/./planner/plan_manage/include/plan_manage/planner_interface.h:16[m[K,
                 from [01m[K/home/juchunyu/dog_ws/src/EgoPlanner-ROS2/include/trajectory_obstacles_publisher.h:48[m[K,
                 from [01m[K/home/juchunyu/dog_ws/src/EgoPlanner-ROS2/src/trajectory_publisher.cpp:6[m[K:
[01m[K/home/juchunyu/dog_ws/src/EgoPlanner-ROS2/./planner/include/Bspline.h:[m[K In function ‘[01m[Kstd::ostream& ego_planner::[01;32m[Koperator<<[m[K(std::ostream&, const Bspline_<ContainerAllocator>&)[m[K’:
[01m[K/home/juchunyu/dog_ws/src/EgoPlanner-ROS2/./planner/include/Bspline.h:88:1:[m[K [01;35m[Kwarning: [m[Kno return statement in function returning non-void [[01;35m[K]8;;https://gcc.gnu.org/onlinedocs/gcc/Warning-Options.html#index-Wreturn-type-Wreturn-type]8;;[m[K]
   88 | [01;35m[K}[m[K
      | [01;35m[K^[m[K
[100%] [32m[1mLinking CXX executable motion_plan[0m
[100%] Built target motion_plan
