[0.008s] Invoking command in '/home/juchunyu/dog_ws/build/ego_planner': CMAKE_PREFIX_PATH=${CMAKE_PREFIX_PATH}:/opt/ros/jazzy DEBUGINFOD_URLS=https://debuginfod.ubuntu.com /usr/bin/cmake --build /home/juchunyu/dog_ws/build/ego_planner -- -j16 -l16
[0.053s] [  2%] Built target ego_planner__rosidl_generator_type_description
[0.056s] [ 10%] Built target bspline_opt
[0.059s] [ 19%] Built target local_map
[0.060s] [ 19%] Built target path_searching
[0.062s] [ 19%] Built target ament_cmake_python_copy_ego_planner
[0.072s] [ 21%] Built target ego_planner__cpp
[0.078s] [ 32%] Built target ego_planner__rosidl_generator_c
[0.085s] [ 36%] Built target ego_planner_lib
[0.100s] [ 43%] Built target ego_planner__rosidl_typesupport_c
[0.100s] [ 50%] Built target ego_planner__rosidl_typesupport_cpp
[0.100s] [ 56%] Built target ego_planner__rosidl_typesupport_introspection_cpp
[0.101s] [ 63%] Built target ego_planner__rosidl_typesupport_introspection_c
[0.101s] [ 69%] Built target ego_planner__rosidl_typesupport_fastrtps_cpp
[0.101s] [ 76%] Built target ego_planner__rosidl_typesupport_fastrtps_c
[0.120s] [ 76%] Built target ego_planner
[0.125s] [ 80%] Built target motion_plan
[0.138s] [ 82%] Built target ego_planner__py
[0.158s] [ 86%] Built target ego_planner__rosidl_generator_py
[0.177s] [100%] Built target ego_planner_s__rosidl_typesupport_c
[0.178s] [100%] Built target ego_planner_s__rosidl_typesupport_fastrtps_c
[0.178s] [100%] Built target ego_planner_s__rosidl_typesupport_introspection_c
[0.254s] running egg_info
[0.266s] writing ego_planner.egg-info/PKG-INFO
[0.266s] writing dependency_links to ego_planner.egg-info/dependency_links.txt
[0.266s] writing top-level names to ego_planner.egg-info/top_level.txt
[0.300s] reading manifest file 'ego_planner.egg-info/SOURCES.txt'
[0.300s] writing manifest file 'ego_planner.egg-info/SOURCES.txt'
[0.325s] [100%] Built target ament_cmake_python_build_ego_planner_egg
[0.338s] Invoked command in '/home/juchunyu/dog_ws/build/ego_planner' returned '0': CMAKE_PREFIX_PATH=${CMAKE_PREFIX_PATH}:/opt/ros/jazzy DEBUGINFOD_URLS=https://debuginfod.ubuntu.com /usr/bin/cmake --build /home/juchunyu/dog_ws/build/ego_planner -- -j16 -l16
[0.339s] Invoking command in '/home/juchunyu/dog_ws/build/ego_planner': CMAKE_PREFIX_PATH=${CMAKE_PREFIX_PATH}:/opt/ros/jazzy DEBUGINFOD_URLS=https://debuginfod.ubuntu.com /usr/bin/cmake --install /home/juchunyu/dog_ws/build/ego_planner
[0.347s] -- Install configuration: "Release"
[0.348s] -- Up-to-date: /home/juchunyu/dog_ws/install/ego_planner/share/ament_index/resource_index/rosidl_interfaces/ego_planner
[0.348s] -- Up-to-date: /home/juchunyu/dog_ws/install/ego_planner/share/ego_planner/msg/CurrentPose.json
[0.348s] -- Up-to-date: /home/juchunyu/dog_ws/install/ego_planner/include/ego_planner/ego_planner
[0.348s] -- Up-to-date: /home/juchunyu/dog_ws/install/ego_planner/include/ego_planner/ego_planner/msg
[0.348s] -- Up-to-date: /home/juchunyu/dog_ws/install/ego_planner/include/ego_planner/ego_planner/msg/current_pose.h
[0.348s] -- Up-to-date: /home/juchunyu/dog_ws/install/ego_planner/include/ego_planner/ego_planner/msg/detail
[0.348s] -- Up-to-date: /home/juchunyu/dog_ws/install/ego_planner/include/ego_planner/ego_planner/msg/detail/current_pose__type_support.c
[0.348s] -- Up-to-date: /home/juchunyu/dog_ws/install/ego_planner/include/ego_planner/ego_planner/msg/detail/current_pose__description.c
[0.348s] -- Up-to-date: /home/juchunyu/dog_ws/install/ego_planner/include/ego_planner/ego_planner/msg/detail/current_pose__struct.h
[0.348s] -- Up-to-date: /home/juchunyu/dog_ws/install/ego_planner/include/ego_planner/ego_planner/msg/detail/current_pose__functions.c
[0.348s] -- Up-to-date: /home/juchunyu/dog_ws/install/ego_planner/include/ego_planner/ego_planner/msg/detail/current_pose__type_support.h
[0.348s] -- Up-to-date: /home/juchunyu/dog_ws/install/ego_planner/include/ego_planner/ego_planner/msg/detail/current_pose__functions.h
[0.348s] -- Up-to-date: /home/juchunyu/dog_ws/install/ego_planner/include/ego_planner/ego_planner/msg/rosidl_generator_c__visibility_control.h
[0.348s] -- Up-to-date: /home/juchunyu/dog_ws/install/ego_planner/share/ego_planner/environment/library_path.sh
[0.348s] -- Up-to-date: /home/juchunyu/dog_ws/install/ego_planner/share/ego_planner/environment/library_path.dsv
[0.348s] -- Up-to-date: /home/juchunyu/dog_ws/install/ego_planner/lib/libego_planner__rosidl_generator_c.so
[0.348s] -- Up-to-date: /home/juchunyu/dog_ws/install/ego_planner/include/ego_planner/ego_planner
[0.348s] -- Up-to-date: /home/juchunyu/dog_ws/install/ego_planner/include/ego_planner/ego_planner/msg
[0.348s] -- Up-to-date: /home/juchunyu/dog_ws/install/ego_planner/include/ego_planner/ego_planner/msg/rosidl_typesupport_fastrtps_c__visibility_control.h
[0.349s] -- Up-to-date: /home/juchunyu/dog_ws/install/ego_planner/include/ego_planner/ego_planner/msg/detail
[0.349s] -- Up-to-date: /home/juchunyu/dog_ws/install/ego_planner/include/ego_planner/ego_planner/msg/detail/current_pose__rosidl_typesupport_fastrtps_c.h
[0.349s] -- Up-to-date: /home/juchunyu/dog_ws/install/ego_planner/lib/libego_planner__rosidl_typesupport_fastrtps_c.so
[0.349s] -- Up-to-date: /home/juchunyu/dog_ws/install/ego_planner/include/ego_planner/ego_planner
[0.349s] -- Up-to-date: /home/juchunyu/dog_ws/install/ego_planner/include/ego_planner/ego_planner/msg
[0.349s] -- Up-to-date: /home/juchunyu/dog_ws/install/ego_planner/include/ego_planner/ego_planner/msg/rosidl_generator_cpp__visibility_control.hpp
[0.349s] -- Up-to-date: /home/juchunyu/dog_ws/install/ego_planner/include/ego_planner/ego_planner/msg/detail
[0.349s] -- Up-to-date: /home/juchunyu/dog_ws/install/ego_planner/include/ego_planner/ego_planner/msg/detail/current_pose__type_support.hpp
[0.349s] -- Up-to-date: /home/juchunyu/dog_ws/install/ego_planner/include/ego_planner/ego_planner/msg/detail/current_pose__traits.hpp
[0.349s] -- Up-to-date: /home/juchunyu/dog_ws/install/ego_planner/include/ego_planner/ego_planner/msg/detail/current_pose__struct.hpp
[0.349s] -- Up-to-date: /home/juchunyu/dog_ws/install/ego_planner/include/ego_planner/ego_planner/msg/detail/current_pose__builder.hpp
[0.349s] -- Up-to-date: /home/juchunyu/dog_ws/install/ego_planner/include/ego_planner/ego_planner/msg/current_pose.hpp
[0.349s] -- Up-to-date: /home/juchunyu/dog_ws/install/ego_planner/include/ego_planner/ego_planner
[0.349s] -- Up-to-date: /home/juchunyu/dog_ws/install/ego_planner/include/ego_planner/ego_planner/msg
[0.349s] -- Up-to-date: /home/juchunyu/dog_ws/install/ego_planner/include/ego_planner/ego_planner/msg/detail
[0.349s] -- Up-to-date: /home/juchunyu/dog_ws/install/ego_planner/include/ego_planner/ego_planner/msg/detail/current_pose__rosidl_typesupport_fastrtps_cpp.hpp
[0.349s] -- Up-to-date: /home/juchunyu/dog_ws/install/ego_planner/include/ego_planner/ego_planner/msg/detail/dds_fastrtps
[0.349s] -- Up-to-date: /home/juchunyu/dog_ws/install/ego_planner/include/ego_planner/ego_planner/msg/rosidl_typesupport_fastrtps_cpp__visibility_control.h
[0.350s] -- Up-to-date: /home/juchunyu/dog_ws/install/ego_planner/lib/libego_planner__rosidl_typesupport_fastrtps_cpp.so
[0.350s] -- Up-to-date: /home/juchunyu/dog_ws/install/ego_planner/include/ego_planner/ego_planner
[0.350s] -- Up-to-date: /home/juchunyu/dog_ws/install/ego_planner/include/ego_planner/ego_planner/msg
[0.350s] -- Up-to-date: /home/juchunyu/dog_ws/install/ego_planner/include/ego_planner/ego_planner/msg/detail
[0.350s] -- Up-to-date: /home/juchunyu/dog_ws/install/ego_planner/include/ego_planner/ego_planner/msg/detail/current_pose__type_support.c
[0.350s] -- Up-to-date: /home/juchunyu/dog_ws/install/ego_planner/include/ego_planner/ego_planner/msg/detail/current_pose__rosidl_typesupport_introspection_c.h
[0.350s] -- Up-to-date: /home/juchunyu/dog_ws/install/ego_planner/include/ego_planner/ego_planner/msg/rosidl_typesupport_introspection_c__visibility_control.h
[0.350s] -- Up-to-date: /home/juchunyu/dog_ws/install/ego_planner/lib/libego_planner__rosidl_typesupport_introspection_c.so
[0.350s] -- Up-to-date: /home/juchunyu/dog_ws/install/ego_planner/lib/libego_planner__rosidl_typesupport_c.so
[0.350s] -- Up-to-date: /home/juchunyu/dog_ws/install/ego_planner/include/ego_planner/ego_planner
[0.350s] -- Up-to-date: /home/juchunyu/dog_ws/install/ego_planner/include/ego_planner/ego_planner/msg
[0.350s] -- Up-to-date: /home/juchunyu/dog_ws/install/ego_planner/include/ego_planner/ego_planner/msg/detail
[0.351s] -- Up-to-date: /home/juchunyu/dog_ws/install/ego_planner/include/ego_planner/ego_planner/msg/detail/current_pose__rosidl_typesupport_introspection_cpp.hpp
[0.351s] -- Up-to-date: /home/juchunyu/dog_ws/install/ego_planner/include/ego_planner/ego_planner/msg/detail/current_pose__type_support.cpp
[0.351s] -- Up-to-date: /home/juchunyu/dog_ws/install/ego_planner/lib/libego_planner__rosidl_typesupport_introspection_cpp.so
[0.351s] -- Up-to-date: /home/juchunyu/dog_ws/install/ego_planner/lib/libego_planner__rosidl_typesupport_cpp.so
[0.351s] -- Up-to-date: /home/juchunyu/dog_ws/install/ego_planner/share/ego_planner/environment/pythonpath.sh
[0.351s] -- Up-to-date: /home/juchunyu/dog_ws/install/ego_planner/share/ego_planner/environment/pythonpath.dsv
[0.351s] -- Up-to-date: /home/juchunyu/dog_ws/install/ego_planner/lib/python3.12/site-packages/ego_planner-0.0.0-py3.12.egg-info
[0.351s] -- Installing: /home/juchunyu/dog_ws/install/ego_planner/lib/python3.12/site-packages/ego_planner-0.0.0-py3.12.egg-info/dependency_links.txt
[0.351s] -- Installing: /home/juchunyu/dog_ws/install/ego_planner/lib/python3.12/site-packages/ego_planner-0.0.0-py3.12.egg-info/SOURCES.txt
[0.352s] -- Installing: /home/juchunyu/dog_ws/install/ego_planner/lib/python3.12/site-packages/ego_planner-0.0.0-py3.12.egg-info/top_level.txt
[0.352s] -- Installing: /home/juchunyu/dog_ws/install/ego_planner/lib/python3.12/site-packages/ego_planner-0.0.0-py3.12.egg-info/PKG-INFO
[0.352s] -- Up-to-date: /home/juchunyu/dog_ws/install/ego_planner/lib/python3.12/site-packages/ego_planner
[0.352s] -- Up-to-date: /home/juchunyu/dog_ws/install/ego_planner/lib/python3.12/site-packages/ego_planner/ego_planner_s__rosidl_typesupport_introspection_c.so
[0.352s] -- Up-to-date: /home/juchunyu/dog_ws/install/ego_planner/lib/python3.12/site-packages/ego_planner/_ego_planner_s.ep.rosidl_typesupport_c.c
[0.352s] -- Up-to-date: /home/juchunyu/dog_ws/install/ego_planner/lib/python3.12/site-packages/ego_planner/ego_planner_s__rosidl_typesupport_c.so
[0.352s] -- Up-to-date: /home/juchunyu/dog_ws/install/ego_planner/lib/python3.12/site-packages/ego_planner/__init__.py
[0.352s] -- Up-to-date: /home/juchunyu/dog_ws/install/ego_planner/lib/python3.12/site-packages/ego_planner/_ego_planner_s.ep.rosidl_typesupport_introspection_c.c
[0.352s] -- Up-to-date: /home/juchunyu/dog_ws/install/ego_planner/lib/python3.12/site-packages/ego_planner/ego_planner_s__rosidl_typesupport_fastrtps_c.so
[0.352s] -- Up-to-date: /home/juchunyu/dog_ws/install/ego_planner/lib/python3.12/site-packages/ego_planner/msg
[0.352s] -- Up-to-date: /home/juchunyu/dog_ws/install/ego_planner/lib/python3.12/site-packages/ego_planner/msg/__init__.py
[0.352s] -- Up-to-date: /home/juchunyu/dog_ws/install/ego_planner/lib/python3.12/site-packages/ego_planner/msg/_current_pose.py
[0.352s] -- Up-to-date: /home/juchunyu/dog_ws/install/ego_planner/lib/python3.12/site-packages/ego_planner/msg/_current_pose_s.c
[0.352s] -- Up-to-date: /home/juchunyu/dog_ws/install/ego_planner/lib/python3.12/site-packages/ego_planner/_ego_planner_s.ep.rosidl_typesupport_fastrtps_c.c
[0.379s] Listing '/home/juchunyu/dog_ws/install/ego_planner/lib/python3.12/site-packages/ego_planner'...
[0.379s] Listing '/home/juchunyu/dog_ws/install/ego_planner/lib/python3.12/site-packages/ego_planner/msg'...
[0.383s] -- Up-to-date: /home/juchunyu/dog_ws/install/ego_planner/lib/python3.12/site-packages/ego_planner/ego_planner_s__rosidl_typesupport_fastrtps_c.so
[0.383s] -- Up-to-date: /home/juchunyu/dog_ws/install/ego_planner/lib/python3.12/site-packages/ego_planner/ego_planner_s__rosidl_typesupport_introspection_c.so
[0.383s] -- Up-to-date: /home/juchunyu/dog_ws/install/ego_planner/lib/python3.12/site-packages/ego_planner/ego_planner_s__rosidl_typesupport_c.so
[0.384s] -- Up-to-date: /home/juchunyu/dog_ws/install/ego_planner/lib/libego_planner__rosidl_generator_py.so
[0.384s] -- Up-to-date: /home/juchunyu/dog_ws/install/ego_planner/share/ego_planner/msg/CurrentPose.idl
[0.384s] -- Up-to-date: /home/juchunyu/dog_ws/install/ego_planner/share/ego_planner/msg/CurrentPose.msg
[0.384s] -- Up-to-date: /home/juchunyu/dog_ws/install/ego_planner/lib/ego_planner/motion_plan
[0.384s] -- Up-to-date: /home/juchunyu/dog_ws/install/ego_planner/share/ament_index/resource_index/package_run_dependencies/ego_planner
[0.384s] -- Up-to-date: /home/juchunyu/dog_ws/install/ego_planner/share/ament_index/resource_index/parent_prefix_path/ego_planner
[0.384s] -- Up-to-date: /home/juchunyu/dog_ws/install/ego_planner/share/ego_planner/environment/ament_prefix_path.sh
[0.384s] -- Up-to-date: /home/juchunyu/dog_ws/install/ego_planner/share/ego_planner/environment/ament_prefix_path.dsv
[0.384s] -- Up-to-date: /home/juchunyu/dog_ws/install/ego_planner/share/ego_planner/environment/path.sh
[0.384s] -- Up-to-date: /home/juchunyu/dog_ws/install/ego_planner/share/ego_planner/environment/path.dsv
[0.384s] -- Up-to-date: /home/juchunyu/dog_ws/install/ego_planner/share/ego_planner/local_setup.bash
[0.384s] -- Up-to-date: /home/juchunyu/dog_ws/install/ego_planner/share/ego_planner/local_setup.sh
[0.384s] -- Up-to-date: /home/juchunyu/dog_ws/install/ego_planner/share/ego_planner/local_setup.zsh
[0.384s] -- Up-to-date: /home/juchunyu/dog_ws/install/ego_planner/share/ego_planner/local_setup.dsv
[0.384s] -- Installing: /home/juchunyu/dog_ws/install/ego_planner/share/ego_planner/package.dsv
[0.384s] -- Up-to-date: /home/juchunyu/dog_ws/install/ego_planner/share/ament_index/resource_index/packages/ego_planner
[0.384s] -- Up-to-date: /home/juchunyu/dog_ws/install/ego_planner/share/ego_planner/cmake/export_ego_planner__rosidl_generator_cExport.cmake
[0.385s] -- Up-to-date: /home/juchunyu/dog_ws/install/ego_planner/share/ego_planner/cmake/export_ego_planner__rosidl_generator_cExport-release.cmake
[0.385s] -- Up-to-date: /home/juchunyu/dog_ws/install/ego_planner/share/ego_planner/cmake/export_ego_planner__rosidl_typesupport_fastrtps_cExport.cmake
[0.385s] -- Up-to-date: /home/juchunyu/dog_ws/install/ego_planner/share/ego_planner/cmake/export_ego_planner__rosidl_typesupport_fastrtps_cExport-release.cmake
[0.385s] -- Up-to-date: /home/juchunyu/dog_ws/install/ego_planner/share/ego_planner/cmake/export_ego_planner__rosidl_generator_cppExport.cmake
[0.385s] -- Up-to-date: /home/juchunyu/dog_ws/install/ego_planner/share/ego_planner/cmake/export_ego_planner__rosidl_typesupport_fastrtps_cppExport.cmake
[0.385s] -- Up-to-date: /home/juchunyu/dog_ws/install/ego_planner/share/ego_planner/cmake/export_ego_planner__rosidl_typesupport_fastrtps_cppExport-release.cmake
[0.385s] -- Up-to-date: /home/juchunyu/dog_ws/install/ego_planner/share/ego_planner/cmake/ego_planner__rosidl_typesupport_introspection_cExport.cmake
[0.385s] -- Up-to-date: /home/juchunyu/dog_ws/install/ego_planner/share/ego_planner/cmake/ego_planner__rosidl_typesupport_introspection_cExport-release.cmake
[0.385s] -- Up-to-date: /home/juchunyu/dog_ws/install/ego_planner/share/ego_planner/cmake/ego_planner__rosidl_typesupport_cExport.cmake
[0.385s] -- Up-to-date: /home/juchunyu/dog_ws/install/ego_planner/share/ego_planner/cmake/ego_planner__rosidl_typesupport_cExport-release.cmake
[0.385s] -- Up-to-date: /home/juchunyu/dog_ws/install/ego_planner/share/ego_planner/cmake/ego_planner__rosidl_typesupport_introspection_cppExport.cmake
[0.385s] -- Up-to-date: /home/juchunyu/dog_ws/install/ego_planner/share/ego_planner/cmake/ego_planner__rosidl_typesupport_introspection_cppExport-release.cmake
[0.385s] -- Up-to-date: /home/juchunyu/dog_ws/install/ego_planner/share/ego_planner/cmake/ego_planner__rosidl_typesupport_cppExport.cmake
[0.385s] -- Up-to-date: /home/juchunyu/dog_ws/install/ego_planner/share/ego_planner/cmake/ego_planner__rosidl_typesupport_cppExport-release.cmake
[0.385s] -- Up-to-date: /home/juchunyu/dog_ws/install/ego_planner/share/ego_planner/cmake/export_ego_planner__rosidl_generator_pyExport.cmake
[0.385s] -- Up-to-date: /home/juchunyu/dog_ws/install/ego_planner/share/ego_planner/cmake/export_ego_planner__rosidl_generator_pyExport-release.cmake
[0.385s] -- Up-to-date: /home/juchunyu/dog_ws/install/ego_planner/share/ego_planner/cmake/rosidl_cmake-extras.cmake
[0.385s] -- Up-to-date: /home/juchunyu/dog_ws/install/ego_planner/share/ego_planner/cmake/ament_cmake_export_dependencies-extras.cmake
[0.385s] -- Up-to-date: /home/juchunyu/dog_ws/install/ego_planner/share/ego_planner/cmake/ament_cmake_export_include_directories-extras.cmake
[0.385s] -- Up-to-date: /home/juchunyu/dog_ws/install/ego_planner/share/ego_planner/cmake/ament_cmake_export_libraries-extras.cmake
[0.385s] -- Up-to-date: /home/juchunyu/dog_ws/install/ego_planner/share/ego_planner/cmake/ament_cmake_export_targets-extras.cmake
[0.385s] -- Up-to-date: /home/juchunyu/dog_ws/install/ego_planner/share/ego_planner/cmake/rosidl_cmake_export_typesupport_targets-extras.cmake
[0.386s] -- Up-to-date: /home/juchunyu/dog_ws/install/ego_planner/share/ego_planner/cmake/rosidl_cmake_export_typesupport_libraries-extras.cmake
[0.386s] -- Up-to-date: /home/juchunyu/dog_ws/install/ego_planner/share/ego_planner/cmake/ego_plannerConfig.cmake
[0.386s] -- Up-to-date: /home/juchunyu/dog_ws/install/ego_planner/share/ego_planner/cmake/ego_plannerConfig-version.cmake
[0.386s] -- Up-to-date: /home/juchunyu/dog_ws/install/ego_planner/share/ego_planner/package.xml
[0.387s] Invoked command in '/home/juchunyu/dog_ws/build/ego_planner' returned '0': CMAKE_PREFIX_PATH=${CMAKE_PREFIX_PATH}:/opt/ros/jazzy DEBUGINFOD_URLS=https://debuginfod.ubuntu.com /usr/bin/cmake --install /home/juchunyu/dog_ws/build/ego_planner
