[ 12%] [32mBuilding CXX object Teb/CMakeFiles/teb.dir/src/teb_local_Planner_interface.cpp.o[0m
[01m[K/home/juchunyu/dog_ws/src/PNC/Teb_planner/Teb/src/teb_local_Planner_interface.cpp:[m[K In member function ‘[01m[Kvoid irpc::planning::TebPlannerInterface::[01;32m[KsetObstacleInfo[m[K(std::vector<irpc::planning::obstacleInfo>&)[m[K’:
[01m[K/home/juchunyu/dog_ws/src/PNC/Teb_planner/Teb/src/teb_local_Planner_interface.cpp:53:59:[m[K [01;35m[Kwarning: [m[Kformat ‘[01m[K%d[m[K’ expects argument of type ‘[01m[Kint[m[K’, but argument 2 has type ‘[01m[Kstd::vector<boost::shared_ptr<teb_local_planner::Obstacle> >::size_type[m[K’ {aka ‘[01m[Klong unsigned int[m[K’} [[01;35m[K]8;;https://gcc.gnu.org/onlinedocs/gcc/Warning-Options.html#index-Wformat=-Wformat=]8;;[m[K]
   53 |             printf("TebPlannerInterface::setObstacleInfo:[01;35m[K%d[m[K\n",[32m[Kobstacles_.size()[m[K);
      |                                                          [01;35m[K~^[m[K    [32m[K~~~~~~~~~~~~~~~~~[m[K
      |                                                           [01;35m[K|[m[K                   [32m[K|[m[K
      |                                                           [01;35m[Kint[m[K                 [32m[Kstd::vector<boost::shared_ptr<teb_local_planner::Obstacle> >::size_type {aka long unsigned int}[m[K
      |                                                          [32m[K%ld[m[K
[ 25%] [32m[1mLinking CXX static library libteb.a[0m
[ 75%] Built target teb
[ 87%] [32m[1mLinking CXX executable teb_plan[0m
[100%] Built target teb_plan
-- Install configuration: "Debug"
-- Installing: /home/juchunyu/dog_ws/install/teb_planner/lib/teb_planner/teb_plan
-- Set non-toolchain portion of runtime path of "/home/juchunyu/dog_ws/install/teb_planner/lib/teb_planner/teb_plan" to ""
-- Up-to-date: /home/juchunyu/dog_ws/install/teb_planner/share/ament_index/resource_index/package_run_dependencies/teb_planner
-- Up-to-date: /home/juchunyu/dog_ws/install/teb_planner/share/ament_index/resource_index/parent_prefix_path/teb_planner
-- Up-to-date: /home/juchunyu/dog_ws/install/teb_planner/share/teb_planner/environment/ament_prefix_path.sh
-- Up-to-date: /home/juchunyu/dog_ws/install/teb_planner/share/teb_planner/environment/ament_prefix_path.dsv
-- Up-to-date: /home/juchunyu/dog_ws/install/teb_planner/share/teb_planner/environment/path.sh
-- Up-to-date: /home/juchunyu/dog_ws/install/teb_planner/share/teb_planner/environment/path.dsv
-- Up-to-date: /home/juchunyu/dog_ws/install/teb_planner/share/teb_planner/local_setup.bash
-- Up-to-date: /home/juchunyu/dog_ws/install/teb_planner/share/teb_planner/local_setup.sh
-- Up-to-date: /home/juchunyu/dog_ws/install/teb_planner/share/teb_planner/local_setup.zsh
-- Up-to-date: /home/juchunyu/dog_ws/install/teb_planner/share/teb_planner/local_setup.dsv
-- Installing: /home/juchunyu/dog_ws/install/teb_planner/share/teb_planner/package.dsv
-- Up-to-date: /home/juchunyu/dog_ws/install/teb_planner/share/ament_index/resource_index/packages/teb_planner
-- Up-to-date: /home/juchunyu/dog_ws/install/teb_planner/share/teb_planner/cmake/teb_plannerConfig.cmake
-- Up-to-date: /home/juchunyu/dog_ws/install/teb_planner/share/teb_planner/cmake/teb_plannerConfig-version.cmake
-- Up-to-date: /home/juchunyu/dog_ws/install/teb_planner/share/teb_planner/package.xml
