[0.009s] Invoking command in '/home/juchunyu/dog_ws/build/teb_planner': CMAKE_PREFIX_PATH=${CMAKE_PREFIX_PATH}:/opt/ros/jazzy DEBUGINFOD_URLS=https://debuginfod.ubuntu.com /usr/bin/cmake --build /home/juchunyu/dog_ws/build/teb_planner -- -j16 -l16
[0.066s] [ 12%] [32mBuilding CXX object Teb/CMakeFiles/teb.dir/src/teb_local_Planner_interface.cpp.o[0m
[1.409s] [01m[K/home/juchunyu/dog_ws/src/PNC/Teb_planner/Teb/src/teb_local_Planner_interface.cpp:[m[K In member function ‘[01m[Kvoid irpc::planning::TebPlannerInterface::[01;32m[KsetObstacleInfo[m[K(std::vector<irpc::planning::obstacleInfo>&)[m[K’:
[1.409s] [01m[K/home/juchunyu/dog_ws/src/PNC/Teb_planner/Teb/src/teb_local_Planner_interface.cpp:53:59:[m[K [01;35m[Kwarning: [m[Kformat ‘[01m[K%d[m[K’ expects argument of type ‘[01m[Kint[m[K’, but argument 2 has type ‘[01m[Kstd::vector<boost::shared_ptr<teb_local_planner::Obstacle> >::size_type[m[K’ {aka ‘[01m[Klong unsigned int[m[K’} [[01;35m[K]8;;https://gcc.gnu.org/onlinedocs/gcc/Warning-Options.html#index-Wformat=-Wformat=]8;;[m[K]
[1.409s]    53 |             printf("TebPlannerInterface::setObstacleInfo:[01;35m[K%d[m[K\n",[32m[Kobstacles_.size()[m[K);
[1.410s]       |                                                          [01;35m[K~^[m[K    [32m[K~~~~~~~~~~~~~~~~~[m[K
[1.410s]       |                                                           [01;35m[K|[m[K                   [32m[K|[m[K
[1.410s]       |                                                           [01;35m[Kint[m[K                 [32m[Kstd::vector<boost::shared_ptr<teb_local_planner::Obstacle> >::size_type {aka long unsigned int}[m[K
[1.410s]       |                                                          [32m[K%ld[m[K
[6.201s] [ 25%] [32m[1mLinking CXX static library libteb.a[0m
[6.526s] [ 75%] Built target teb
[6.560s] [ 87%] [32m[1mLinking CXX executable teb_plan[0m
[7.788s] [100%] Built target teb_plan
[7.798s] Invoked command in '/home/juchunyu/dog_ws/build/teb_planner' returned '0': CMAKE_PREFIX_PATH=${CMAKE_PREFIX_PATH}:/opt/ros/jazzy DEBUGINFOD_URLS=https://debuginfod.ubuntu.com /usr/bin/cmake --build /home/juchunyu/dog_ws/build/teb_planner -- -j16 -l16
[7.799s] Invoking command in '/home/juchunyu/dog_ws/build/teb_planner': CMAKE_PREFIX_PATH=${CMAKE_PREFIX_PATH}:/opt/ros/jazzy DEBUGINFOD_URLS=https://debuginfod.ubuntu.com /usr/bin/cmake --install /home/juchunyu/dog_ws/build/teb_planner
[7.804s] -- Install configuration: "Debug"
[7.804s] -- Installing: /home/juchunyu/dog_ws/install/teb_planner/lib/teb_planner/teb_plan
[7.862s] -- Set non-toolchain portion of runtime path of "/home/juchunyu/dog_ws/install/teb_planner/lib/teb_planner/teb_plan" to ""
[7.863s] -- Up-to-date: /home/juchunyu/dog_ws/install/teb_planner/share/ament_index/resource_index/package_run_dependencies/teb_planner
[7.863s] -- Up-to-date: /home/juchunyu/dog_ws/install/teb_planner/share/ament_index/resource_index/parent_prefix_path/teb_planner
[7.863s] -- Up-to-date: /home/juchunyu/dog_ws/install/teb_planner/share/teb_planner/environment/ament_prefix_path.sh
[7.863s] -- Up-to-date: /home/juchunyu/dog_ws/install/teb_planner/share/teb_planner/environment/ament_prefix_path.dsv
[7.863s] -- Up-to-date: /home/juchunyu/dog_ws/install/teb_planner/share/teb_planner/environment/path.sh
[7.863s] -- Up-to-date: /home/juchunyu/dog_ws/install/teb_planner/share/teb_planner/environment/path.dsv
[7.863s] -- Up-to-date: /home/juchunyu/dog_ws/install/teb_planner/share/teb_planner/local_setup.bash
[7.863s] -- Up-to-date: /home/juchunyu/dog_ws/install/teb_planner/share/teb_planner/local_setup.sh
[7.863s] -- Up-to-date: /home/juchunyu/dog_ws/install/teb_planner/share/teb_planner/local_setup.zsh
[7.863s] -- Up-to-date: /home/juchunyu/dog_ws/install/teb_planner/share/teb_planner/local_setup.dsv
[7.863s] -- Installing: /home/juchunyu/dog_ws/install/teb_planner/share/teb_planner/package.dsv
[7.863s] -- Up-to-date: /home/juchunyu/dog_ws/install/teb_planner/share/ament_index/resource_index/packages/teb_planner
[7.863s] -- Up-to-date: /home/juchunyu/dog_ws/install/teb_planner/share/teb_planner/cmake/teb_plannerConfig.cmake
[7.863s] -- Up-to-date: /home/juchunyu/dog_ws/install/teb_planner/share/teb_planner/cmake/teb_plannerConfig-version.cmake
[7.863s] -- Up-to-date: /home/juchunyu/dog_ws/install/teb_planner/share/teb_planner/package.xml
[7.864s] Invoked command in '/home/juchunyu/dog_ws/build/teb_planner' returned '0': CMAKE_PREFIX_PATH=${CMAKE_PREFIX_PATH}:/opt/ros/jazzy DEBUGINFOD_URLS=https://debuginfod.ubuntu.com /usr/bin/cmake --install /home/juchunyu/dog_ws/build/teb_planner
