[0.007s] Invoking command in '/home/juchunyu/dog_ws/build/ego_planner': CMAKE_PREFIX_PATH=${CMAKE_PREFIX_PATH}:/opt/ros/jazzy DEBUGINFOD_URLS=https://debuginfod.ubuntu.com /usr/bin/cmake --build /home/juchunyu/dog_ws/build/ego_planner -- -j16 -l16
[0.099s] [  2%] Built target ego_planner__rosidl_generator_type_description
[0.106s] [  6%] Built target path_searching
[0.111s] [ 15%] Built target bspline_opt
[0.113s] [ 19%] Built target local_map
[0.115s] [ 19%] Built target ament_cmake_python_copy_ego_planner
[0.135s] [ 30%] Built target ego_planner__rosidl_generator_c
[0.141s] [ 32%] Built target ego_planner__cpp
[0.147s] [ 36%] Built target ego_planner_lib
[0.161s] [ 43%] Built target ego_planner__rosidl_typesupport_c
[0.162s] [ 50%] Built target ego_planner__rosidl_typesupport_introspection_c
[0.163s] [ 56%] Built target ego_planner__rosidl_typesupport_fastrtps_c
[0.164s] [ 63%] Built target ego_planner__rosidl_typesupport_cpp
[0.166s] [ 69%] Built target ego_planner__rosidl_typesupport_introspection_cpp
[0.170s] [ 76%] Built target ego_planner__rosidl_typesupport_fastrtps_cpp
[0.194s] [ 76%] Built target ego_planner
[0.200s] [ 80%] Built target motion_plan
[0.219s] [ 82%] Built target ego_planner__py
[0.241s] [ 86%] Built target ego_planner__rosidl_generator_py
[0.262s] [ 91%] Built target ego_planner_s__rosidl_typesupport_fastrtps_c
[0.263s] [ 95%] Built target ego_planner_s__rosidl_typesupport_c
[0.266s] [100%] Built target ego_planner_s__rosidl_typesupport_introspection_c
[0.299s] running egg_info
[0.311s] writing ego_planner.egg-info/PKG-INFO
[0.311s] writing dependency_links to ego_planner.egg-info/dependency_links.txt
[0.312s] writing top-level names to ego_planner.egg-info/top_level.txt
[0.345s] reading manifest file 'ego_planner.egg-info/SOURCES.txt'
[0.346s] writing manifest file 'ego_planner.egg-info/SOURCES.txt'
[0.371s] [100%] Built target ament_cmake_python_build_ego_planner_egg
[0.381s] Invoked command in '/home/juchunyu/dog_ws/build/ego_planner' returned '0': CMAKE_PREFIX_PATH=${CMAKE_PREFIX_PATH}:/opt/ros/jazzy DEBUGINFOD_URLS=https://debuginfod.ubuntu.com /usr/bin/cmake --build /home/juchunyu/dog_ws/build/ego_planner -- -j16 -l16
[0.392s] Invoking command in '/home/juchunyu/dog_ws/build/ego_planner': CMAKE_PREFIX_PATH=${CMAKE_PREFIX_PATH}:/opt/ros/jazzy DEBUGINFOD_URLS=https://debuginfod.ubuntu.com /usr/bin/cmake --install /home/juchunyu/dog_ws/build/ego_planner
[0.404s] -- Install configuration: "Release"
[0.405s] -- Up-to-date: /home/juchunyu/dog_ws/install/ego_planner/share/ament_index/resource_index/rosidl_interfaces/ego_planner
[0.405s] -- Up-to-date: /home/juchunyu/dog_ws/install/ego_planner/share/ego_planner/msg/CurrentPose.json
[0.405s] -- Up-to-date: /home/juchunyu/dog_ws/install/ego_planner/include/ego_planner/ego_planner
[0.405s] -- Up-to-date: /home/juchunyu/dog_ws/install/ego_planner/include/ego_planner/ego_planner/msg
[0.405s] -- Up-to-date: /home/juchunyu/dog_ws/install/ego_planner/include/ego_planner/ego_planner/msg/current_pose.h
[0.405s] -- Up-to-date: /home/juchunyu/dog_ws/install/ego_planner/include/ego_planner/ego_planner/msg/detail
[0.405s] -- Up-to-date: /home/juchunyu/dog_ws/install/ego_planner/include/ego_planner/ego_planner/msg/detail/current_pose__type_support.c
[0.406s] -- Up-to-date: /home/juchunyu/dog_ws/install/ego_planner/include/ego_planner/ego_planner/msg/detail/current_pose__description.c
[0.406s] -- Up-to-date: /home/juchunyu/dog_ws/install/ego_planner/include/ego_planner/ego_planner/msg/detail/current_pose__struct.h
[0.406s] -- Up-to-date: /home/juchunyu/dog_ws/install/ego_planner/include/ego_planner/ego_planner/msg/detail/current_pose__functions.c
[0.406s] -- Up-to-date: /home/juchunyu/dog_ws/install/ego_planner/include/ego_planner/ego_planner/msg/detail/current_pose__type_support.h
[0.406s] -- Up-to-date: /home/juchunyu/dog_ws/install/ego_planner/include/ego_planner/ego_planner/msg/detail/current_pose__functions.h
[0.406s] -- Up-to-date: /home/juchunyu/dog_ws/install/ego_planner/include/ego_planner/ego_planner/msg/rosidl_generator_c__visibility_control.h
[0.407s] -- Up-to-date: /home/juchunyu/dog_ws/install/ego_planner/share/ego_planner/environment/library_path.sh
[0.407s] -- Up-to-date: /home/juchunyu/dog_ws/install/ego_planner/share/ego_planner/environment/library_path.dsv
[0.407s] -- Up-to-date: /home/juchunyu/dog_ws/install/ego_planner/lib/libego_planner__rosidl_generator_c.so
[0.407s] -- Up-to-date: /home/juchunyu/dog_ws/install/ego_planner/include/ego_planner/ego_planner
[0.407s] -- Up-to-date: /home/juchunyu/dog_ws/install/ego_planner/include/ego_planner/ego_planner/msg
[0.407s] -- Up-to-date: /home/juchunyu/dog_ws/install/ego_planner/include/ego_planner/ego_planner/msg/rosidl_typesupport_fastrtps_c__visibility_control.h
[0.408s] -- Up-to-date: /home/juchunyu/dog_ws/install/ego_planner/include/ego_planner/ego_planner/msg/detail
[0.408s] -- Up-to-date: /home/juchunyu/dog_ws/install/ego_planner/include/ego_planner/ego_planner/msg/detail/current_pose__rosidl_typesupport_fastrtps_c.h
[0.408s] -- Up-to-date: /home/juchunyu/dog_ws/install/ego_planner/lib/libego_planner__rosidl_typesupport_fastrtps_c.so
[0.408s] -- Up-to-date: /home/juchunyu/dog_ws/install/ego_planner/include/ego_planner/ego_planner
[0.408s] -- Up-to-date: /home/juchunyu/dog_ws/install/ego_planner/include/ego_planner/ego_planner/msg
[0.408s] -- Up-to-date: /home/juchunyu/dog_ws/install/ego_planner/include/ego_planner/ego_planner/msg/rosidl_generator_cpp__visibility_control.hpp
[0.408s] -- Up-to-date: /home/juchunyu/dog_ws/install/ego_planner/include/ego_planner/ego_planner/msg/detail
[0.409s] -- Up-to-date: /home/juchunyu/dog_ws/install/ego_planner/include/ego_planner/ego_planner/msg/detail/current_pose__type_support.hpp
[0.409s] -- Up-to-date: /home/juchunyu/dog_ws/install/ego_planner/include/ego_planner/ego_planner/msg/detail/current_pose__traits.hpp
[0.409s] -- Up-to-date: /home/juchunyu/dog_ws/install/ego_planner/include/ego_planner/ego_planner/msg/detail/current_pose__struct.hpp
[0.409s] -- Up-to-date: /home/juchunyu/dog_ws/install/ego_planner/include/ego_planner/ego_planner/msg/detail/current_pose__builder.hpp
[0.409s] -- Up-to-date: /home/juchunyu/dog_ws/install/ego_planner/include/ego_planner/ego_planner/msg/current_pose.hpp
[0.409s] -- Up-to-date: /home/juchunyu/dog_ws/install/ego_planner/include/ego_planner/ego_planner
[0.409s] -- Up-to-date: /home/juchunyu/dog_ws/install/ego_planner/include/ego_planner/ego_planner/msg
[0.409s] -- Up-to-date: /home/juchunyu/dog_ws/install/ego_planner/include/ego_planner/ego_planner/msg/detail
[0.410s] -- Up-to-date: /home/juchunyu/dog_ws/install/ego_planner/include/ego_planner/ego_planner/msg/detail/current_pose__rosidl_typesupport_fastrtps_cpp.hpp
[0.410s] -- Up-to-date: /home/juchunyu/dog_ws/install/ego_planner/include/ego_planner/ego_planner/msg/detail/dds_fastrtps
[0.410s] -- Up-to-date: /home/juchunyu/dog_ws/install/ego_planner/include/ego_planner/ego_planner/msg/rosidl_typesupport_fastrtps_cpp__visibility_control.h
[0.410s] -- Up-to-date: /home/juchunyu/dog_ws/install/ego_planner/lib/libego_planner__rosidl_typesupport_fastrtps_cpp.so
[0.410s] -- Up-to-date: /home/juchunyu/dog_ws/install/ego_planner/include/ego_planner/ego_planner
[0.410s] -- Up-to-date: /home/juchunyu/dog_ws/install/ego_planner/include/ego_planner/ego_planner/msg
[0.410s] -- Up-to-date: /home/juchunyu/dog_ws/install/ego_planner/include/ego_planner/ego_planner/msg/detail
[0.411s] -- Up-to-date: /home/juchunyu/dog_ws/install/ego_planner/include/ego_planner/ego_planner/msg/detail/current_pose__type_support.c
[0.411s] -- Up-to-date: /home/juchunyu/dog_ws/install/ego_planner/include/ego_planner/ego_planner/msg/detail/current_pose__rosidl_typesupport_introspection_c.h
[0.411s] -- Up-to-date: /home/juchunyu/dog_ws/install/ego_planner/include/ego_planner/ego_planner/msg/rosidl_typesupport_introspection_c__visibility_control.h
[0.411s] -- Up-to-date: /home/juchunyu/dog_ws/install/ego_planner/lib/libego_planner__rosidl_typesupport_introspection_c.so
[0.411s] -- Up-to-date: /home/juchunyu/dog_ws/install/ego_planner/lib/libego_planner__rosidl_typesupport_c.so
[0.411s] -- Up-to-date: /home/juchunyu/dog_ws/install/ego_planner/include/ego_planner/ego_planner
[0.411s] -- Up-to-date: /home/juchunyu/dog_ws/install/ego_planner/include/ego_planner/ego_planner/msg
[0.411s] -- Up-to-date: /home/juchunyu/dog_ws/install/ego_planner/include/ego_planner/ego_planner/msg/detail
[0.412s] -- Up-to-date: /home/juchunyu/dog_ws/install/ego_planner/include/ego_planner/ego_planner/msg/detail/current_pose__rosidl_typesupport_introspection_cpp.hpp
[0.412s] -- Up-to-date: /home/juchunyu/dog_ws/install/ego_planner/include/ego_planner/ego_planner/msg/detail/current_pose__type_support.cpp
[0.412s] -- Up-to-date: /home/juchunyu/dog_ws/install/ego_planner/lib/libego_planner__rosidl_typesupport_introspection_cpp.so
[0.412s] -- Up-to-date: /home/juchunyu/dog_ws/install/ego_planner/lib/libego_planner__rosidl_typesupport_cpp.so
[0.412s] -- Up-to-date: /home/juchunyu/dog_ws/install/ego_planner/share/ego_planner/environment/pythonpath.sh
[0.412s] -- Up-to-date: /home/juchunyu/dog_ws/install/ego_planner/share/ego_planner/environment/pythonpath.dsv
[0.412s] -- Up-to-date: /home/juchunyu/dog_ws/install/ego_planner/lib/python3.12/site-packages/ego_planner-0.0.0-py3.12.egg-info
[0.412s] -- Installing: /home/juchunyu/dog_ws/install/ego_planner/lib/python3.12/site-packages/ego_planner-0.0.0-py3.12.egg-info/dependency_links.txt
[0.412s] -- Installing: /home/juchunyu/dog_ws/install/ego_planner/lib/python3.12/site-packages/ego_planner-0.0.0-py3.12.egg-info/SOURCES.txt
[0.413s] -- Installing: /home/juchunyu/dog_ws/install/ego_planner/lib/python3.12/site-packages/ego_planner-0.0.0-py3.12.egg-info/top_level.txt
[0.413s] -- Installing: /home/juchunyu/dog_ws/install/ego_planner/lib/python3.12/site-packages/ego_planner-0.0.0-py3.12.egg-info/PKG-INFO
[0.413s] -- Up-to-date: /home/juchunyu/dog_ws/install/ego_planner/lib/python3.12/site-packages/ego_planner
[0.413s] -- Up-to-date: /home/juchunyu/dog_ws/install/ego_planner/lib/python3.12/site-packages/ego_planner/ego_planner_s__rosidl_typesupport_introspection_c.so
[0.413s] -- Up-to-date: /home/juchunyu/dog_ws/install/ego_planner/lib/python3.12/site-packages/ego_planner/_ego_planner_s.ep.rosidl_typesupport_c.c
[0.413s] -- Up-to-date: /home/juchunyu/dog_ws/install/ego_planner/lib/python3.12/site-packages/ego_planner/ego_planner_s__rosidl_typesupport_c.so
[0.413s] -- Up-to-date: /home/juchunyu/dog_ws/install/ego_planner/lib/python3.12/site-packages/ego_planner/__init__.py
[0.413s] -- Up-to-date: /home/juchunyu/dog_ws/install/ego_planner/lib/python3.12/site-packages/ego_planner/_ego_planner_s.ep.rosidl_typesupport_introspection_c.c
[0.414s] -- Up-to-date: /home/juchunyu/dog_ws/install/ego_planner/lib/python3.12/site-packages/ego_planner/ego_planner_s__rosidl_typesupport_fastrtps_c.so
[0.414s] -- Up-to-date: /home/juchunyu/dog_ws/install/ego_planner/lib/python3.12/site-packages/ego_planner/msg
[0.414s] -- Up-to-date: /home/juchunyu/dog_ws/install/ego_planner/lib/python3.12/site-packages/ego_planner/msg/__init__.py
[0.414s] -- Up-to-date: /home/juchunyu/dog_ws/install/ego_planner/lib/python3.12/site-packages/ego_planner/msg/_current_pose.py
[0.414s] -- Up-to-date: /home/juchunyu/dog_ws/install/ego_planner/lib/python3.12/site-packages/ego_planner/msg/_current_pose_s.c
[0.414s] -- Up-to-date: /home/juchunyu/dog_ws/install/ego_planner/lib/python3.12/site-packages/ego_planner/_ego_planner_s.ep.rosidl_typesupport_fastrtps_c.c
[0.441s] Listing '/home/juchunyu/dog_ws/install/ego_planner/lib/python3.12/site-packages/ego_planner'...
[0.442s] Listing '/home/juchunyu/dog_ws/install/ego_planner/lib/python3.12/site-packages/ego_planner/msg'...
[0.446s] -- Up-to-date: /home/juchunyu/dog_ws/install/ego_planner/lib/python3.12/site-packages/ego_planner/ego_planner_s__rosidl_typesupport_fastrtps_c.so
[0.446s] -- Up-to-date: /home/juchunyu/dog_ws/install/ego_planner/lib/python3.12/site-packages/ego_planner/ego_planner_s__rosidl_typesupport_introspection_c.so
[0.446s] -- Up-to-date: /home/juchunyu/dog_ws/install/ego_planner/lib/python3.12/site-packages/ego_planner/ego_planner_s__rosidl_typesupport_c.so
[0.447s] -- Up-to-date: /home/juchunyu/dog_ws/install/ego_planner/lib/libego_planner__rosidl_generator_py.so
[0.447s] -- Up-to-date: /home/juchunyu/dog_ws/install/ego_planner/share/ego_planner/msg/CurrentPose.idl
[0.447s] -- Up-to-date: /home/juchunyu/dog_ws/install/ego_planner/share/ego_planner/msg/CurrentPose.msg
[0.447s] -- Up-to-date: /home/juchunyu/dog_ws/install/ego_planner/lib/ego_planner/motion_plan
[0.448s] -- Up-to-date: /home/juchunyu/dog_ws/install/ego_planner/share/ament_index/resource_index/package_run_dependencies/ego_planner
[0.448s] -- Up-to-date: /home/juchunyu/dog_ws/install/ego_planner/share/ament_index/resource_index/parent_prefix_path/ego_planner
[0.448s] -- Up-to-date: /home/juchunyu/dog_ws/install/ego_planner/share/ego_planner/environment/ament_prefix_path.sh
[0.448s] -- Up-to-date: /home/juchunyu/dog_ws/install/ego_planner/share/ego_planner/environment/ament_prefix_path.dsv
[0.448s] -- Up-to-date: /home/juchunyu/dog_ws/install/ego_planner/share/ego_planner/environment/path.sh
[0.448s] -- Up-to-date: /home/juchunyu/dog_ws/install/ego_planner/share/ego_planner/environment/path.dsv
[0.449s] -- Up-to-date: /home/juchunyu/dog_ws/install/ego_planner/share/ego_planner/local_setup.bash
[0.449s] -- Up-to-date: /home/juchunyu/dog_ws/install/ego_planner/share/ego_planner/local_setup.sh
[0.449s] -- Up-to-date: /home/juchunyu/dog_ws/install/ego_planner/share/ego_planner/local_setup.zsh
[0.449s] -- Up-to-date: /home/juchunyu/dog_ws/install/ego_planner/share/ego_planner/local_setup.dsv
[0.449s] -- Installing: /home/juchunyu/dog_ws/install/ego_planner/share/ego_planner/package.dsv
[0.449s] -- Up-to-date: /home/juchunyu/dog_ws/install/ego_planner/share/ament_index/resource_index/packages/ego_planner
[0.449s] -- Up-to-date: /home/juchunyu/dog_ws/install/ego_planner/share/ego_planner/cmake/export_ego_planner__rosidl_generator_cExport.cmake
[0.450s] -- Up-to-date: /home/juchunyu/dog_ws/install/ego_planner/share/ego_planner/cmake/export_ego_planner__rosidl_generator_cExport-release.cmake
[0.450s] -- Up-to-date: /home/juchunyu/dog_ws/install/ego_planner/share/ego_planner/cmake/export_ego_planner__rosidl_typesupport_fastrtps_cExport.cmake
[0.450s] -- Up-to-date: /home/juchunyu/dog_ws/install/ego_planner/share/ego_planner/cmake/export_ego_planner__rosidl_typesupport_fastrtps_cExport-release.cmake
[0.450s] -- Up-to-date: /home/juchunyu/dog_ws/install/ego_planner/share/ego_planner/cmake/export_ego_planner__rosidl_generator_cppExport.cmake
[0.450s] -- Up-to-date: /home/juchunyu/dog_ws/install/ego_planner/share/ego_planner/cmake/export_ego_planner__rosidl_typesupport_fastrtps_cppExport.cmake
[0.450s] -- Up-to-date: /home/juchunyu/dog_ws/install/ego_planner/share/ego_planner/cmake/export_ego_planner__rosidl_typesupport_fastrtps_cppExport-release.cmake
[0.450s] -- Up-to-date: /home/juchunyu/dog_ws/install/ego_planner/share/ego_planner/cmake/ego_planner__rosidl_typesupport_introspection_cExport.cmake
[0.451s] -- Up-to-date: /home/juchunyu/dog_ws/install/ego_planner/share/ego_planner/cmake/ego_planner__rosidl_typesupport_introspection_cExport-release.cmake
[0.451s] -- Up-to-date: /home/juchunyu/dog_ws/install/ego_planner/share/ego_planner/cmake/ego_planner__rosidl_typesupport_cExport.cmake
[0.451s] -- Up-to-date: /home/juchunyu/dog_ws/install/ego_planner/share/ego_planner/cmake/ego_planner__rosidl_typesupport_cExport-release.cmake
[0.451s] -- Up-to-date: /home/juchunyu/dog_ws/install/ego_planner/share/ego_planner/cmake/ego_planner__rosidl_typesupport_introspection_cppExport.cmake
[0.451s] -- Up-to-date: /home/juchunyu/dog_ws/install/ego_planner/share/ego_planner/cmake/ego_planner__rosidl_typesupport_introspection_cppExport-release.cmake
[0.451s] -- Up-to-date: /home/juchunyu/dog_ws/install/ego_planner/share/ego_planner/cmake/ego_planner__rosidl_typesupport_cppExport.cmake
[0.451s] -- Up-to-date: /home/juchunyu/dog_ws/install/ego_planner/share/ego_planner/cmake/ego_planner__rosidl_typesupport_cppExport-release.cmake
[0.451s] -- Up-to-date: /home/juchunyu/dog_ws/install/ego_planner/share/ego_planner/cmake/export_ego_planner__rosidl_generator_pyExport.cmake
[0.451s] -- Up-to-date: /home/juchunyu/dog_ws/install/ego_planner/share/ego_planner/cmake/export_ego_planner__rosidl_generator_pyExport-release.cmake
[0.452s] -- Up-to-date: /home/juchunyu/dog_ws/install/ego_planner/share/ego_planner/cmake/rosidl_cmake-extras.cmake
[0.452s] -- Up-to-date: /home/juchunyu/dog_ws/install/ego_planner/share/ego_planner/cmake/ament_cmake_export_dependencies-extras.cmake
[0.452s] -- Up-to-date: /home/juchunyu/dog_ws/install/ego_planner/share/ego_planner/cmake/ament_cmake_export_include_directories-extras.cmake
[0.452s] -- Up-to-date: /home/juchunyu/dog_ws/install/ego_planner/share/ego_planner/cmake/ament_cmake_export_libraries-extras.cmake
[0.453s] -- Up-to-date: /home/juchunyu/dog_ws/install/ego_planner/share/ego_planner/cmake/ament_cmake_export_targets-extras.cmake
[0.453s] -- Up-to-date: /home/juchunyu/dog_ws/install/ego_planner/share/ego_planner/cmake/rosidl_cmake_export_typesupport_targets-extras.cmake
[0.453s] -- Up-to-date: /home/juchunyu/dog_ws/install/ego_planner/share/ego_planner/cmake/rosidl_cmake_export_typesupport_libraries-extras.cmake
[0.453s] -- Up-to-date: /home/juchunyu/dog_ws/install/ego_planner/share/ego_planner/cmake/ego_plannerConfig.cmake
[0.453s] -- Up-to-date: /home/juchunyu/dog_ws/install/ego_planner/share/ego_planner/cmake/ego_plannerConfig-version.cmake
[0.453s] -- Up-to-date: /home/juchunyu/dog_ws/install/ego_planner/share/ego_planner/package.xml
[0.454s] Invoked command in '/home/juchunyu/dog_ws/build/ego_planner' returned '0': CMAKE_PREFIX_PATH=${CMAKE_PREFIX_PATH}:/opt/ros/jazzy DEBUGINFOD_URLS=https://debuginfod.ubuntu.com /usr/bin/cmake --install /home/juchunyu/dog_ws/build/ego_planner
