[0.014s] Invoking command in '/home/juchunyu/dog_ws/build/dog_control': CMAKE_PREFIX_PATH=${CMAKE_PREFIX_PATH}:/opt/ros/jazzy DEBUGINFOD_URLS=https://debuginfod.ubuntu.com /usr/bin/cmake --build /home/juchunyu/dog_ws/build/dog_control -- -j16 -l16
[0.135s] [ 25%] [32mBuilding CXX object CMakeFiles/dog_keyboard_node.dir/src/dog_keyboard_node.cpp.o[0m
[0.143s] [ 75%] Built target dog_driver_node
[3.805s] [100%] [32m[1mLinking CXX executable dog_keyboard_node[0m
[3.994s] [100%] Built target dog_keyboard_node
[4.007s] Invoked command in '/home/juchunyu/dog_ws/build/dog_control' returned '0': CMAKE_PREFIX_PATH=${CMAKE_PREFIX_PATH}:/opt/ros/jazzy DEBUGINFOD_URLS=https://debuginfod.ubuntu.com /usr/bin/cmake --build /home/juchunyu/dog_ws/build/dog_control -- -j16 -l16
[4.019s] Invoking command in '/home/juchunyu/dog_ws/build/dog_control': CMAKE_PREFIX_PATH=${CMAKE_PREFIX_PATH}:/opt/ros/jazzy DEBUGINFOD_URLS=https://debuginfod.ubuntu.com /usr/bin/cmake --install /home/juchunyu/dog_ws/build/dog_control
[4.030s] -- Install configuration: ""
[4.031s] -- Up-to-date: /home/juchunyu/dog_ws/install/dog_control/lib/dog_control/dog_driver_node
[4.032s] -- Installing: /home/juchunyu/dog_ws/install/dog_control/lib/dog_control/dog_keyboard_node
[4.035s] -- Set non-toolchain portion of runtime path of "/home/juchunyu/dog_ws/install/dog_control/lib/dog_control/dog_keyboard_node" to ""
[4.035s] -- Up-to-date: /home/juchunyu/dog_ws/install/dog_control/share/dog_control/lib
[4.035s] -- Up-to-date: /home/juchunyu/dog_ws/install/dog_control/share/dog_control/lib/x86_64
[4.035s] -- Up-to-date: /home/juchunyu/dog_ws/install/dog_control/share/dog_control/lib/x86_64/mc_sdk_zsl_1_py.cpython-310-x86_64-linux-gnu.so
[4.035s] -- Up-to-date: /home/juchunyu/dog_ws/install/dog_control/share/dog_control/lib/x86_64/libmc_sdk_zsl_1_x86_64.so
[4.035s] -- Up-to-date: /home/juchunyu/dog_ws/install/dog_control/share/dog_control/lib/aarch64
[4.036s] -- Up-to-date: /home/juchunyu/dog_ws/install/dog_control/share/dog_control/lib/aarch64/libmc_sdk_zsl_1_aarch64.so
[4.036s] -- Up-to-date: /home/juchunyu/dog_ws/install/dog_control/share/dog_control/lib/aarch64/mc_sdk_zsl_1_py.cpython-310-aarch64-linux-gnu.so
[4.036s] -- Up-to-date: /home/juchunyu/dog_ws/install/dog_control/share/ament_index/resource_index/package_run_dependencies/dog_control
[4.036s] -- Up-to-date: /home/juchunyu/dog_ws/install/dog_control/share/ament_index/resource_index/parent_prefix_path/dog_control
[4.036s] -- Up-to-date: /home/juchunyu/dog_ws/install/dog_control/share/dog_control/environment/ament_prefix_path.sh
[4.036s] -- Up-to-date: /home/juchunyu/dog_ws/install/dog_control/share/dog_control/environment/ament_prefix_path.dsv
[4.036s] -- Up-to-date: /home/juchunyu/dog_ws/install/dog_control/share/dog_control/environment/path.sh
[4.037s] -- Up-to-date: /home/juchunyu/dog_ws/install/dog_control/share/dog_control/environment/path.dsv
[4.037s] -- Up-to-date: /home/juchunyu/dog_ws/install/dog_control/share/dog_control/local_setup.bash
[4.037s] -- Up-to-date: /home/juchunyu/dog_ws/install/dog_control/share/dog_control/local_setup.sh
[4.037s] -- Up-to-date: /home/juchunyu/dog_ws/install/dog_control/share/dog_control/local_setup.zsh
[4.037s] -- Up-to-date: /home/juchunyu/dog_ws/install/dog_control/share/dog_control/local_setup.dsv
[4.037s] -- Installing: /home/juchunyu/dog_ws/install/dog_control/share/dog_control/package.dsv
[4.038s] -- Up-to-date: /home/juchunyu/dog_ws/install/dog_control/share/ament_index/resource_index/packages/dog_control
[4.038s] -- Up-to-date: /home/juchunyu/dog_ws/install/dog_control/share/dog_control/cmake/dog_controlConfig.cmake
[4.038s] -- Up-to-date: /home/juchunyu/dog_ws/install/dog_control/share/dog_control/cmake/dog_controlConfig-version.cmake
[4.039s] -- Up-to-date: /home/juchunyu/dog_ws/install/dog_control/share/dog_control/package.xml
[4.039s] Invoked command in '/home/juchunyu/dog_ws/build/dog_control' returned '0': CMAKE_PREFIX_PATH=${CMAKE_PREFIX_PATH}:/opt/ros/jazzy DEBUGINFOD_URLS=https://debuginfod.ubuntu.com /usr/bin/cmake --install /home/juchunyu/dog_ws/build/dog_control
